Getting compiler identification output with: c:\program files\dev-cpp\bin\gcc.exe --version C:\Users\rsures8x\AppData\Local\Temp\cov-rsures8x\1401f10a89ad7234beb8d0dba6b0e1bf\cov-rsures8x\8e2e602669621d4d119d18208dcfdeaf\test.c
**** BEGIN FILE source file: C:/Users/rsures8x/AppData/Local/Temp/cov-rsures8x/1401f10a89ad7234beb8d0dba6b0e1bf/cov-rsures8x/8e2e602669621d4d119d18208dcfdeaf/test.c
int main() {} 

**** END source file ***
pipe_command: c:\program files\dev-cpp\bin\gcc.exe --version C:\Users\rsures8x\AppData\Local\Temp\cov-rsures8x\1401f10a89ad7234beb8d0dba6b0e1bf\cov-rsures8x\8e2e602669621d4d119d18208dcfdeaf\test.c 
pipe_commands starting: c:\program files\dev-cpp\bin\gcc.exe --version C:\Users\rsures8x\AppData\Local\Temp\cov-rsures8x\1401f10a89ad7234beb8d0dba6b0e1bf\cov-rsures8x\8e2e602669621d4d119d18208dcfdeaf\test.c 
**** BEGIN FILE output: C:/Users/rsures8x/AppData/Local/Temp/cov-rsures8x/1401f10a89ad7234beb8d0dba6b0e1bf/cov-rsures8x/8e2e602669621d4d119d18208dcfdeaf/test.output
gcc.exe (GCC) 3.4.2 (mingw-special)
Copyright (C) 2004 Free Software Foundation, Inc.
This is free software; see the source for copying conditions.  There is NO
warranty; not even for MERCHANTABILITY or FITNESS FOR A PARTICULAR PURPOSE.


**** END FILE output ***
**** BEGIN FILE error: 

**** END FILE error ***
**** Compiler identification output begin ****
gcc.exe (GCC) 3.4.2 (mingw-special)
Copyright (C) 2004 Free Software Foundation, Inc.
This is free software; see the source for copying conditions.  There is NO
warranty; not even for MERCHANTABILITY or FITNESS FOR A PARTICULAR PURPOSE.


**** Compiler identification output end ****
**** BEGIN PROBE run_test_sanity ****
[STATUS] gcc-config-1: Running sanity tests on native compiler
**** BEGIN FILE source file: C:/Users/rsures8x/AppData/Local/Temp/cov-rsures8x/1401f10a89ad7234beb8d0dba6b0e1bf/cov-rsures8x/8e2e602669621d4d119d18208dcfdeaf/simple.c
int x;

**** END FILE source file ***
pipe_command: c:\program files\dev-cpp\bin\gcc.exe -c C:\Users\rsures8x\AppData\Local\Temp\cov-rsures8x\1401f10a89ad7234beb8d0dba6b0e1bf\cov-rsures8x\8e2e602669621d4d119d18208dcfdeaf\simple.c 
pipe_commands starting: c:\program files\dev-cpp\bin\gcc.exe -c C:\Users\rsures8x\AppData\Local\Temp\cov-rsures8x\1401f10a89ad7234beb8d0dba6b0e1bf\cov-rsures8x\8e2e602669621d4d119d18208dcfdeaf\simple.c 
**** BEGIN FILE stdout: 

**** END FILE stdout ***
**** BEGIN FILE stderr: 

**** END FILE stderr ***
Test succeded
**** BEGIN FILE source file: C:/Users/rsures8x/AppData/Local/Temp/cov-rsures8x/1401f10a89ad7234beb8d0dba6b0e1bf/cov-rsures8x/8e2e602669621d4d119d18208dcfdeaf/does_not_compile.c
#x
int a b c d;

**** END FILE source file ***
pipe_command: c:\program files\dev-cpp\bin\gcc.exe -c C:\Users\rsures8x\AppData\Local\Temp\cov-rsures8x\1401f10a89ad7234beb8d0dba6b0e1bf\cov-rsures8x\8e2e602669621d4d119d18208dcfdeaf\does_not_compile.c 
pipe_commands starting: c:\program files\dev-cpp\bin\gcc.exe -c C:\Users\rsures8x\AppData\Local\Temp\cov-rsures8x\1401f10a89ad7234beb8d0dba6b0e1bf\cov-rsures8x\8e2e602669621d4d119d18208dcfdeaf\does_not_compile.c 
**** BEGIN FILE stdout: 

**** END FILE stdout ***
**** BEGIN FILE stderr: 
C:\Users\rsures8x\AppData\Local\Temp\cov-rsures8x\1401f10a89ad7234beb8d0dba6b0e1bf\cov-rsures8x\8e2e602669621d4d119d18208dcfdeaf\does_not_compile.c:1:2: invalid preprocessing directive #x
C:\Users\rsures8x\AppData\Local\Temp\cov-rsures8x\1401f10a89ad7234beb8d0dba6b0e1bf\cov-rsures8x\8e2e602669621d4d119d18208dcfdeaf\does_not_compile.c:2: error: syntax error before "b"
C:\Users\rsures8x\AppData\Local\Temp\cov-rsures8x\1401f10a89ad7234beb8d0dba6b0e1bf\cov-rsures8x\8e2e602669621d4d119d18208dcfdeaf\does_not_compile.c:2: warning: data definition has no type or storage class

**** END FILE stderr ***
Test failed
**** BEGIN FILE source file: C:/Users/rsures8x/AppData/Local/Temp/cov-rsures8x/1401f10a89ad7234beb8d0dba6b0e1bf/cov-rsures8x/8e2e602669621d4d119d18208dcfdeaf/stddef.c
#include <stddef.h>
struct mystruct {
  int field1;
  int field2;
} var;
size_t sz = sizeof(struct mystruct);
ptrdiff_t pd;
void func() {
  pd = &var.field1 - &var.field2;
}


**** END FILE source file ***
pipe_command: c:\program files\dev-cpp\bin\gcc.exe -c C:\Users\rsures8x\AppData\Local\Temp\cov-rsures8x\1401f10a89ad7234beb8d0dba6b0e1bf\cov-rsures8x\8e2e602669621d4d119d18208dcfdeaf\stddef.c 
pipe_commands starting: c:\program files\dev-cpp\bin\gcc.exe -c C:\Users\rsures8x\AppData\Local\Temp\cov-rsures8x\1401f10a89ad7234beb8d0dba6b0e1bf\cov-rsures8x\8e2e602669621d4d119d18208dcfdeaf\stddef.c 
**** BEGIN FILE stdout: 

**** END FILE stdout ***
**** BEGIN FILE stderr: 

**** END FILE stderr ***
Test succeded
**** END PROBE run_test_sanity ****
**** BEGIN PROBE get_version_switch_output ****
Version switch: -E -v
**** BEGIN FILE source file: C:/Users/rsures8x/AppData/Local/Temp/cov-rsures8x/1401f10a89ad7234beb8d0dba6b0e1bf/cov-rsures8x/8e2e602669621d4d119d18208dcfdeaf/test.c
int main() {} 

**** END source file ***
pipe_command: c:\program files\dev-cpp\bin\gcc.exe -E -v C:\Users\rsures8x\AppData\Local\Temp\cov-rsures8x\1401f10a89ad7234beb8d0dba6b0e1bf\cov-rsures8x\8e2e602669621d4d119d18208dcfdeaf\test.c 
pipe_commands starting: c:\program files\dev-cpp\bin\gcc.exe -E -v C:\Users\rsures8x\AppData\Local\Temp\cov-rsures8x\1401f10a89ad7234beb8d0dba6b0e1bf\cov-rsures8x\8e2e602669621d4d119d18208dcfdeaf\test.c 
**** BEGIN FILE output: C:/Users/rsures8x/AppData/Local/Temp/cov-rsures8x/1401f10a89ad7234beb8d0dba6b0e1bf/cov-rsures8x/8e2e602669621d4d119d18208dcfdeaf/version_output
# 1 "C:\\Users\\rsures8x\\AppData\\Local\\Temp\\cov-rsures8x\\1401f10a89ad7234beb8d0dba6b0e1bf\\cov-rsures8x\\8e2e602669621d4d119d18208dcfdeaf\\test.c"
# 1 "<built-in>"
# 1 "<command line>"
# 1 "C:\\Users\\rsures8x\\AppData\\Local\\Temp\\cov-rsures8x\\1401f10a89ad7234beb8d0dba6b0e1bf\\cov-rsures8x\\8e2e602669621d4d119d18208dcfdeaf\\test.c"
int main() {}

**** END FILE output ***
**** BEGIN FILE error: 
Reading specs from c:/program files/dev-cpp/bin/../lib/gcc/mingw32/3.4.2/specs
Configured with: ../gcc/configure --with-gcc --with-gnu-ld --with-gnu-as --host=mingw32 --target=mingw32 --prefix=/mingw --enable-threads --disable-nls --enable-languages=c,c++,f77,ada,objc,java --disable-win32-registry --disable-shared --enable-sjlj-exceptions --enable-libgcj --disable-java-awt --without-x --enable-java-gc=boehm --disable-libgcj-debug --enable-interpreter --enable-hash-synchronization --enable-libstdcxx-debug
Thread model: win32
gcc version 3.4.2 (mingw-special)
 c:/program files/dev-cpp/bin/../libexec/gcc/mingw32/3.4.2/cc1.exe -E -quiet -v -iprefix c:\program files\dev-cpp\bin\../lib/gcc/mingw32/3.4.2/ C:\Users\rsures8x\AppData\Local\Temp\cov-rsures8x\1401f10a89ad7234beb8d0dba6b0e1bf\cov-rsures8x\8e2e602669621d4d119d18208dcfdeaf\test.c
ignoring nonexistent directory "c:/program files/dev-cpp/bin/../lib/gcc/mingw32/3.4.2/../../../../mingw32/include"
ignoring nonexistent directory "/mingw/include"
ignoring nonexistent directory "/mingw/include"
ignoring nonexistent directory "/mingw/lib/gcc/mingw32/3.4.2/include"
ignoring nonexistent directory "/mingw/mingw32/include"
ignoring nonexistent directory "/mingw/include"
#include "..." search starts here:
#include <...> search starts here:
 c:/program files/dev-cpp/bin/../lib/gcc/mingw32/3.4.2/../../../../include
 c:/program files/dev-cpp/bin/../lib/gcc/mingw32/3.4.2/include
End of search list.

**** END FILE error ***
**** END PROBE get_version_switch_output ****
Version string before regex:  # 1 "C:\\Users\\rsures8x\\AppData\\Local\\Temp\\cov-rsures8x\\1401f10a89ad7234beb8d0dba6b0e1bf\\cov-rsures8x\\8e2e602669621d4d119d18208dcfdeaf\\test.c" # 1 "<built-in>" # 1 "<command line>" # 1 "C:\\Users\\rsures8x\\AppData\\Local\\Temp\\cov-rsures8x\\1401f10a89ad7234beb8d0dba6b0e1bf\\cov-rsures8x\\8e2e602669621d4d119d18208dcfdeaf\\test.c" int main() {} Reading specs from c:/program files/dev-cpp/bin/../lib/gcc/mingw32/3.4.2/specs Configured with: ../gcc/configure --with-gcc --with-gnu-ld --with-gnu-as --host=mingw32 --target=mingw32 --prefix=/mingw --enable-threads --disable-nls --enable-languages=c,c++,f77,ada,objc,java --disable-win32-registry --disable-shared --enable-sjlj-exceptions --enable-libgcj --disable-java-awt --without-x --enable-java-gc=boehm --disable-libgcj-debug --enable-interpreter --enable-hash-synchronization --enable-libstdcxx-debug Thread model: win32 gcc version 3.4.2 (mingw-special)  c:/program files/dev-cpp/bin/../libexec/gcc/mingw32/3.4.2/cc1.exe -E -quiet -v -iprefix c:\program files\dev-cpp\bin\../lib/gcc/mingw32/3.4.2/ C:\Users\rsures8x\AppData\Local\Temp\cov-rsures8x\1401f10a89ad7234beb8d0dba6b0e1bf\cov-rsures8x\8e2e602669621d4d119d18208dcfdeaf\test.c ignoring nonexistent directory "c:/program files/dev-cpp/bin/../lib/gcc/mingw32/3.4.2/../../../../mingw32/include" ignoring nonexistent directory "/mingw/include" ignoring nonexistent directory "/mingw/include" ignoring nonexistent directory "/mingw/lib/gcc/mingw32/3.4.2/include" ignoring nonexistent directory "/mingw/mingw32/include" ignoring nonexistent directory "/mingw/include" #include "..." search starts here: #include <...> search starts here:  c:/program files/dev-cpp/bin/../lib/gcc/mingw32/3.4.2/../../../../include  c:/program files/dev-cpp/bin/../lib/gcc/mingw32/3.4.2/include End of search list.
Attempting to match the following regex:  .*g[c+][c+] version 2\.9.* \(2.96.*\).*
Attempting to match the following regex:  .*g[c+][c+][^\s]* [^\s]+ (\d+\.\d+(\.\d+)?) \(.*\).*
Match found. Version string after regex:  3.4.2
Attempting to match the following regex:  .*g[c+][c+][^\s]* \([^)]*\) (\d+\.\d+(\.\d+)?).*
Attempting to match the following regex:  .*(?:cc|\+\+)(?:-[^\h]+)?(?:\.exe)?\h+(?:.*?\h+)?(\d+\.\d+(\.\d+)?).*
Attempting to match the following regex:  .*[^0-9.](\d+\.\d+\.\d+).*
Compiler version found: 3.4.2
**** BEGIN PROBE run_type_size_and_alignment_tests ****
**** BEGIN PROBE probe_helpful_compiler_info ****
**** BEGIN FILE source file: C:/Users/rsures8x/AppData/Local/Temp/cov-rsures8x/1401f10a89ad7234beb8d0dba6b0e1bf/cov-rsures8x/8e2e602669621d4d119d18208dcfdeaf/sloppy_assign.c
int *i; unsigned long *c; void foo() { c = i; }

**** END FILE source file ***
pipe_command: c:\program files\dev-cpp\bin\gcc.exe -c C:\Users\rsures8x\AppData\Local\Temp\cov-rsures8x\1401f10a89ad7234beb8d0dba6b0e1bf\cov-rsures8x\8e2e602669621d4d119d18208dcfdeaf\sloppy_assign.c 
pipe_commands starting: c:\program files\dev-cpp\bin\gcc.exe -c C:\Users\rsures8x\AppData\Local\Temp\cov-rsures8x\1401f10a89ad7234beb8d0dba6b0e1bf\cov-rsures8x\8e2e602669621d4d119d18208dcfdeaf\sloppy_assign.c 
**** BEGIN FILE stdout: 

**** END FILE stdout ***
**** BEGIN FILE stderr: 
C:\Users\rsures8x\AppData\Local\Temp\cov-rsures8x\1401f10a89ad7234beb8d0dba6b0e1bf\cov-rsures8x\8e2e602669621d4d119d18208dcfdeaf\sloppy_assign.c: In function `foo':
C:\Users\rsures8x\AppData\Local\Temp\cov-rsures8x\1401f10a89ad7234beb8d0dba6b0e1bf\cov-rsures8x\8e2e602669621d4d119d18208dcfdeaf\sloppy_assign.c:1: warning: assignment from incompatible pointer type

**** END FILE stderr ***
Test succeded
Native compiler allows sloppy assigns.
**** BEGIN FILE source file: C:/Users/rsures8x/AppData/Local/Temp/cov-rsures8x/1401f10a89ad7234beb8d0dba6b0e1bf/cov-rsures8x/8e2e602669621d4d119d18208dcfdeaf/sizeof_neg_array_size.c
 int x[((int)sizeof (int *)) - 13000];

**** END FILE source file ***
pipe_command: c:\program files\dev-cpp\bin\gcc.exe -c C:\Users\rsures8x\AppData\Local\Temp\cov-rsures8x\1401f10a89ad7234beb8d0dba6b0e1bf\cov-rsures8x\8e2e602669621d4d119d18208dcfdeaf\sizeof_neg_array_size.c 
pipe_commands starting: c:\program files\dev-cpp\bin\gcc.exe -c C:\Users\rsures8x\AppData\Local\Temp\cov-rsures8x\1401f10a89ad7234beb8d0dba6b0e1bf\cov-rsures8x\8e2e602669621d4d119d18208dcfdeaf\sizeof_neg_array_size.c 
**** BEGIN FILE stdout: 

**** END FILE stdout ***
**** BEGIN FILE stderr: 
C:\Users\rsures8x\AppData\Local\Temp\cov-rsures8x\1401f10a89ad7234beb8d0dba6b0e1bf\cov-rsures8x\8e2e602669621d4d119d18208dcfdeaf\sizeof_neg_array_size.c:1: error: size of array `x' is negative

**** END FILE stderr ***
Test failed
**** BEGIN FILE source file: C:/Users/rsures8x/AppData/Local/Temp/cov-rsures8x/1401f10a89ad7234beb8d0dba6b0e1bf/cov-rsures8x/8e2e602669621d4d119d18208dcfdeaf/zero_size_array.c
 int x[0];

**** END FILE source file ***
pipe_command: c:\program files\dev-cpp\bin\gcc.exe -c C:\Users\rsures8x\AppData\Local\Temp\cov-rsures8x\1401f10a89ad7234beb8d0dba6b0e1bf\cov-rsures8x\8e2e602669621d4d119d18208dcfdeaf\zero_size_array.c 
pipe_commands starting: c:\program files\dev-cpp\bin\gcc.exe -c C:\Users\rsures8x\AppData\Local\Temp\cov-rsures8x\1401f10a89ad7234beb8d0dba6b0e1bf\cov-rsures8x\8e2e602669621d4d119d18208dcfdeaf\zero_size_array.c 
**** BEGIN FILE stdout: 

**** END FILE stdout ***
**** BEGIN FILE stderr: 

**** END FILE stderr ***
Test succeded
Native compiler minimum array index is 0.
**** END PROBE probe_helpful_compiler_info ****
**** BEGIN PROBE Detecting size_t ****
Detecting size_t.
**** BEGIN FILE source file: C:/Users/rsures8x/AppData/Local/Temp/cov-rsures8x/1401f10a89ad7234beb8d0dba6b0e1bf/cov-rsures8x/8e2e602669621d4d119d18208dcfdeaf/size_t_is_valid_type.c
size_t * s;


**** END FILE source file ***
pipe_command: c:\program files\dev-cpp\bin\gcc.exe -c C:\Users\rsures8x\AppData\Local\Temp\cov-rsures8x\1401f10a89ad7234beb8d0dba6b0e1bf\cov-rsures8x\8e2e602669621d4d119d18208dcfdeaf\size_t_is_valid_type.c 
pipe_commands starting: c:\program files\dev-cpp\bin\gcc.exe -c C:\Users\rsures8x\AppData\Local\Temp\cov-rsures8x\1401f10a89ad7234beb8d0dba6b0e1bf\cov-rsures8x\8e2e602669621d4d119d18208dcfdeaf\size_t_is_valid_type.c 
**** BEGIN FILE stdout: 

**** END FILE stdout ***
**** BEGIN FILE stderr: 
C:\Users\rsures8x\AppData\Local\Temp\cov-rsures8x\1401f10a89ad7234beb8d0dba6b0e1bf\cov-rsures8x\8e2e602669621d4d119d18208dcfdeaf\size_t_is_valid_type.c:1: error: syntax error before '*' token
C:\Users\rsures8x\AppData\Local\Temp\cov-rsures8x\1401f10a89ad7234beb8d0dba6b0e1bf\cov-rsures8x\8e2e602669621d4d119d18208dcfdeaf\size_t_is_valid_type.c:1: warning: data definition has no type or storage class

**** END FILE stderr ***
Test failed
**** BEGIN FILE source file: C:/Users/rsures8x/AppData/Local/Temp/cov-rsures8x/1401f10a89ad7234beb8d0dba6b0e1bf/cov-rsures8x/8e2e602669621d4d119d18208dcfdeaf/size_t_is_valid_type2.c
#include <stddef.h>
size_t * s;


**** END FILE source file ***
pipe_command: c:\program files\dev-cpp\bin\gcc.exe -c C:\Users\rsures8x\AppData\Local\Temp\cov-rsures8x\1401f10a89ad7234beb8d0dba6b0e1bf\cov-rsures8x\8e2e602669621d4d119d18208dcfdeaf\size_t_is_valid_type2.c 
pipe_commands starting: c:\program files\dev-cpp\bin\gcc.exe -c C:\Users\rsures8x\AppData\Local\Temp\cov-rsures8x\1401f10a89ad7234beb8d0dba6b0e1bf\cov-rsures8x\8e2e602669621d4d119d18208dcfdeaf\size_t_is_valid_type2.c 
**** BEGIN FILE stdout: 

**** END FILE stdout ***
**** BEGIN FILE stderr: 

**** END FILE stderr ***
Test succeded
**** BEGIN FILE source file: C:/Users/rsures8x/AppData/Local/Temp/cov-rsures8x/1401f10a89ad7234beb8d0dba6b0e1bf/cov-rsures8x/8e2e602669621d4d119d18208dcfdeaf/size_t_sloppy_typedef.c
#include <stddef.h>
typedef void ***size_t;


**** END FILE source file ***
pipe_command: c:\program files\dev-cpp\bin\gcc.exe -c C:\Users\rsures8x\AppData\Local\Temp\cov-rsures8x\1401f10a89ad7234beb8d0dba6b0e1bf\cov-rsures8x\8e2e602669621d4d119d18208dcfdeaf\size_t_sloppy_typedef.c 
pipe_commands starting: c:\program files\dev-cpp\bin\gcc.exe -c C:\Users\rsures8x\AppData\Local\Temp\cov-rsures8x\1401f10a89ad7234beb8d0dba6b0e1bf\cov-rsures8x\8e2e602669621d4d119d18208dcfdeaf\size_t_sloppy_typedef.c 
**** BEGIN FILE stdout: 

**** END FILE stdout ***
**** BEGIN FILE stderr: 
C:\Users\rsures8x\AppData\Local\Temp\cov-rsures8x\1401f10a89ad7234beb8d0dba6b0e1bf\cov-rsures8x\8e2e602669621d4d119d18208dcfdeaf\size_t_sloppy_typedef.c:2: error: conflicting types for 'size_t'
c:/program files/dev-cpp/bin/../lib/gcc/mingw32/3.4.2/include/stddef.h:213: error: previous declaration of 'size_t' was here

**** END FILE stderr ***
Test failed
**** BEGIN FILE source file: C:/Users/rsures8x/AppData/Local/Temp/cov-rsures8x/1401f10a89ad7234beb8d0dba6b0e1bf/cov-rsures8x/8e2e602669621d4d119d18208dcfdeaf/size_t_is_unsigned_int.c
#include <stddef.h>
typedef unsigned int size_t;size_t x;


**** END FILE source file ***
pipe_command: c:\program files\dev-cpp\bin\gcc.exe -c C:\Users\rsures8x\AppData\Local\Temp\cov-rsures8x\1401f10a89ad7234beb8d0dba6b0e1bf\cov-rsures8x\8e2e602669621d4d119d18208dcfdeaf\size_t_is_unsigned_int.c 
pipe_commands starting: c:\program files\dev-cpp\bin\gcc.exe -c C:\Users\rsures8x\AppData\Local\Temp\cov-rsures8x\1401f10a89ad7234beb8d0dba6b0e1bf\cov-rsures8x\8e2e602669621d4d119d18208dcfdeaf\size_t_is_unsigned_int.c 
**** BEGIN FILE stdout: 

**** END FILE stdout ***
**** BEGIN FILE stderr: 

**** END FILE stderr ***
Test succeded
**** END PROBE Detecting size_t ****
**** BEGIN PROBE Detecting ptrdiff_t ****
Detecting ptrdiff_t.
**** BEGIN FILE source file: C:/Users/rsures8x/AppData/Local/Temp/cov-rsures8x/1401f10a89ad7234beb8d0dba6b0e1bf/cov-rsures8x/8e2e602669621d4d119d18208dcfdeaf/ptrdiff_t_is_valid_type.c
ptrdiff_t * s;


**** END FILE source file ***
pipe_command: c:\program files\dev-cpp\bin\gcc.exe -c C:\Users\rsures8x\AppData\Local\Temp\cov-rsures8x\1401f10a89ad7234beb8d0dba6b0e1bf\cov-rsures8x\8e2e602669621d4d119d18208dcfdeaf\ptrdiff_t_is_valid_type.c 
pipe_commands starting: c:\program files\dev-cpp\bin\gcc.exe -c C:\Users\rsures8x\AppData\Local\Temp\cov-rsures8x\1401f10a89ad7234beb8d0dba6b0e1bf\cov-rsures8x\8e2e602669621d4d119d18208dcfdeaf\ptrdiff_t_is_valid_type.c 
**** BEGIN FILE stdout: 

**** END FILE stdout ***
**** BEGIN FILE stderr: 
C:\Users\rsures8x\AppData\Local\Temp\cov-rsures8x\1401f10a89ad7234beb8d0dba6b0e1bf\cov-rsures8x\8e2e602669621d4d119d18208dcfdeaf\ptrdiff_t_is_valid_type.c:1: error: syntax error before '*' token
C:\Users\rsures8x\AppData\Local\Temp\cov-rsures8x\1401f10a89ad7234beb8d0dba6b0e1bf\cov-rsures8x\8e2e602669621d4d119d18208dcfdeaf\ptrdiff_t_is_valid_type.c:1: warning: data definition has no type or storage class

**** END FILE stderr ***
Test failed
**** BEGIN FILE source file: C:/Users/rsures8x/AppData/Local/Temp/cov-rsures8x/1401f10a89ad7234beb8d0dba6b0e1bf/cov-rsures8x/8e2e602669621d4d119d18208dcfdeaf/ptrdiff_t_is_valid_type2.c
#include <stddef.h>
ptrdiff_t * s;


**** END FILE source file ***
pipe_command: c:\program files\dev-cpp\bin\gcc.exe -c C:\Users\rsures8x\AppData\Local\Temp\cov-rsures8x\1401f10a89ad7234beb8d0dba6b0e1bf\cov-rsures8x\8e2e602669621d4d119d18208dcfdeaf\ptrdiff_t_is_valid_type2.c 
pipe_commands starting: c:\program files\dev-cpp\bin\gcc.exe -c C:\Users\rsures8x\AppData\Local\Temp\cov-rsures8x\1401f10a89ad7234beb8d0dba6b0e1bf\cov-rsures8x\8e2e602669621d4d119d18208dcfdeaf\ptrdiff_t_is_valid_type2.c 
**** BEGIN FILE stdout: 

**** END FILE stdout ***
**** BEGIN FILE stderr: 

**** END FILE stderr ***
Test succeded
**** BEGIN FILE source file: C:/Users/rsures8x/AppData/Local/Temp/cov-rsures8x/1401f10a89ad7234beb8d0dba6b0e1bf/cov-rsures8x/8e2e602669621d4d119d18208dcfdeaf/ptrdiff_t_sloppy_typedef.c
#include <stddef.h>
typedef void ***ptrdiff_t;


**** END FILE source file ***
pipe_command: c:\program files\dev-cpp\bin\gcc.exe -c C:\Users\rsures8x\AppData\Local\Temp\cov-rsures8x\1401f10a89ad7234beb8d0dba6b0e1bf\cov-rsures8x\8e2e602669621d4d119d18208dcfdeaf\ptrdiff_t_sloppy_typedef.c 
pipe_commands starting: c:\program files\dev-cpp\bin\gcc.exe -c C:\Users\rsures8x\AppData\Local\Temp\cov-rsures8x\1401f10a89ad7234beb8d0dba6b0e1bf\cov-rsures8x\8e2e602669621d4d119d18208dcfdeaf\ptrdiff_t_sloppy_typedef.c 
**** BEGIN FILE stdout: 

**** END FILE stdout ***
**** BEGIN FILE stderr: 
C:\Users\rsures8x\AppData\Local\Temp\cov-rsures8x\1401f10a89ad7234beb8d0dba6b0e1bf\cov-rsures8x\8e2e602669621d4d119d18208dcfdeaf\ptrdiff_t_sloppy_typedef.c:2: error: conflicting types for 'ptrdiff_t'
c:/program files/dev-cpp/bin/../lib/gcc/mingw32/3.4.2/include/stddef.h:151: error: previous declaration of 'ptrdiff_t' was here

**** END FILE stderr ***
Test failed
**** BEGIN FILE source file: C:/Users/rsures8x/AppData/Local/Temp/cov-rsures8x/1401f10a89ad7234beb8d0dba6b0e1bf/cov-rsures8x/8e2e602669621d4d119d18208dcfdeaf/size_t_is_int.c
#include <stddef.h>
typedef int ptrdiff_t;ptrdiff_t x;


**** END FILE source file ***
pipe_command: c:\program files\dev-cpp\bin\gcc.exe -c C:\Users\rsures8x\AppData\Local\Temp\cov-rsures8x\1401f10a89ad7234beb8d0dba6b0e1bf\cov-rsures8x\8e2e602669621d4d119d18208dcfdeaf\size_t_is_int.c 
pipe_commands starting: c:\program files\dev-cpp\bin\gcc.exe -c C:\Users\rsures8x\AppData\Local\Temp\cov-rsures8x\1401f10a89ad7234beb8d0dba6b0e1bf\cov-rsures8x\8e2e602669621d4d119d18208dcfdeaf\size_t_is_int.c 
**** BEGIN FILE stdout: 

**** END FILE stdout ***
**** BEGIN FILE stderr: 

**** END FILE stderr ***
Test succeded
**** END PROBE Detecting ptrdiff_t ****
**** BEGIN PROBE add_appropriate_type_size_and_alignment_switch ****
[STATUS] gcc-config-1: Detecting size and alignment of fundamental types.
Detecting size and alignment of wchar_t
**** BEGIN PROBE run_type_size_test ****
**** BEGIN FILE source file: C:/Users/rsures8x/AppData/Local/Temp/cov-rsures8x/1401f10a89ad7234beb8d0dba6b0e1bf/cov-rsures8x/8e2e602669621d4d119d18208dcfdeaf/keyword_wchar_t.c
wchar_t x;

**** END FILE source file ***
pipe_command: c:\program files\dev-cpp\bin\gcc.exe -c C:\Users\rsures8x\AppData\Local\Temp\cov-rsures8x\1401f10a89ad7234beb8d0dba6b0e1bf\cov-rsures8x\8e2e602669621d4d119d18208dcfdeaf\keyword_wchar_t.c 
pipe_commands starting: c:\program files\dev-cpp\bin\gcc.exe -c C:\Users\rsures8x\AppData\Local\Temp\cov-rsures8x\1401f10a89ad7234beb8d0dba6b0e1bf\cov-rsures8x\8e2e602669621d4d119d18208dcfdeaf\keyword_wchar_t.c 
**** BEGIN FILE stdout: 

**** END FILE stdout ***
**** BEGIN FILE stderr: 
C:\Users\rsures8x\AppData\Local\Temp\cov-rsures8x\1401f10a89ad7234beb8d0dba6b0e1bf\cov-rsures8x\8e2e602669621d4d119d18208dcfdeaf\keyword_wchar_t.c:1: error: syntax error before "x"
C:\Users\rsures8x\AppData\Local\Temp\cov-rsures8x\1401f10a89ad7234beb8d0dba6b0e1bf\cov-rsures8x\8e2e602669621d4d119d18208dcfdeaf\keyword_wchar_t.c:1: warning: data definition has no type or storage class

**** END FILE stderr ***
Test failed
**** END PROBE run_type_size_test ****
Detecting size and alignment of long long
**** BEGIN PROBE run_type_size_test ****
**** BEGIN FILE source file: C:/Users/rsures8x/AppData/Local/Temp/cov-rsures8x/1401f10a89ad7234beb8d0dba6b0e1bf/cov-rsures8x/8e2e602669621d4d119d18208dcfdeaf/keyword_long_long.c
long long x;

**** END FILE source file ***
pipe_command: c:\program files\dev-cpp\bin\gcc.exe -c C:\Users\rsures8x\AppData\Local\Temp\cov-rsures8x\1401f10a89ad7234beb8d0dba6b0e1bf\cov-rsures8x\8e2e602669621d4d119d18208dcfdeaf\keyword_long_long.c 
pipe_commands starting: c:\program files\dev-cpp\bin\gcc.exe -c C:\Users\rsures8x\AppData\Local\Temp\cov-rsures8x\1401f10a89ad7234beb8d0dba6b0e1bf\cov-rsures8x\8e2e602669621d4d119d18208dcfdeaf\keyword_long_long.c 
**** BEGIN FILE stdout: 

**** END FILE stdout ***
**** BEGIN FILE stderr: 

**** END FILE stderr ***
Test succeded
**** BEGIN FILE source file: C:/Users/rsures8x/AppData/Local/Temp/cov-rsures8x/1401f10a89ad7234beb8d0dba6b0e1bf/cov-rsures8x/8e2e602669621d4d119d18208dcfdeaf/long_long_size_8.c
int x [((int)sizeof (long long)) -8];

**** END FILE source file ***
pipe_command: c:\program files\dev-cpp\bin\gcc.exe -c C:\Users\rsures8x\AppData\Local\Temp\cov-rsures8x\1401f10a89ad7234beb8d0dba6b0e1bf\cov-rsures8x\8e2e602669621d4d119d18208dcfdeaf\long_long_size_8.c 
pipe_commands starting: c:\program files\dev-cpp\bin\gcc.exe -c C:\Users\rsures8x\AppData\Local\Temp\cov-rsures8x\1401f10a89ad7234beb8d0dba6b0e1bf\cov-rsures8x\8e2e602669621d4d119d18208dcfdeaf\long_long_size_8.c 
**** BEGIN FILE stdout: 

**** END FILE stdout ***
**** BEGIN FILE stderr: 

**** END FILE stderr ***
Test succeded
**** END PROBE run_type_size_test ****
**** BEGIN FILE source file: C:/Users/rsures8x/AppData/Local/Temp/cov-rsures8x/1401f10a89ad7234beb8d0dba6b0e1bf/cov-rsures8x/8e2e602669621d4d119d18208dcfdeaf/long_long_align_8.c
struct X { char a; long long b; };
struct Y {
char a1;
char a2;
char a3;
char a4;
char a5;
char a6;
char a7;
char a8;
long long b; };
int x[sizeof(struct X)==sizeof(struct Y)?1:-1];


**** END FILE source file ***
pipe_command: c:\program files\dev-cpp\bin\gcc.exe -c C:\Users\rsures8x\AppData\Local\Temp\cov-rsures8x\1401f10a89ad7234beb8d0dba6b0e1bf\cov-rsures8x\8e2e602669621d4d119d18208dcfdeaf\long_long_align_8.c 
pipe_commands starting: c:\program files\dev-cpp\bin\gcc.exe -c C:\Users\rsures8x\AppData\Local\Temp\cov-rsures8x\1401f10a89ad7234beb8d0dba6b0e1bf\cov-rsures8x\8e2e602669621d4d119d18208dcfdeaf\long_long_align_8.c 
**** BEGIN FILE stdout: 

**** END FILE stdout ***
**** BEGIN FILE stderr: 

**** END FILE stderr ***
Test succeded
Detecting size and alignment of long
**** BEGIN PROBE run_type_size_test ****
**** BEGIN FILE source file: C:/Users/rsures8x/AppData/Local/Temp/cov-rsures8x/1401f10a89ad7234beb8d0dba6b0e1bf/cov-rsures8x/8e2e602669621d4d119d18208dcfdeaf/keyword_long.c
long x;

**** END FILE source file ***
pipe_command: c:\program files\dev-cpp\bin\gcc.exe -c C:\Users\rsures8x\AppData\Local\Temp\cov-rsures8x\1401f10a89ad7234beb8d0dba6b0e1bf\cov-rsures8x\8e2e602669621d4d119d18208dcfdeaf\keyword_long.c 
pipe_commands starting: c:\program files\dev-cpp\bin\gcc.exe -c C:\Users\rsures8x\AppData\Local\Temp\cov-rsures8x\1401f10a89ad7234beb8d0dba6b0e1bf\cov-rsures8x\8e2e602669621d4d119d18208dcfdeaf\keyword_long.c 
**** BEGIN FILE stdout: 

**** END FILE stdout ***
**** BEGIN FILE stderr: 

**** END FILE stderr ***
Test succeded
**** BEGIN FILE source file: C:/Users/rsures8x/AppData/Local/Temp/cov-rsures8x/1401f10a89ad7234beb8d0dba6b0e1bf/cov-rsures8x/8e2e602669621d4d119d18208dcfdeaf/long_size_8.c
int x [((int)sizeof (long)) -8];

**** END FILE source file ***
pipe_command: c:\program files\dev-cpp\bin\gcc.exe -c C:\Users\rsures8x\AppData\Local\Temp\cov-rsures8x\1401f10a89ad7234beb8d0dba6b0e1bf\cov-rsures8x\8e2e602669621d4d119d18208dcfdeaf\long_size_8.c 
pipe_commands starting: c:\program files\dev-cpp\bin\gcc.exe -c C:\Users\rsures8x\AppData\Local\Temp\cov-rsures8x\1401f10a89ad7234beb8d0dba6b0e1bf\cov-rsures8x\8e2e602669621d4d119d18208dcfdeaf\long_size_8.c 
**** BEGIN FILE stdout: 

**** END FILE stdout ***
**** BEGIN FILE stderr: 
C:\Users\rsures8x\AppData\Local\Temp\cov-rsures8x\1401f10a89ad7234beb8d0dba6b0e1bf\cov-rsures8x\8e2e602669621d4d119d18208dcfdeaf\long_size_8.c:1: error: size of array `x' is negative

**** END FILE stderr ***
Test failed
**** BEGIN FILE source file: C:/Users/rsures8x/AppData/Local/Temp/cov-rsures8x/1401f10a89ad7234beb8d0dba6b0e1bf/cov-rsures8x/8e2e602669621d4d119d18208dcfdeaf/long_size_7.c
int x [((int)sizeof (long)) -7];

**** END FILE source file ***
pipe_command: c:\program files\dev-cpp\bin\gcc.exe -c C:\Users\rsures8x\AppData\Local\Temp\cov-rsures8x\1401f10a89ad7234beb8d0dba6b0e1bf\cov-rsures8x\8e2e602669621d4d119d18208dcfdeaf\long_size_7.c 
pipe_commands starting: c:\program files\dev-cpp\bin\gcc.exe -c C:\Users\rsures8x\AppData\Local\Temp\cov-rsures8x\1401f10a89ad7234beb8d0dba6b0e1bf\cov-rsures8x\8e2e602669621d4d119d18208dcfdeaf\long_size_7.c 
**** BEGIN FILE stdout: 

**** END FILE stdout ***
**** BEGIN FILE stderr: 
C:\Users\rsures8x\AppData\Local\Temp\cov-rsures8x\1401f10a89ad7234beb8d0dba6b0e1bf\cov-rsures8x\8e2e602669621d4d119d18208dcfdeaf\long_size_7.c:1: error: size of array `x' is negative

**** END FILE stderr ***
Test failed
**** BEGIN FILE source file: C:/Users/rsures8x/AppData/Local/Temp/cov-rsures8x/1401f10a89ad7234beb8d0dba6b0e1bf/cov-rsures8x/8e2e602669621d4d119d18208dcfdeaf/long_size_6.c
int x [((int)sizeof (long)) -6];

**** END FILE source file ***
pipe_command: c:\program files\dev-cpp\bin\gcc.exe -c C:\Users\rsures8x\AppData\Local\Temp\cov-rsures8x\1401f10a89ad7234beb8d0dba6b0e1bf\cov-rsures8x\8e2e602669621d4d119d18208dcfdeaf\long_size_6.c 
pipe_commands starting: c:\program files\dev-cpp\bin\gcc.exe -c C:\Users\rsures8x\AppData\Local\Temp\cov-rsures8x\1401f10a89ad7234beb8d0dba6b0e1bf\cov-rsures8x\8e2e602669621d4d119d18208dcfdeaf\long_size_6.c 
**** BEGIN FILE stdout: 

**** END FILE stdout ***
**** BEGIN FILE stderr: 
C:\Users\rsures8x\AppData\Local\Temp\cov-rsures8x\1401f10a89ad7234beb8d0dba6b0e1bf\cov-rsures8x\8e2e602669621d4d119d18208dcfdeaf\long_size_6.c:1: error: size of array `x' is negative

**** END FILE stderr ***
Test failed
**** BEGIN FILE source file: C:/Users/rsures8x/AppData/Local/Temp/cov-rsures8x/1401f10a89ad7234beb8d0dba6b0e1bf/cov-rsures8x/8e2e602669621d4d119d18208dcfdeaf/long_size_5.c
int x [((int)sizeof (long)) -5];

**** END FILE source file ***
pipe_command: c:\program files\dev-cpp\bin\gcc.exe -c C:\Users\rsures8x\AppData\Local\Temp\cov-rsures8x\1401f10a89ad7234beb8d0dba6b0e1bf\cov-rsures8x\8e2e602669621d4d119d18208dcfdeaf\long_size_5.c 
pipe_commands starting: c:\program files\dev-cpp\bin\gcc.exe -c C:\Users\rsures8x\AppData\Local\Temp\cov-rsures8x\1401f10a89ad7234beb8d0dba6b0e1bf\cov-rsures8x\8e2e602669621d4d119d18208dcfdeaf\long_size_5.c 
**** BEGIN FILE stdout: 

**** END FILE stdout ***
**** BEGIN FILE stderr: 
C:\Users\rsures8x\AppData\Local\Temp\cov-rsures8x\1401f10a89ad7234beb8d0dba6b0e1bf\cov-rsures8x\8e2e602669621d4d119d18208dcfdeaf\long_size_5.c:1: error: size of array `x' is negative

**** END FILE stderr ***
Test failed
**** BEGIN FILE source file: C:/Users/rsures8x/AppData/Local/Temp/cov-rsures8x/1401f10a89ad7234beb8d0dba6b0e1bf/cov-rsures8x/8e2e602669621d4d119d18208dcfdeaf/long_size_4.c
int x [((int)sizeof (long)) -4];

**** END FILE source file ***
pipe_command: c:\program files\dev-cpp\bin\gcc.exe -c C:\Users\rsures8x\AppData\Local\Temp\cov-rsures8x\1401f10a89ad7234beb8d0dba6b0e1bf\cov-rsures8x\8e2e602669621d4d119d18208dcfdeaf\long_size_4.c 
pipe_commands starting: c:\program files\dev-cpp\bin\gcc.exe -c C:\Users\rsures8x\AppData\Local\Temp\cov-rsures8x\1401f10a89ad7234beb8d0dba6b0e1bf\cov-rsures8x\8e2e602669621d4d119d18208dcfdeaf\long_size_4.c 
**** BEGIN FILE stdout: 

**** END FILE stdout ***
**** BEGIN FILE stderr: 

**** END FILE stderr ***
Test succeded
**** END PROBE run_type_size_test ****
**** BEGIN FILE source file: C:/Users/rsures8x/AppData/Local/Temp/cov-rsures8x/1401f10a89ad7234beb8d0dba6b0e1bf/cov-rsures8x/8e2e602669621d4d119d18208dcfdeaf/long_align_8.c
struct X { char a; long b; };
struct Y {
char a1;
char a2;
char a3;
char a4;
char a5;
char a6;
char a7;
char a8;
long b; };
int x[sizeof(struct X)==sizeof(struct Y)?1:-1];


**** END FILE source file ***
pipe_command: c:\program files\dev-cpp\bin\gcc.exe -c C:\Users\rsures8x\AppData\Local\Temp\cov-rsures8x\1401f10a89ad7234beb8d0dba6b0e1bf\cov-rsures8x\8e2e602669621d4d119d18208dcfdeaf\long_align_8.c 
pipe_commands starting: c:\program files\dev-cpp\bin\gcc.exe -c C:\Users\rsures8x\AppData\Local\Temp\cov-rsures8x\1401f10a89ad7234beb8d0dba6b0e1bf\cov-rsures8x\8e2e602669621d4d119d18208dcfdeaf\long_align_8.c 
**** BEGIN FILE stdout: 

**** END FILE stdout ***
**** BEGIN FILE stderr: 
C:\Users\rsures8x\AppData\Local\Temp\cov-rsures8x\1401f10a89ad7234beb8d0dba6b0e1bf\cov-rsures8x\8e2e602669621d4d119d18208dcfdeaf\long_align_8.c:12: error: size of array `x' is negative

**** END FILE stderr ***
Test failed
**** BEGIN FILE source file: C:/Users/rsures8x/AppData/Local/Temp/cov-rsures8x/1401f10a89ad7234beb8d0dba6b0e1bf/cov-rsures8x/8e2e602669621d4d119d18208dcfdeaf/long_align_7.c
struct X { char a; long b; };
struct Y {
char a1;
char a2;
char a3;
char a4;
char a5;
char a6;
char a7;
long b; };
int x[sizeof(struct X)==sizeof(struct Y)?1:-1];


**** END FILE source file ***
pipe_command: c:\program files\dev-cpp\bin\gcc.exe -c C:\Users\rsures8x\AppData\Local\Temp\cov-rsures8x\1401f10a89ad7234beb8d0dba6b0e1bf\cov-rsures8x\8e2e602669621d4d119d18208dcfdeaf\long_align_7.c 
pipe_commands starting: c:\program files\dev-cpp\bin\gcc.exe -c C:\Users\rsures8x\AppData\Local\Temp\cov-rsures8x\1401f10a89ad7234beb8d0dba6b0e1bf\cov-rsures8x\8e2e602669621d4d119d18208dcfdeaf\long_align_7.c 
**** BEGIN FILE stdout: 

**** END FILE stdout ***
**** BEGIN FILE stderr: 
C:\Users\rsures8x\AppData\Local\Temp\cov-rsures8x\1401f10a89ad7234beb8d0dba6b0e1bf\cov-rsures8x\8e2e602669621d4d119d18208dcfdeaf\long_align_7.c:11: error: size of array `x' is negative

**** END FILE stderr ***
Test failed
**** BEGIN FILE source file: C:/Users/rsures8x/AppData/Local/Temp/cov-rsures8x/1401f10a89ad7234beb8d0dba6b0e1bf/cov-rsures8x/8e2e602669621d4d119d18208dcfdeaf/long_align_6.c
struct X { char a; long b; };
struct Y {
char a1;
char a2;
char a3;
char a4;
char a5;
char a6;
long b; };
int x[sizeof(struct X)==sizeof(struct Y)?1:-1];


**** END FILE source file ***
pipe_command: c:\program files\dev-cpp\bin\gcc.exe -c C:\Users\rsures8x\AppData\Local\Temp\cov-rsures8x\1401f10a89ad7234beb8d0dba6b0e1bf\cov-rsures8x\8e2e602669621d4d119d18208dcfdeaf\long_align_6.c 
pipe_commands starting: c:\program files\dev-cpp\bin\gcc.exe -c C:\Users\rsures8x\AppData\Local\Temp\cov-rsures8x\1401f10a89ad7234beb8d0dba6b0e1bf\cov-rsures8x\8e2e602669621d4d119d18208dcfdeaf\long_align_6.c 
**** BEGIN FILE stdout: 

**** END FILE stdout ***
**** BEGIN FILE stderr: 
C:\Users\rsures8x\AppData\Local\Temp\cov-rsures8x\1401f10a89ad7234beb8d0dba6b0e1bf\cov-rsures8x\8e2e602669621d4d119d18208dcfdeaf\long_align_6.c:10: error: size of array `x' is negative

**** END FILE stderr ***
Test failed
**** BEGIN FILE source file: C:/Users/rsures8x/AppData/Local/Temp/cov-rsures8x/1401f10a89ad7234beb8d0dba6b0e1bf/cov-rsures8x/8e2e602669621d4d119d18208dcfdeaf/long_align_5.c
struct X { char a; long b; };
struct Y {
char a1;
char a2;
char a3;
char a4;
char a5;
long b; };
int x[sizeof(struct X)==sizeof(struct Y)?1:-1];


**** END FILE source file ***
pipe_command: c:\program files\dev-cpp\bin\gcc.exe -c C:\Users\rsures8x\AppData\Local\Temp\cov-rsures8x\1401f10a89ad7234beb8d0dba6b0e1bf\cov-rsures8x\8e2e602669621d4d119d18208dcfdeaf\long_align_5.c 
pipe_commands starting: c:\program files\dev-cpp\bin\gcc.exe -c C:\Users\rsures8x\AppData\Local\Temp\cov-rsures8x\1401f10a89ad7234beb8d0dba6b0e1bf\cov-rsures8x\8e2e602669621d4d119d18208dcfdeaf\long_align_5.c 
**** BEGIN FILE stdout: 

**** END FILE stdout ***
**** BEGIN FILE stderr: 
C:\Users\rsures8x\AppData\Local\Temp\cov-rsures8x\1401f10a89ad7234beb8d0dba6b0e1bf\cov-rsures8x\8e2e602669621d4d119d18208dcfdeaf\long_align_5.c:9: error: size of array `x' is negative

**** END FILE stderr ***
Test failed
**** BEGIN FILE source file: C:/Users/rsures8x/AppData/Local/Temp/cov-rsures8x/1401f10a89ad7234beb8d0dba6b0e1bf/cov-rsures8x/8e2e602669621d4d119d18208dcfdeaf/long_align_4.c
struct X { char a; long b; };
struct Y {
char a1;
char a2;
char a3;
char a4;
long b; };
int x[sizeof(struct X)==sizeof(struct Y)?1:-1];


**** END FILE source file ***
pipe_command: c:\program files\dev-cpp\bin\gcc.exe -c C:\Users\rsures8x\AppData\Local\Temp\cov-rsures8x\1401f10a89ad7234beb8d0dba6b0e1bf\cov-rsures8x\8e2e602669621d4d119d18208dcfdeaf\long_align_4.c 
pipe_commands starting: c:\program files\dev-cpp\bin\gcc.exe -c C:\Users\rsures8x\AppData\Local\Temp\cov-rsures8x\1401f10a89ad7234beb8d0dba6b0e1bf\cov-rsures8x\8e2e602669621d4d119d18208dcfdeaf\long_align_4.c 
**** BEGIN FILE stdout: 

**** END FILE stdout ***
**** BEGIN FILE stderr: 

**** END FILE stderr ***
Test succeded
Detecting size and alignment of int
**** BEGIN PROBE run_type_size_test ****
**** BEGIN FILE source file: C:/Users/rsures8x/AppData/Local/Temp/cov-rsures8x/1401f10a89ad7234beb8d0dba6b0e1bf/cov-rsures8x/8e2e602669621d4d119d18208dcfdeaf/keyword_int.c
int x;

**** END FILE source file ***
pipe_command: c:\program files\dev-cpp\bin\gcc.exe -c C:\Users\rsures8x\AppData\Local\Temp\cov-rsures8x\1401f10a89ad7234beb8d0dba6b0e1bf\cov-rsures8x\8e2e602669621d4d119d18208dcfdeaf\keyword_int.c 
pipe_commands starting: c:\program files\dev-cpp\bin\gcc.exe -c C:\Users\rsures8x\AppData\Local\Temp\cov-rsures8x\1401f10a89ad7234beb8d0dba6b0e1bf\cov-rsures8x\8e2e602669621d4d119d18208dcfdeaf\keyword_int.c 
**** BEGIN FILE stdout: 

**** END FILE stdout ***
**** BEGIN FILE stderr: 

**** END FILE stderr ***
Test succeded
**** BEGIN FILE source file: C:/Users/rsures8x/AppData/Local/Temp/cov-rsures8x/1401f10a89ad7234beb8d0dba6b0e1bf/cov-rsures8x/8e2e602669621d4d119d18208dcfdeaf/int_size_4.c
int x [((int)sizeof (int)) -4];

**** END FILE source file ***
pipe_command: c:\program files\dev-cpp\bin\gcc.exe -c C:\Users\rsures8x\AppData\Local\Temp\cov-rsures8x\1401f10a89ad7234beb8d0dba6b0e1bf\cov-rsures8x\8e2e602669621d4d119d18208dcfdeaf\int_size_4.c 
pipe_commands starting: c:\program files\dev-cpp\bin\gcc.exe -c C:\Users\rsures8x\AppData\Local\Temp\cov-rsures8x\1401f10a89ad7234beb8d0dba6b0e1bf\cov-rsures8x\8e2e602669621d4d119d18208dcfdeaf\int_size_4.c 
**** BEGIN FILE stdout: 

**** END FILE stdout ***
**** BEGIN FILE stderr: 

**** END FILE stderr ***
Test succeded
**** END PROBE run_type_size_test ****
**** BEGIN FILE source file: C:/Users/rsures8x/AppData/Local/Temp/cov-rsures8x/1401f10a89ad7234beb8d0dba6b0e1bf/cov-rsures8x/8e2e602669621d4d119d18208dcfdeaf/int_align_4.c
struct X { char a; int b; };
struct Y {
char a1;
char a2;
char a3;
char a4;
int b; };
int x[sizeof(struct X)==sizeof(struct Y)?1:-1];


**** END FILE source file ***
pipe_command: c:\program files\dev-cpp\bin\gcc.exe -c C:\Users\rsures8x\AppData\Local\Temp\cov-rsures8x\1401f10a89ad7234beb8d0dba6b0e1bf\cov-rsures8x\8e2e602669621d4d119d18208dcfdeaf\int_align_4.c 
pipe_commands starting: c:\program files\dev-cpp\bin\gcc.exe -c C:\Users\rsures8x\AppData\Local\Temp\cov-rsures8x\1401f10a89ad7234beb8d0dba6b0e1bf\cov-rsures8x\8e2e602669621d4d119d18208dcfdeaf\int_align_4.c 
**** BEGIN FILE stdout: 

**** END FILE stdout ***
**** BEGIN FILE stderr: 

**** END FILE stderr ***
Test succeded
Detecting size and alignment of short
**** BEGIN PROBE run_type_size_test ****
**** BEGIN FILE source file: C:/Users/rsures8x/AppData/Local/Temp/cov-rsures8x/1401f10a89ad7234beb8d0dba6b0e1bf/cov-rsures8x/8e2e602669621d4d119d18208dcfdeaf/keyword_short.c
short x;

**** END FILE source file ***
pipe_command: c:\program files\dev-cpp\bin\gcc.exe -c C:\Users\rsures8x\AppData\Local\Temp\cov-rsures8x\1401f10a89ad7234beb8d0dba6b0e1bf\cov-rsures8x\8e2e602669621d4d119d18208dcfdeaf\keyword_short.c 
pipe_commands starting: c:\program files\dev-cpp\bin\gcc.exe -c C:\Users\rsures8x\AppData\Local\Temp\cov-rsures8x\1401f10a89ad7234beb8d0dba6b0e1bf\cov-rsures8x\8e2e602669621d4d119d18208dcfdeaf\keyword_short.c 
**** BEGIN FILE stdout: 

**** END FILE stdout ***
**** BEGIN FILE stderr: 

**** END FILE stderr ***
Test succeded
**** BEGIN FILE source file: C:/Users/rsures8x/AppData/Local/Temp/cov-rsures8x/1401f10a89ad7234beb8d0dba6b0e1bf/cov-rsures8x/8e2e602669621d4d119d18208dcfdeaf/short_size_4.c
int x [((int)sizeof (short)) -4];

**** END FILE source file ***
pipe_command: c:\program files\dev-cpp\bin\gcc.exe -c C:\Users\rsures8x\AppData\Local\Temp\cov-rsures8x\1401f10a89ad7234beb8d0dba6b0e1bf\cov-rsures8x\8e2e602669621d4d119d18208dcfdeaf\short_size_4.c 
pipe_commands starting: c:\program files\dev-cpp\bin\gcc.exe -c C:\Users\rsures8x\AppData\Local\Temp\cov-rsures8x\1401f10a89ad7234beb8d0dba6b0e1bf\cov-rsures8x\8e2e602669621d4d119d18208dcfdeaf\short_size_4.c 
**** BEGIN FILE stdout: 

**** END FILE stdout ***
**** BEGIN FILE stderr: 
C:\Users\rsures8x\AppData\Local\Temp\cov-rsures8x\1401f10a89ad7234beb8d0dba6b0e1bf\cov-rsures8x\8e2e602669621d4d119d18208dcfdeaf\short_size_4.c:1: error: size of array `x' is negative

**** END FILE stderr ***
Test failed
**** BEGIN FILE source file: C:/Users/rsures8x/AppData/Local/Temp/cov-rsures8x/1401f10a89ad7234beb8d0dba6b0e1bf/cov-rsures8x/8e2e602669621d4d119d18208dcfdeaf/short_size_3.c
int x [((int)sizeof (short)) -3];

**** END FILE source file ***
pipe_command: c:\program files\dev-cpp\bin\gcc.exe -c C:\Users\rsures8x\AppData\Local\Temp\cov-rsures8x\1401f10a89ad7234beb8d0dba6b0e1bf\cov-rsures8x\8e2e602669621d4d119d18208dcfdeaf\short_size_3.c 
pipe_commands starting: c:\program files\dev-cpp\bin\gcc.exe -c C:\Users\rsures8x\AppData\Local\Temp\cov-rsures8x\1401f10a89ad7234beb8d0dba6b0e1bf\cov-rsures8x\8e2e602669621d4d119d18208dcfdeaf\short_size_3.c 
**** BEGIN FILE stdout: 

**** END FILE stdout ***
**** BEGIN FILE stderr: 
C:\Users\rsures8x\AppData\Local\Temp\cov-rsures8x\1401f10a89ad7234beb8d0dba6b0e1bf\cov-rsures8x\8e2e602669621d4d119d18208dcfdeaf\short_size_3.c:1: error: size of array `x' is negative

**** END FILE stderr ***
Test failed
**** BEGIN FILE source file: C:/Users/rsures8x/AppData/Local/Temp/cov-rsures8x/1401f10a89ad7234beb8d0dba6b0e1bf/cov-rsures8x/8e2e602669621d4d119d18208dcfdeaf/short_size_2.c
int x [((int)sizeof (short)) -2];

**** END FILE source file ***
pipe_command: c:\program files\dev-cpp\bin\gcc.exe -c C:\Users\rsures8x\AppData\Local\Temp\cov-rsures8x\1401f10a89ad7234beb8d0dba6b0e1bf\cov-rsures8x\8e2e602669621d4d119d18208dcfdeaf\short_size_2.c 
pipe_commands starting: c:\program files\dev-cpp\bin\gcc.exe -c C:\Users\rsures8x\AppData\Local\Temp\cov-rsures8x\1401f10a89ad7234beb8d0dba6b0e1bf\cov-rsures8x\8e2e602669621d4d119d18208dcfdeaf\short_size_2.c 
**** BEGIN FILE stdout: 

**** END FILE stdout ***
**** BEGIN FILE stderr: 

**** END FILE stderr ***
Test succeded
**** END PROBE run_type_size_test ****
**** BEGIN FILE source file: C:/Users/rsures8x/AppData/Local/Temp/cov-rsures8x/1401f10a89ad7234beb8d0dba6b0e1bf/cov-rsures8x/8e2e602669621d4d119d18208dcfdeaf/short_align_4.c
struct X { char a; short b; };
struct Y {
char a1;
char a2;
char a3;
char a4;
short b; };
int x[sizeof(struct X)==sizeof(struct Y)?1:-1];


**** END FILE source file ***
pipe_command: c:\program files\dev-cpp\bin\gcc.exe -c C:\Users\rsures8x\AppData\Local\Temp\cov-rsures8x\1401f10a89ad7234beb8d0dba6b0e1bf\cov-rsures8x\8e2e602669621d4d119d18208dcfdeaf\short_align_4.c 
pipe_commands starting: c:\program files\dev-cpp\bin\gcc.exe -c C:\Users\rsures8x\AppData\Local\Temp\cov-rsures8x\1401f10a89ad7234beb8d0dba6b0e1bf\cov-rsures8x\8e2e602669621d4d119d18208dcfdeaf\short_align_4.c 
**** BEGIN FILE stdout: 

**** END FILE stdout ***
**** BEGIN FILE stderr: 
C:\Users\rsures8x\AppData\Local\Temp\cov-rsures8x\1401f10a89ad7234beb8d0dba6b0e1bf\cov-rsures8x\8e2e602669621d4d119d18208dcfdeaf\short_align_4.c:8: error: size of array `x' is negative

**** END FILE stderr ***
Test failed
**** BEGIN FILE source file: C:/Users/rsures8x/AppData/Local/Temp/cov-rsures8x/1401f10a89ad7234beb8d0dba6b0e1bf/cov-rsures8x/8e2e602669621d4d119d18208dcfdeaf/short_align_3.c
struct X { char a; short b; };
struct Y {
char a1;
char a2;
char a3;
short b; };
int x[sizeof(struct X)==sizeof(struct Y)?1:-1];


**** END FILE source file ***
pipe_command: c:\program files\dev-cpp\bin\gcc.exe -c C:\Users\rsures8x\AppData\Local\Temp\cov-rsures8x\1401f10a89ad7234beb8d0dba6b0e1bf\cov-rsures8x\8e2e602669621d4d119d18208dcfdeaf\short_align_3.c 
pipe_commands starting: c:\program files\dev-cpp\bin\gcc.exe -c C:\Users\rsures8x\AppData\Local\Temp\cov-rsures8x\1401f10a89ad7234beb8d0dba6b0e1bf\cov-rsures8x\8e2e602669621d4d119d18208dcfdeaf\short_align_3.c 
**** BEGIN FILE stdout: 

**** END FILE stdout ***
**** BEGIN FILE stderr: 
C:\Users\rsures8x\AppData\Local\Temp\cov-rsures8x\1401f10a89ad7234beb8d0dba6b0e1bf\cov-rsures8x\8e2e602669621d4d119d18208dcfdeaf\short_align_3.c:7: error: size of array `x' is negative

**** END FILE stderr ***
Test failed
**** BEGIN FILE source file: C:/Users/rsures8x/AppData/Local/Temp/cov-rsures8x/1401f10a89ad7234beb8d0dba6b0e1bf/cov-rsures8x/8e2e602669621d4d119d18208dcfdeaf/short_align_2.c
struct X { char a; short b; };
struct Y {
char a1;
char a2;
short b; };
int x[sizeof(struct X)==sizeof(struct Y)?1:-1];


**** END FILE source file ***
pipe_command: c:\program files\dev-cpp\bin\gcc.exe -c C:\Users\rsures8x\AppData\Local\Temp\cov-rsures8x\1401f10a89ad7234beb8d0dba6b0e1bf\cov-rsures8x\8e2e602669621d4d119d18208dcfdeaf\short_align_2.c 
pipe_commands starting: c:\program files\dev-cpp\bin\gcc.exe -c C:\Users\rsures8x\AppData\Local\Temp\cov-rsures8x\1401f10a89ad7234beb8d0dba6b0e1bf\cov-rsures8x\8e2e602669621d4d119d18208dcfdeaf\short_align_2.c 
**** BEGIN FILE stdout: 

**** END FILE stdout ***
**** BEGIN FILE stderr: 

**** END FILE stderr ***
Test succeded
Detecting size and alignment of long double
**** BEGIN PROBE run_type_size_test ****
**** BEGIN FILE source file: C:/Users/rsures8x/AppData/Local/Temp/cov-rsures8x/1401f10a89ad7234beb8d0dba6b0e1bf/cov-rsures8x/8e2e602669621d4d119d18208dcfdeaf/keyword_long_double.c
long double x;

**** END FILE source file ***
pipe_command: c:\program files\dev-cpp\bin\gcc.exe -c C:\Users\rsures8x\AppData\Local\Temp\cov-rsures8x\1401f10a89ad7234beb8d0dba6b0e1bf\cov-rsures8x\8e2e602669621d4d119d18208dcfdeaf\keyword_long_double.c 
pipe_commands starting: c:\program files\dev-cpp\bin\gcc.exe -c C:\Users\rsures8x\AppData\Local\Temp\cov-rsures8x\1401f10a89ad7234beb8d0dba6b0e1bf\cov-rsures8x\8e2e602669621d4d119d18208dcfdeaf\keyword_long_double.c 
**** BEGIN FILE stdout: 

**** END FILE stdout ***
**** BEGIN FILE stderr: 

**** END FILE stderr ***
Test succeded
**** BEGIN FILE source file: C:/Users/rsures8x/AppData/Local/Temp/cov-rsures8x/1401f10a89ad7234beb8d0dba6b0e1bf/cov-rsures8x/8e2e602669621d4d119d18208dcfdeaf/long_double_size_16.c
int x [((int)sizeof (long double)) -16];

**** END FILE source file ***
pipe_command: c:\program files\dev-cpp\bin\gcc.exe -c C:\Users\rsures8x\AppData\Local\Temp\cov-rsures8x\1401f10a89ad7234beb8d0dba6b0e1bf\cov-rsures8x\8e2e602669621d4d119d18208dcfdeaf\long_double_size_16.c 
pipe_commands starting: c:\program files\dev-cpp\bin\gcc.exe -c C:\Users\rsures8x\AppData\Local\Temp\cov-rsures8x\1401f10a89ad7234beb8d0dba6b0e1bf\cov-rsures8x\8e2e602669621d4d119d18208dcfdeaf\long_double_size_16.c 
**** BEGIN FILE stdout: 

**** END FILE stdout ***
**** BEGIN FILE stderr: 
C:\Users\rsures8x\AppData\Local\Temp\cov-rsures8x\1401f10a89ad7234beb8d0dba6b0e1bf\cov-rsures8x\8e2e602669621d4d119d18208dcfdeaf\long_double_size_16.c:1: error: size of array `x' is negative

**** END FILE stderr ***
Test failed
**** BEGIN FILE source file: C:/Users/rsures8x/AppData/Local/Temp/cov-rsures8x/1401f10a89ad7234beb8d0dba6b0e1bf/cov-rsures8x/8e2e602669621d4d119d18208dcfdeaf/long_double_size_15.c
int x [((int)sizeof (long double)) -15];

**** END FILE source file ***
pipe_command: c:\program files\dev-cpp\bin\gcc.exe -c C:\Users\rsures8x\AppData\Local\Temp\cov-rsures8x\1401f10a89ad7234beb8d0dba6b0e1bf\cov-rsures8x\8e2e602669621d4d119d18208dcfdeaf\long_double_size_15.c 
pipe_commands starting: c:\program files\dev-cpp\bin\gcc.exe -c C:\Users\rsures8x\AppData\Local\Temp\cov-rsures8x\1401f10a89ad7234beb8d0dba6b0e1bf\cov-rsures8x\8e2e602669621d4d119d18208dcfdeaf\long_double_size_15.c 
**** BEGIN FILE stdout: 

**** END FILE stdout ***
**** BEGIN FILE stderr: 
C:\Users\rsures8x\AppData\Local\Temp\cov-rsures8x\1401f10a89ad7234beb8d0dba6b0e1bf\cov-rsures8x\8e2e602669621d4d119d18208dcfdeaf\long_double_size_15.c:1: error: size of array `x' is negative

**** END FILE stderr ***
Test failed
**** BEGIN FILE source file: C:/Users/rsures8x/AppData/Local/Temp/cov-rsures8x/1401f10a89ad7234beb8d0dba6b0e1bf/cov-rsures8x/8e2e602669621d4d119d18208dcfdeaf/long_double_size_14.c
int x [((int)sizeof (long double)) -14];

**** END FILE source file ***
pipe_command: c:\program files\dev-cpp\bin\gcc.exe -c C:\Users\rsures8x\AppData\Local\Temp\cov-rsures8x\1401f10a89ad7234beb8d0dba6b0e1bf\cov-rsures8x\8e2e602669621d4d119d18208dcfdeaf\long_double_size_14.c 
pipe_commands starting: c:\program files\dev-cpp\bin\gcc.exe -c C:\Users\rsures8x\AppData\Local\Temp\cov-rsures8x\1401f10a89ad7234beb8d0dba6b0e1bf\cov-rsures8x\8e2e602669621d4d119d18208dcfdeaf\long_double_size_14.c 
**** BEGIN FILE stdout: 

**** END FILE stdout ***
**** BEGIN FILE stderr: 
C:\Users\rsures8x\AppData\Local\Temp\cov-rsures8x\1401f10a89ad7234beb8d0dba6b0e1bf\cov-rsures8x\8e2e602669621d4d119d18208dcfdeaf\long_double_size_14.c:1: error: size of array `x' is negative

**** END FILE stderr ***
Test failed
**** BEGIN FILE source file: C:/Users/rsures8x/AppData/Local/Temp/cov-rsures8x/1401f10a89ad7234beb8d0dba6b0e1bf/cov-rsures8x/8e2e602669621d4d119d18208dcfdeaf/long_double_size_13.c
int x [((int)sizeof (long double)) -13];

**** END FILE source file ***
pipe_command: c:\program files\dev-cpp\bin\gcc.exe -c C:\Users\rsures8x\AppData\Local\Temp\cov-rsures8x\1401f10a89ad7234beb8d0dba6b0e1bf\cov-rsures8x\8e2e602669621d4d119d18208dcfdeaf\long_double_size_13.c 
pipe_commands starting: c:\program files\dev-cpp\bin\gcc.exe -c C:\Users\rsures8x\AppData\Local\Temp\cov-rsures8x\1401f10a89ad7234beb8d0dba6b0e1bf\cov-rsures8x\8e2e602669621d4d119d18208dcfdeaf\long_double_size_13.c 
**** BEGIN FILE stdout: 

**** END FILE stdout ***
**** BEGIN FILE stderr: 
C:\Users\rsures8x\AppData\Local\Temp\cov-rsures8x\1401f10a89ad7234beb8d0dba6b0e1bf\cov-rsures8x\8e2e602669621d4d119d18208dcfdeaf\long_double_size_13.c:1: error: size of array `x' is negative

**** END FILE stderr ***
Test failed
**** BEGIN FILE source file: C:/Users/rsures8x/AppData/Local/Temp/cov-rsures8x/1401f10a89ad7234beb8d0dba6b0e1bf/cov-rsures8x/8e2e602669621d4d119d18208dcfdeaf/long_double_size_12.c
int x [((int)sizeof (long double)) -12];

**** END FILE source file ***
pipe_command: c:\program files\dev-cpp\bin\gcc.exe -c C:\Users\rsures8x\AppData\Local\Temp\cov-rsures8x\1401f10a89ad7234beb8d0dba6b0e1bf\cov-rsures8x\8e2e602669621d4d119d18208dcfdeaf\long_double_size_12.c 
pipe_commands starting: c:\program files\dev-cpp\bin\gcc.exe -c C:\Users\rsures8x\AppData\Local\Temp\cov-rsures8x\1401f10a89ad7234beb8d0dba6b0e1bf\cov-rsures8x\8e2e602669621d4d119d18208dcfdeaf\long_double_size_12.c 
**** BEGIN FILE stdout: 

**** END FILE stdout ***
**** BEGIN FILE stderr: 

**** END FILE stderr ***
Test succeded
**** END PROBE run_type_size_test ****
**** BEGIN FILE source file: C:/Users/rsures8x/AppData/Local/Temp/cov-rsures8x/1401f10a89ad7234beb8d0dba6b0e1bf/cov-rsures8x/8e2e602669621d4d119d18208dcfdeaf/long_double_align_16.c
struct X { char a; long double b; };
struct Y {
char a1;
char a2;
char a3;
char a4;
char a5;
char a6;
char a7;
char a8;
char a9;
char a10;
char a11;
char a12;
char a13;
char a14;
char a15;
char a16;
long double b; };
int x[sizeof(struct X)==sizeof(struct Y)?1:-1];


**** END FILE source file ***
pipe_command: c:\program files\dev-cpp\bin\gcc.exe -c C:\Users\rsures8x\AppData\Local\Temp\cov-rsures8x\1401f10a89ad7234beb8d0dba6b0e1bf\cov-rsures8x\8e2e602669621d4d119d18208dcfdeaf\long_double_align_16.c 
pipe_commands starting: c:\program files\dev-cpp\bin\gcc.exe -c C:\Users\rsures8x\AppData\Local\Temp\cov-rsures8x\1401f10a89ad7234beb8d0dba6b0e1bf\cov-rsures8x\8e2e602669621d4d119d18208dcfdeaf\long_double_align_16.c 
**** BEGIN FILE stdout: 

**** END FILE stdout ***
**** BEGIN FILE stderr: 
C:\Users\rsures8x\AppData\Local\Temp\cov-rsures8x\1401f10a89ad7234beb8d0dba6b0e1bf\cov-rsures8x\8e2e602669621d4d119d18208dcfdeaf\long_double_align_16.c:20: error: size of array `x' is negative

**** END FILE stderr ***
Test failed
**** BEGIN FILE source file: C:/Users/rsures8x/AppData/Local/Temp/cov-rsures8x/1401f10a89ad7234beb8d0dba6b0e1bf/cov-rsures8x/8e2e602669621d4d119d18208dcfdeaf/long_double_align_15.c
struct X { char a; long double b; };
struct Y {
char a1;
char a2;
char a3;
char a4;
char a5;
char a6;
char a7;
char a8;
char a9;
char a10;
char a11;
char a12;
char a13;
char a14;
char a15;
long double b; };
int x[sizeof(struct X)==sizeof(struct Y)?1:-1];


**** END FILE source file ***
pipe_command: c:\program files\dev-cpp\bin\gcc.exe -c C:\Users\rsures8x\AppData\Local\Temp\cov-rsures8x\1401f10a89ad7234beb8d0dba6b0e1bf\cov-rsures8x\8e2e602669621d4d119d18208dcfdeaf\long_double_align_15.c 
pipe_commands starting: c:\program files\dev-cpp\bin\gcc.exe -c C:\Users\rsures8x\AppData\Local\Temp\cov-rsures8x\1401f10a89ad7234beb8d0dba6b0e1bf\cov-rsures8x\8e2e602669621d4d119d18208dcfdeaf\long_double_align_15.c 
**** BEGIN FILE stdout: 

**** END FILE stdout ***
**** BEGIN FILE stderr: 
C:\Users\rsures8x\AppData\Local\Temp\cov-rsures8x\1401f10a89ad7234beb8d0dba6b0e1bf\cov-rsures8x\8e2e602669621d4d119d18208dcfdeaf\long_double_align_15.c:19: error: size of array `x' is negative

**** END FILE stderr ***
Test failed
**** BEGIN FILE source file: C:/Users/rsures8x/AppData/Local/Temp/cov-rsures8x/1401f10a89ad7234beb8d0dba6b0e1bf/cov-rsures8x/8e2e602669621d4d119d18208dcfdeaf/long_double_align_14.c
struct X { char a; long double b; };
struct Y {
char a1;
char a2;
char a3;
char a4;
char a5;
char a6;
char a7;
char a8;
char a9;
char a10;
char a11;
char a12;
char a13;
char a14;
long double b; };
int x[sizeof(struct X)==sizeof(struct Y)?1:-1];


**** END FILE source file ***
pipe_command: c:\program files\dev-cpp\bin\gcc.exe -c C:\Users\rsures8x\AppData\Local\Temp\cov-rsures8x\1401f10a89ad7234beb8d0dba6b0e1bf\cov-rsures8x\8e2e602669621d4d119d18208dcfdeaf\long_double_align_14.c 
pipe_commands starting: c:\program files\dev-cpp\bin\gcc.exe -c C:\Users\rsures8x\AppData\Local\Temp\cov-rsures8x\1401f10a89ad7234beb8d0dba6b0e1bf\cov-rsures8x\8e2e602669621d4d119d18208dcfdeaf\long_double_align_14.c 
**** BEGIN FILE stdout: 

**** END FILE stdout ***
**** BEGIN FILE stderr: 
C:\Users\rsures8x\AppData\Local\Temp\cov-rsures8x\1401f10a89ad7234beb8d0dba6b0e1bf\cov-rsures8x\8e2e602669621d4d119d18208dcfdeaf\long_double_align_14.c:18: error: size of array `x' is negative

**** END FILE stderr ***
Test failed
**** BEGIN FILE source file: C:/Users/rsures8x/AppData/Local/Temp/cov-rsures8x/1401f10a89ad7234beb8d0dba6b0e1bf/cov-rsures8x/8e2e602669621d4d119d18208dcfdeaf/long_double_align_13.c
struct X { char a; long double b; };
struct Y {
char a1;
char a2;
char a3;
char a4;
char a5;
char a6;
char a7;
char a8;
char a9;
char a10;
char a11;
char a12;
char a13;
long double b; };
int x[sizeof(struct X)==sizeof(struct Y)?1:-1];


**** END FILE source file ***
pipe_command: c:\program files\dev-cpp\bin\gcc.exe -c C:\Users\rsures8x\AppData\Local\Temp\cov-rsures8x\1401f10a89ad7234beb8d0dba6b0e1bf\cov-rsures8x\8e2e602669621d4d119d18208dcfdeaf\long_double_align_13.c 
pipe_commands starting: c:\program files\dev-cpp\bin\gcc.exe -c C:\Users\rsures8x\AppData\Local\Temp\cov-rsures8x\1401f10a89ad7234beb8d0dba6b0e1bf\cov-rsures8x\8e2e602669621d4d119d18208dcfdeaf\long_double_align_13.c 
**** BEGIN FILE stdout: 

**** END FILE stdout ***
**** BEGIN FILE stderr: 
C:\Users\rsures8x\AppData\Local\Temp\cov-rsures8x\1401f10a89ad7234beb8d0dba6b0e1bf\cov-rsures8x\8e2e602669621d4d119d18208dcfdeaf\long_double_align_13.c:17: error: size of array `x' is negative

**** END FILE stderr ***
Test failed
**** BEGIN FILE source file: C:/Users/rsures8x/AppData/Local/Temp/cov-rsures8x/1401f10a89ad7234beb8d0dba6b0e1bf/cov-rsures8x/8e2e602669621d4d119d18208dcfdeaf/long_double_align_12.c
struct X { char a; long double b; };
struct Y {
char a1;
char a2;
char a3;
char a4;
char a5;
char a6;
char a7;
char a8;
char a9;
char a10;
char a11;
char a12;
long double b; };
int x[sizeof(struct X)==sizeof(struct Y)?1:-1];


**** END FILE source file ***
pipe_command: c:\program files\dev-cpp\bin\gcc.exe -c C:\Users\rsures8x\AppData\Local\Temp\cov-rsures8x\1401f10a89ad7234beb8d0dba6b0e1bf\cov-rsures8x\8e2e602669621d4d119d18208dcfdeaf\long_double_align_12.c 
pipe_commands starting: c:\program files\dev-cpp\bin\gcc.exe -c C:\Users\rsures8x\AppData\Local\Temp\cov-rsures8x\1401f10a89ad7234beb8d0dba6b0e1bf\cov-rsures8x\8e2e602669621d4d119d18208dcfdeaf\long_double_align_12.c 
**** BEGIN FILE stdout: 

**** END FILE stdout ***
**** BEGIN FILE stderr: 
C:\Users\rsures8x\AppData\Local\Temp\cov-rsures8x\1401f10a89ad7234beb8d0dba6b0e1bf\cov-rsures8x\8e2e602669621d4d119d18208dcfdeaf\long_double_align_12.c:16: error: size of array `x' is negative

**** END FILE stderr ***
Test failed
**** BEGIN FILE source file: C:/Users/rsures8x/AppData/Local/Temp/cov-rsures8x/1401f10a89ad7234beb8d0dba6b0e1bf/cov-rsures8x/8e2e602669621d4d119d18208dcfdeaf/long_double_align_11.c
struct X { char a; long double b; };
struct Y {
char a1;
char a2;
char a3;
char a4;
char a5;
char a6;
char a7;
char a8;
char a9;
char a10;
char a11;
long double b; };
int x[sizeof(struct X)==sizeof(struct Y)?1:-1];


**** END FILE source file ***
pipe_command: c:\program files\dev-cpp\bin\gcc.exe -c C:\Users\rsures8x\AppData\Local\Temp\cov-rsures8x\1401f10a89ad7234beb8d0dba6b0e1bf\cov-rsures8x\8e2e602669621d4d119d18208dcfdeaf\long_double_align_11.c 
pipe_commands starting: c:\program files\dev-cpp\bin\gcc.exe -c C:\Users\rsures8x\AppData\Local\Temp\cov-rsures8x\1401f10a89ad7234beb8d0dba6b0e1bf\cov-rsures8x\8e2e602669621d4d119d18208dcfdeaf\long_double_align_11.c 
**** BEGIN FILE stdout: 

**** END FILE stdout ***
**** BEGIN FILE stderr: 
C:\Users\rsures8x\AppData\Local\Temp\cov-rsures8x\1401f10a89ad7234beb8d0dba6b0e1bf\cov-rsures8x\8e2e602669621d4d119d18208dcfdeaf\long_double_align_11.c:15: error: size of array `x' is negative

**** END FILE stderr ***
Test failed
**** BEGIN FILE source file: C:/Users/rsures8x/AppData/Local/Temp/cov-rsures8x/1401f10a89ad7234beb8d0dba6b0e1bf/cov-rsures8x/8e2e602669621d4d119d18208dcfdeaf/long_double_align_10.c
struct X { char a; long double b; };
struct Y {
char a1;
char a2;
char a3;
char a4;
char a5;
char a6;
char a7;
char a8;
char a9;
char a10;
long double b; };
int x[sizeof(struct X)==sizeof(struct Y)?1:-1];


**** END FILE source file ***
pipe_command: c:\program files\dev-cpp\bin\gcc.exe -c C:\Users\rsures8x\AppData\Local\Temp\cov-rsures8x\1401f10a89ad7234beb8d0dba6b0e1bf\cov-rsures8x\8e2e602669621d4d119d18208dcfdeaf\long_double_align_10.c 
pipe_commands starting: c:\program files\dev-cpp\bin\gcc.exe -c C:\Users\rsures8x\AppData\Local\Temp\cov-rsures8x\1401f10a89ad7234beb8d0dba6b0e1bf\cov-rsures8x\8e2e602669621d4d119d18208dcfdeaf\long_double_align_10.c 
**** BEGIN FILE stdout: 

**** END FILE stdout ***
**** BEGIN FILE stderr: 
C:\Users\rsures8x\AppData\Local\Temp\cov-rsures8x\1401f10a89ad7234beb8d0dba6b0e1bf\cov-rsures8x\8e2e602669621d4d119d18208dcfdeaf\long_double_align_10.c:14: error: size of array `x' is negative

**** END FILE stderr ***
Test failed
**** BEGIN FILE source file: C:/Users/rsures8x/AppData/Local/Temp/cov-rsures8x/1401f10a89ad7234beb8d0dba6b0e1bf/cov-rsures8x/8e2e602669621d4d119d18208dcfdeaf/long_double_align_9.c
struct X { char a; long double b; };
struct Y {
char a1;
char a2;
char a3;
char a4;
char a5;
char a6;
char a7;
char a8;
char a9;
long double b; };
int x[sizeof(struct X)==sizeof(struct Y)?1:-1];


**** END FILE source file ***
pipe_command: c:\program files\dev-cpp\bin\gcc.exe -c C:\Users\rsures8x\AppData\Local\Temp\cov-rsures8x\1401f10a89ad7234beb8d0dba6b0e1bf\cov-rsures8x\8e2e602669621d4d119d18208dcfdeaf\long_double_align_9.c 
pipe_commands starting: c:\program files\dev-cpp\bin\gcc.exe -c C:\Users\rsures8x\AppData\Local\Temp\cov-rsures8x\1401f10a89ad7234beb8d0dba6b0e1bf\cov-rsures8x\8e2e602669621d4d119d18208dcfdeaf\long_double_align_9.c 
**** BEGIN FILE stdout: 

**** END FILE stdout ***
**** BEGIN FILE stderr: 
C:\Users\rsures8x\AppData\Local\Temp\cov-rsures8x\1401f10a89ad7234beb8d0dba6b0e1bf\cov-rsures8x\8e2e602669621d4d119d18208dcfdeaf\long_double_align_9.c:13: error: size of array `x' is negative

**** END FILE stderr ***
Test failed
**** BEGIN FILE source file: C:/Users/rsures8x/AppData/Local/Temp/cov-rsures8x/1401f10a89ad7234beb8d0dba6b0e1bf/cov-rsures8x/8e2e602669621d4d119d18208dcfdeaf/long_double_align_8.c
struct X { char a; long double b; };
struct Y {
char a1;
char a2;
char a3;
char a4;
char a5;
char a6;
char a7;
char a8;
long double b; };
int x[sizeof(struct X)==sizeof(struct Y)?1:-1];


**** END FILE source file ***
pipe_command: c:\program files\dev-cpp\bin\gcc.exe -c C:\Users\rsures8x\AppData\Local\Temp\cov-rsures8x\1401f10a89ad7234beb8d0dba6b0e1bf\cov-rsures8x\8e2e602669621d4d119d18208dcfdeaf\long_double_align_8.c 
pipe_commands starting: c:\program files\dev-cpp\bin\gcc.exe -c C:\Users\rsures8x\AppData\Local\Temp\cov-rsures8x\1401f10a89ad7234beb8d0dba6b0e1bf\cov-rsures8x\8e2e602669621d4d119d18208dcfdeaf\long_double_align_8.c 
**** BEGIN FILE stdout: 

**** END FILE stdout ***
**** BEGIN FILE stderr: 
C:\Users\rsures8x\AppData\Local\Temp\cov-rsures8x\1401f10a89ad7234beb8d0dba6b0e1bf\cov-rsures8x\8e2e602669621d4d119d18208dcfdeaf\long_double_align_8.c:12: error: size of array `x' is negative

**** END FILE stderr ***
Test failed
**** BEGIN FILE source file: C:/Users/rsures8x/AppData/Local/Temp/cov-rsures8x/1401f10a89ad7234beb8d0dba6b0e1bf/cov-rsures8x/8e2e602669621d4d119d18208dcfdeaf/long_double_align_7.c
struct X { char a; long double b; };
struct Y {
char a1;
char a2;
char a3;
char a4;
char a5;
char a6;
char a7;
long double b; };
int x[sizeof(struct X)==sizeof(struct Y)?1:-1];


**** END FILE source file ***
pipe_command: c:\program files\dev-cpp\bin\gcc.exe -c C:\Users\rsures8x\AppData\Local\Temp\cov-rsures8x\1401f10a89ad7234beb8d0dba6b0e1bf\cov-rsures8x\8e2e602669621d4d119d18208dcfdeaf\long_double_align_7.c 
pipe_commands starting: c:\program files\dev-cpp\bin\gcc.exe -c C:\Users\rsures8x\AppData\Local\Temp\cov-rsures8x\1401f10a89ad7234beb8d0dba6b0e1bf\cov-rsures8x\8e2e602669621d4d119d18208dcfdeaf\long_double_align_7.c 
**** BEGIN FILE stdout: 

**** END FILE stdout ***
**** BEGIN FILE stderr: 
C:\Users\rsures8x\AppData\Local\Temp\cov-rsures8x\1401f10a89ad7234beb8d0dba6b0e1bf\cov-rsures8x\8e2e602669621d4d119d18208dcfdeaf\long_double_align_7.c:11: error: size of array `x' is negative

**** END FILE stderr ***
Test failed
**** BEGIN FILE source file: C:/Users/rsures8x/AppData/Local/Temp/cov-rsures8x/1401f10a89ad7234beb8d0dba6b0e1bf/cov-rsures8x/8e2e602669621d4d119d18208dcfdeaf/long_double_align_6.c
struct X { char a; long double b; };
struct Y {
char a1;
char a2;
char a3;
char a4;
char a5;
char a6;
long double b; };
int x[sizeof(struct X)==sizeof(struct Y)?1:-1];


**** END FILE source file ***
pipe_command: c:\program files\dev-cpp\bin\gcc.exe -c C:\Users\rsures8x\AppData\Local\Temp\cov-rsures8x\1401f10a89ad7234beb8d0dba6b0e1bf\cov-rsures8x\8e2e602669621d4d119d18208dcfdeaf\long_double_align_6.c 
pipe_commands starting: c:\program files\dev-cpp\bin\gcc.exe -c C:\Users\rsures8x\AppData\Local\Temp\cov-rsures8x\1401f10a89ad7234beb8d0dba6b0e1bf\cov-rsures8x\8e2e602669621d4d119d18208dcfdeaf\long_double_align_6.c 
**** BEGIN FILE stdout: 

**** END FILE stdout ***
**** BEGIN FILE stderr: 
C:\Users\rsures8x\AppData\Local\Temp\cov-rsures8x\1401f10a89ad7234beb8d0dba6b0e1bf\cov-rsures8x\8e2e602669621d4d119d18208dcfdeaf\long_double_align_6.c:10: error: size of array `x' is negative

**** END FILE stderr ***
Test failed
**** BEGIN FILE source file: C:/Users/rsures8x/AppData/Local/Temp/cov-rsures8x/1401f10a89ad7234beb8d0dba6b0e1bf/cov-rsures8x/8e2e602669621d4d119d18208dcfdeaf/long_double_align_5.c
struct X { char a; long double b; };
struct Y {
char a1;
char a2;
char a3;
char a4;
char a5;
long double b; };
int x[sizeof(struct X)==sizeof(struct Y)?1:-1];


**** END FILE source file ***
pipe_command: c:\program files\dev-cpp\bin\gcc.exe -c C:\Users\rsures8x\AppData\Local\Temp\cov-rsures8x\1401f10a89ad7234beb8d0dba6b0e1bf\cov-rsures8x\8e2e602669621d4d119d18208dcfdeaf\long_double_align_5.c 
pipe_commands starting: c:\program files\dev-cpp\bin\gcc.exe -c C:\Users\rsures8x\AppData\Local\Temp\cov-rsures8x\1401f10a89ad7234beb8d0dba6b0e1bf\cov-rsures8x\8e2e602669621d4d119d18208dcfdeaf\long_double_align_5.c 
**** BEGIN FILE stdout: 

**** END FILE stdout ***
**** BEGIN FILE stderr: 
C:\Users\rsures8x\AppData\Local\Temp\cov-rsures8x\1401f10a89ad7234beb8d0dba6b0e1bf\cov-rsures8x\8e2e602669621d4d119d18208dcfdeaf\long_double_align_5.c:9: error: size of array `x' is negative

**** END FILE stderr ***
Test failed
**** BEGIN FILE source file: C:/Users/rsures8x/AppData/Local/Temp/cov-rsures8x/1401f10a89ad7234beb8d0dba6b0e1bf/cov-rsures8x/8e2e602669621d4d119d18208dcfdeaf/long_double_align_4.c
struct X { char a; long double b; };
struct Y {
char a1;
char a2;
char a3;
char a4;
long double b; };
int x[sizeof(struct X)==sizeof(struct Y)?1:-1];


**** END FILE source file ***
pipe_command: c:\program files\dev-cpp\bin\gcc.exe -c C:\Users\rsures8x\AppData\Local\Temp\cov-rsures8x\1401f10a89ad7234beb8d0dba6b0e1bf\cov-rsures8x\8e2e602669621d4d119d18208dcfdeaf\long_double_align_4.c 
pipe_commands starting: c:\program files\dev-cpp\bin\gcc.exe -c C:\Users\rsures8x\AppData\Local\Temp\cov-rsures8x\1401f10a89ad7234beb8d0dba6b0e1bf\cov-rsures8x\8e2e602669621d4d119d18208dcfdeaf\long_double_align_4.c 
**** BEGIN FILE stdout: 

**** END FILE stdout ***
**** BEGIN FILE stderr: 

**** END FILE stderr ***
Test succeded
Detecting size and alignment of double
**** BEGIN PROBE run_type_size_test ****
**** BEGIN FILE source file: C:/Users/rsures8x/AppData/Local/Temp/cov-rsures8x/1401f10a89ad7234beb8d0dba6b0e1bf/cov-rsures8x/8e2e602669621d4d119d18208dcfdeaf/keyword_double.c
double x;

**** END FILE source file ***
pipe_command: c:\program files\dev-cpp\bin\gcc.exe -c C:\Users\rsures8x\AppData\Local\Temp\cov-rsures8x\1401f10a89ad7234beb8d0dba6b0e1bf\cov-rsures8x\8e2e602669621d4d119d18208dcfdeaf\keyword_double.c 
pipe_commands starting: c:\program files\dev-cpp\bin\gcc.exe -c C:\Users\rsures8x\AppData\Local\Temp\cov-rsures8x\1401f10a89ad7234beb8d0dba6b0e1bf\cov-rsures8x\8e2e602669621d4d119d18208dcfdeaf\keyword_double.c 
**** BEGIN FILE stdout: 

**** END FILE stdout ***
**** BEGIN FILE stderr: 

**** END FILE stderr ***
Test succeded
**** BEGIN FILE source file: C:/Users/rsures8x/AppData/Local/Temp/cov-rsures8x/1401f10a89ad7234beb8d0dba6b0e1bf/cov-rsures8x/8e2e602669621d4d119d18208dcfdeaf/double_size_12.c
int x [((int)sizeof (double)) -12];

**** END FILE source file ***
pipe_command: c:\program files\dev-cpp\bin\gcc.exe -c C:\Users\rsures8x\AppData\Local\Temp\cov-rsures8x\1401f10a89ad7234beb8d0dba6b0e1bf\cov-rsures8x\8e2e602669621d4d119d18208dcfdeaf\double_size_12.c 
pipe_commands starting: c:\program files\dev-cpp\bin\gcc.exe -c C:\Users\rsures8x\AppData\Local\Temp\cov-rsures8x\1401f10a89ad7234beb8d0dba6b0e1bf\cov-rsures8x\8e2e602669621d4d119d18208dcfdeaf\double_size_12.c 
**** BEGIN FILE stdout: 

**** END FILE stdout ***
**** BEGIN FILE stderr: 
C:\Users\rsures8x\AppData\Local\Temp\cov-rsures8x\1401f10a89ad7234beb8d0dba6b0e1bf\cov-rsures8x\8e2e602669621d4d119d18208dcfdeaf\double_size_12.c:1: error: size of array `x' is negative

**** END FILE stderr ***
Test failed
**** BEGIN FILE source file: C:/Users/rsures8x/AppData/Local/Temp/cov-rsures8x/1401f10a89ad7234beb8d0dba6b0e1bf/cov-rsures8x/8e2e602669621d4d119d18208dcfdeaf/double_size_11.c
int x [((int)sizeof (double)) -11];

**** END FILE source file ***
pipe_command: c:\program files\dev-cpp\bin\gcc.exe -c C:\Users\rsures8x\AppData\Local\Temp\cov-rsures8x\1401f10a89ad7234beb8d0dba6b0e1bf\cov-rsures8x\8e2e602669621d4d119d18208dcfdeaf\double_size_11.c 
pipe_commands starting: c:\program files\dev-cpp\bin\gcc.exe -c C:\Users\rsures8x\AppData\Local\Temp\cov-rsures8x\1401f10a89ad7234beb8d0dba6b0e1bf\cov-rsures8x\8e2e602669621d4d119d18208dcfdeaf\double_size_11.c 
**** BEGIN FILE stdout: 

**** END FILE stdout ***
**** BEGIN FILE stderr: 
C:\Users\rsures8x\AppData\Local\Temp\cov-rsures8x\1401f10a89ad7234beb8d0dba6b0e1bf\cov-rsures8x\8e2e602669621d4d119d18208dcfdeaf\double_size_11.c:1: error: size of array `x' is negative

**** END FILE stderr ***
Test failed
**** BEGIN FILE source file: C:/Users/rsures8x/AppData/Local/Temp/cov-rsures8x/1401f10a89ad7234beb8d0dba6b0e1bf/cov-rsures8x/8e2e602669621d4d119d18208dcfdeaf/double_size_10.c
int x [((int)sizeof (double)) -10];

**** END FILE source file ***
pipe_command: c:\program files\dev-cpp\bin\gcc.exe -c C:\Users\rsures8x\AppData\Local\Temp\cov-rsures8x\1401f10a89ad7234beb8d0dba6b0e1bf\cov-rsures8x\8e2e602669621d4d119d18208dcfdeaf\double_size_10.c 
pipe_commands starting: c:\program files\dev-cpp\bin\gcc.exe -c C:\Users\rsures8x\AppData\Local\Temp\cov-rsures8x\1401f10a89ad7234beb8d0dba6b0e1bf\cov-rsures8x\8e2e602669621d4d119d18208dcfdeaf\double_size_10.c 
**** BEGIN FILE stdout: 

**** END FILE stdout ***
**** BEGIN FILE stderr: 
C:\Users\rsures8x\AppData\Local\Temp\cov-rsures8x\1401f10a89ad7234beb8d0dba6b0e1bf\cov-rsures8x\8e2e602669621d4d119d18208dcfdeaf\double_size_10.c:1: error: size of array `x' is negative

**** END FILE stderr ***
Test failed
**** BEGIN FILE source file: C:/Users/rsures8x/AppData/Local/Temp/cov-rsures8x/1401f10a89ad7234beb8d0dba6b0e1bf/cov-rsures8x/8e2e602669621d4d119d18208dcfdeaf/double_size_9.c
int x [((int)sizeof (double)) -9];

**** END FILE source file ***
pipe_command: c:\program files\dev-cpp\bin\gcc.exe -c C:\Users\rsures8x\AppData\Local\Temp\cov-rsures8x\1401f10a89ad7234beb8d0dba6b0e1bf\cov-rsures8x\8e2e602669621d4d119d18208dcfdeaf\double_size_9.c 
pipe_commands starting: c:\program files\dev-cpp\bin\gcc.exe -c C:\Users\rsures8x\AppData\Local\Temp\cov-rsures8x\1401f10a89ad7234beb8d0dba6b0e1bf\cov-rsures8x\8e2e602669621d4d119d18208dcfdeaf\double_size_9.c 
**** BEGIN FILE stdout: 

**** END FILE stdout ***
**** BEGIN FILE stderr: 
C:\Users\rsures8x\AppData\Local\Temp\cov-rsures8x\1401f10a89ad7234beb8d0dba6b0e1bf\cov-rsures8x\8e2e602669621d4d119d18208dcfdeaf\double_size_9.c:1: error: size of array `x' is negative

**** END FILE stderr ***
Test failed
**** BEGIN FILE source file: C:/Users/rsures8x/AppData/Local/Temp/cov-rsures8x/1401f10a89ad7234beb8d0dba6b0e1bf/cov-rsures8x/8e2e602669621d4d119d18208dcfdeaf/double_size_8.c
int x [((int)sizeof (double)) -8];

**** END FILE source file ***
pipe_command: c:\program files\dev-cpp\bin\gcc.exe -c C:\Users\rsures8x\AppData\Local\Temp\cov-rsures8x\1401f10a89ad7234beb8d0dba6b0e1bf\cov-rsures8x\8e2e602669621d4d119d18208dcfdeaf\double_size_8.c 
pipe_commands starting: c:\program files\dev-cpp\bin\gcc.exe -c C:\Users\rsures8x\AppData\Local\Temp\cov-rsures8x\1401f10a89ad7234beb8d0dba6b0e1bf\cov-rsures8x\8e2e602669621d4d119d18208dcfdeaf\double_size_8.c 
**** BEGIN FILE stdout: 

**** END FILE stdout ***
**** BEGIN FILE stderr: 

**** END FILE stderr ***
Test succeded
**** END PROBE run_type_size_test ****
**** BEGIN FILE source file: C:/Users/rsures8x/AppData/Local/Temp/cov-rsures8x/1401f10a89ad7234beb8d0dba6b0e1bf/cov-rsures8x/8e2e602669621d4d119d18208dcfdeaf/double_align_12.c
struct X { char a; double b; };
struct Y {
char a1;
char a2;
char a3;
char a4;
char a5;
char a6;
char a7;
char a8;
char a9;
char a10;
char a11;
char a12;
double b; };
int x[sizeof(struct X)==sizeof(struct Y)?1:-1];


**** END FILE source file ***
pipe_command: c:\program files\dev-cpp\bin\gcc.exe -c C:\Users\rsures8x\AppData\Local\Temp\cov-rsures8x\1401f10a89ad7234beb8d0dba6b0e1bf\cov-rsures8x\8e2e602669621d4d119d18208dcfdeaf\double_align_12.c 
pipe_commands starting: c:\program files\dev-cpp\bin\gcc.exe -c C:\Users\rsures8x\AppData\Local\Temp\cov-rsures8x\1401f10a89ad7234beb8d0dba6b0e1bf\cov-rsures8x\8e2e602669621d4d119d18208dcfdeaf\double_align_12.c 
**** BEGIN FILE stdout: 

**** END FILE stdout ***
**** BEGIN FILE stderr: 
C:\Users\rsures8x\AppData\Local\Temp\cov-rsures8x\1401f10a89ad7234beb8d0dba6b0e1bf\cov-rsures8x\8e2e602669621d4d119d18208dcfdeaf\double_align_12.c:16: error: size of array `x' is negative

**** END FILE stderr ***
Test failed
**** BEGIN FILE source file: C:/Users/rsures8x/AppData/Local/Temp/cov-rsures8x/1401f10a89ad7234beb8d0dba6b0e1bf/cov-rsures8x/8e2e602669621d4d119d18208dcfdeaf/double_align_11.c
struct X { char a; double b; };
struct Y {
char a1;
char a2;
char a3;
char a4;
char a5;
char a6;
char a7;
char a8;
char a9;
char a10;
char a11;
double b; };
int x[sizeof(struct X)==sizeof(struct Y)?1:-1];


**** END FILE source file ***
pipe_command: c:\program files\dev-cpp\bin\gcc.exe -c C:\Users\rsures8x\AppData\Local\Temp\cov-rsures8x\1401f10a89ad7234beb8d0dba6b0e1bf\cov-rsures8x\8e2e602669621d4d119d18208dcfdeaf\double_align_11.c 
pipe_commands starting: c:\program files\dev-cpp\bin\gcc.exe -c C:\Users\rsures8x\AppData\Local\Temp\cov-rsures8x\1401f10a89ad7234beb8d0dba6b0e1bf\cov-rsures8x\8e2e602669621d4d119d18208dcfdeaf\double_align_11.c 
**** BEGIN FILE stdout: 

**** END FILE stdout ***
**** BEGIN FILE stderr: 
C:\Users\rsures8x\AppData\Local\Temp\cov-rsures8x\1401f10a89ad7234beb8d0dba6b0e1bf\cov-rsures8x\8e2e602669621d4d119d18208dcfdeaf\double_align_11.c:15: error: size of array `x' is negative

**** END FILE stderr ***
Test failed
**** BEGIN FILE source file: C:/Users/rsures8x/AppData/Local/Temp/cov-rsures8x/1401f10a89ad7234beb8d0dba6b0e1bf/cov-rsures8x/8e2e602669621d4d119d18208dcfdeaf/double_align_10.c
struct X { char a; double b; };
struct Y {
char a1;
char a2;
char a3;
char a4;
char a5;
char a6;
char a7;
char a8;
char a9;
char a10;
double b; };
int x[sizeof(struct X)==sizeof(struct Y)?1:-1];


**** END FILE source file ***
pipe_command: c:\program files\dev-cpp\bin\gcc.exe -c C:\Users\rsures8x\AppData\Local\Temp\cov-rsures8x\1401f10a89ad7234beb8d0dba6b0e1bf\cov-rsures8x\8e2e602669621d4d119d18208dcfdeaf\double_align_10.c 
pipe_commands starting: c:\program files\dev-cpp\bin\gcc.exe -c C:\Users\rsures8x\AppData\Local\Temp\cov-rsures8x\1401f10a89ad7234beb8d0dba6b0e1bf\cov-rsures8x\8e2e602669621d4d119d18208dcfdeaf\double_align_10.c 
**** BEGIN FILE stdout: 

**** END FILE stdout ***
**** BEGIN FILE stderr: 
C:\Users\rsures8x\AppData\Local\Temp\cov-rsures8x\1401f10a89ad7234beb8d0dba6b0e1bf\cov-rsures8x\8e2e602669621d4d119d18208dcfdeaf\double_align_10.c:14: error: size of array `x' is negative

**** END FILE stderr ***
Test failed
**** BEGIN FILE source file: C:/Users/rsures8x/AppData/Local/Temp/cov-rsures8x/1401f10a89ad7234beb8d0dba6b0e1bf/cov-rsures8x/8e2e602669621d4d119d18208dcfdeaf/double_align_9.c
struct X { char a; double b; };
struct Y {
char a1;
char a2;
char a3;
char a4;
char a5;
char a6;
char a7;
char a8;
char a9;
double b; };
int x[sizeof(struct X)==sizeof(struct Y)?1:-1];


**** END FILE source file ***
pipe_command: c:\program files\dev-cpp\bin\gcc.exe -c C:\Users\rsures8x\AppData\Local\Temp\cov-rsures8x\1401f10a89ad7234beb8d0dba6b0e1bf\cov-rsures8x\8e2e602669621d4d119d18208dcfdeaf\double_align_9.c 
pipe_commands starting: c:\program files\dev-cpp\bin\gcc.exe -c C:\Users\rsures8x\AppData\Local\Temp\cov-rsures8x\1401f10a89ad7234beb8d0dba6b0e1bf\cov-rsures8x\8e2e602669621d4d119d18208dcfdeaf\double_align_9.c 
**** BEGIN FILE stdout: 

**** END FILE stdout ***
**** BEGIN FILE stderr: 
C:\Users\rsures8x\AppData\Local\Temp\cov-rsures8x\1401f10a89ad7234beb8d0dba6b0e1bf\cov-rsures8x\8e2e602669621d4d119d18208dcfdeaf\double_align_9.c:13: error: size of array `x' is negative

**** END FILE stderr ***
Test failed
**** BEGIN FILE source file: C:/Users/rsures8x/AppData/Local/Temp/cov-rsures8x/1401f10a89ad7234beb8d0dba6b0e1bf/cov-rsures8x/8e2e602669621d4d119d18208dcfdeaf/double_align_8.c
struct X { char a; double b; };
struct Y {
char a1;
char a2;
char a3;
char a4;
char a5;
char a6;
char a7;
char a8;
double b; };
int x[sizeof(struct X)==sizeof(struct Y)?1:-1];


**** END FILE source file ***
pipe_command: c:\program files\dev-cpp\bin\gcc.exe -c C:\Users\rsures8x\AppData\Local\Temp\cov-rsures8x\1401f10a89ad7234beb8d0dba6b0e1bf\cov-rsures8x\8e2e602669621d4d119d18208dcfdeaf\double_align_8.c 
pipe_commands starting: c:\program files\dev-cpp\bin\gcc.exe -c C:\Users\rsures8x\AppData\Local\Temp\cov-rsures8x\1401f10a89ad7234beb8d0dba6b0e1bf\cov-rsures8x\8e2e602669621d4d119d18208dcfdeaf\double_align_8.c 
**** BEGIN FILE stdout: 

**** END FILE stdout ***
**** BEGIN FILE stderr: 

**** END FILE stderr ***
Test succeded
Detecting size and alignment of float
**** BEGIN PROBE run_type_size_test ****
**** BEGIN FILE source file: C:/Users/rsures8x/AppData/Local/Temp/cov-rsures8x/1401f10a89ad7234beb8d0dba6b0e1bf/cov-rsures8x/8e2e602669621d4d119d18208dcfdeaf/keyword_float.c
float x;

**** END FILE source file ***
pipe_command: c:\program files\dev-cpp\bin\gcc.exe -c C:\Users\rsures8x\AppData\Local\Temp\cov-rsures8x\1401f10a89ad7234beb8d0dba6b0e1bf\cov-rsures8x\8e2e602669621d4d119d18208dcfdeaf\keyword_float.c 
pipe_commands starting: c:\program files\dev-cpp\bin\gcc.exe -c C:\Users\rsures8x\AppData\Local\Temp\cov-rsures8x\1401f10a89ad7234beb8d0dba6b0e1bf\cov-rsures8x\8e2e602669621d4d119d18208dcfdeaf\keyword_float.c 
**** BEGIN FILE stdout: 

**** END FILE stdout ***
**** BEGIN FILE stderr: 

**** END FILE stderr ***
Test succeded
**** BEGIN FILE source file: C:/Users/rsures8x/AppData/Local/Temp/cov-rsures8x/1401f10a89ad7234beb8d0dba6b0e1bf/cov-rsures8x/8e2e602669621d4d119d18208dcfdeaf/float_size_8.c
int x [((int)sizeof (float)) -8];

**** END FILE source file ***
pipe_command: c:\program files\dev-cpp\bin\gcc.exe -c C:\Users\rsures8x\AppData\Local\Temp\cov-rsures8x\1401f10a89ad7234beb8d0dba6b0e1bf\cov-rsures8x\8e2e602669621d4d119d18208dcfdeaf\float_size_8.c 
pipe_commands starting: c:\program files\dev-cpp\bin\gcc.exe -c C:\Users\rsures8x\AppData\Local\Temp\cov-rsures8x\1401f10a89ad7234beb8d0dba6b0e1bf\cov-rsures8x\8e2e602669621d4d119d18208dcfdeaf\float_size_8.c 
**** BEGIN FILE stdout: 

**** END FILE stdout ***
**** BEGIN FILE stderr: 
C:\Users\rsures8x\AppData\Local\Temp\cov-rsures8x\1401f10a89ad7234beb8d0dba6b0e1bf\cov-rsures8x\8e2e602669621d4d119d18208dcfdeaf\float_size_8.c:1: error: size of array `x' is negative

**** END FILE stderr ***
Test failed
**** BEGIN FILE source file: C:/Users/rsures8x/AppData/Local/Temp/cov-rsures8x/1401f10a89ad7234beb8d0dba6b0e1bf/cov-rsures8x/8e2e602669621d4d119d18208dcfdeaf/float_size_7.c
int x [((int)sizeof (float)) -7];

**** END FILE source file ***
pipe_command: c:\program files\dev-cpp\bin\gcc.exe -c C:\Users\rsures8x\AppData\Local\Temp\cov-rsures8x\1401f10a89ad7234beb8d0dba6b0e1bf\cov-rsures8x\8e2e602669621d4d119d18208dcfdeaf\float_size_7.c 
pipe_commands starting: c:\program files\dev-cpp\bin\gcc.exe -c C:\Users\rsures8x\AppData\Local\Temp\cov-rsures8x\1401f10a89ad7234beb8d0dba6b0e1bf\cov-rsures8x\8e2e602669621d4d119d18208dcfdeaf\float_size_7.c 
**** BEGIN FILE stdout: 

**** END FILE stdout ***
**** BEGIN FILE stderr: 
C:\Users\rsures8x\AppData\Local\Temp\cov-rsures8x\1401f10a89ad7234beb8d0dba6b0e1bf\cov-rsures8x\8e2e602669621d4d119d18208dcfdeaf\float_size_7.c:1: error: size of array `x' is negative

**** END FILE stderr ***
Test failed
**** BEGIN FILE source file: C:/Users/rsures8x/AppData/Local/Temp/cov-rsures8x/1401f10a89ad7234beb8d0dba6b0e1bf/cov-rsures8x/8e2e602669621d4d119d18208dcfdeaf/float_size_6.c
int x [((int)sizeof (float)) -6];

**** END FILE source file ***
pipe_command: c:\program files\dev-cpp\bin\gcc.exe -c C:\Users\rsures8x\AppData\Local\Temp\cov-rsures8x\1401f10a89ad7234beb8d0dba6b0e1bf\cov-rsures8x\8e2e602669621d4d119d18208dcfdeaf\float_size_6.c 
pipe_commands starting: c:\program files\dev-cpp\bin\gcc.exe -c C:\Users\rsures8x\AppData\Local\Temp\cov-rsures8x\1401f10a89ad7234beb8d0dba6b0e1bf\cov-rsures8x\8e2e602669621d4d119d18208dcfdeaf\float_size_6.c 
**** BEGIN FILE stdout: 

**** END FILE stdout ***
**** BEGIN FILE stderr: 
C:\Users\rsures8x\AppData\Local\Temp\cov-rsures8x\1401f10a89ad7234beb8d0dba6b0e1bf\cov-rsures8x\8e2e602669621d4d119d18208dcfdeaf\float_size_6.c:1: error: size of array `x' is negative

**** END FILE stderr ***
Test failed
**** BEGIN FILE source file: C:/Users/rsures8x/AppData/Local/Temp/cov-rsures8x/1401f10a89ad7234beb8d0dba6b0e1bf/cov-rsures8x/8e2e602669621d4d119d18208dcfdeaf/float_size_5.c
int x [((int)sizeof (float)) -5];

**** END FILE source file ***
pipe_command: c:\program files\dev-cpp\bin\gcc.exe -c C:\Users\rsures8x\AppData\Local\Temp\cov-rsures8x\1401f10a89ad7234beb8d0dba6b0e1bf\cov-rsures8x\8e2e602669621d4d119d18208dcfdeaf\float_size_5.c 
pipe_commands starting: c:\program files\dev-cpp\bin\gcc.exe -c C:\Users\rsures8x\AppData\Local\Temp\cov-rsures8x\1401f10a89ad7234beb8d0dba6b0e1bf\cov-rsures8x\8e2e602669621d4d119d18208dcfdeaf\float_size_5.c 
**** BEGIN FILE stdout: 

**** END FILE stdout ***
**** BEGIN FILE stderr: 
C:\Users\rsures8x\AppData\Local\Temp\cov-rsures8x\1401f10a89ad7234beb8d0dba6b0e1bf\cov-rsures8x\8e2e602669621d4d119d18208dcfdeaf\float_size_5.c:1: error: size of array `x' is negative

**** END FILE stderr ***
Test failed
**** BEGIN FILE source file: C:/Users/rsures8x/AppData/Local/Temp/cov-rsures8x/1401f10a89ad7234beb8d0dba6b0e1bf/cov-rsures8x/8e2e602669621d4d119d18208dcfdeaf/float_size_4.c
int x [((int)sizeof (float)) -4];

**** END FILE source file ***
pipe_command: c:\program files\dev-cpp\bin\gcc.exe -c C:\Users\rsures8x\AppData\Local\Temp\cov-rsures8x\1401f10a89ad7234beb8d0dba6b0e1bf\cov-rsures8x\8e2e602669621d4d119d18208dcfdeaf\float_size_4.c 
pipe_commands starting: c:\program files\dev-cpp\bin\gcc.exe -c C:\Users\rsures8x\AppData\Local\Temp\cov-rsures8x\1401f10a89ad7234beb8d0dba6b0e1bf\cov-rsures8x\8e2e602669621d4d119d18208dcfdeaf\float_size_4.c 
**** BEGIN FILE stdout: 

**** END FILE stdout ***
**** BEGIN FILE stderr: 

**** END FILE stderr ***
Test succeded
**** END PROBE run_type_size_test ****
**** BEGIN FILE source file: C:/Users/rsures8x/AppData/Local/Temp/cov-rsures8x/1401f10a89ad7234beb8d0dba6b0e1bf/cov-rsures8x/8e2e602669621d4d119d18208dcfdeaf/float_align_8.c
struct X { char a; float b; };
struct Y {
char a1;
char a2;
char a3;
char a4;
char a5;
char a6;
char a7;
char a8;
float b; };
int x[sizeof(struct X)==sizeof(struct Y)?1:-1];


**** END FILE source file ***
pipe_command: c:\program files\dev-cpp\bin\gcc.exe -c C:\Users\rsures8x\AppData\Local\Temp\cov-rsures8x\1401f10a89ad7234beb8d0dba6b0e1bf\cov-rsures8x\8e2e602669621d4d119d18208dcfdeaf\float_align_8.c 
pipe_commands starting: c:\program files\dev-cpp\bin\gcc.exe -c C:\Users\rsures8x\AppData\Local\Temp\cov-rsures8x\1401f10a89ad7234beb8d0dba6b0e1bf\cov-rsures8x\8e2e602669621d4d119d18208dcfdeaf\float_align_8.c 
**** BEGIN FILE stdout: 

**** END FILE stdout ***
**** BEGIN FILE stderr: 
C:\Users\rsures8x\AppData\Local\Temp\cov-rsures8x\1401f10a89ad7234beb8d0dba6b0e1bf\cov-rsures8x\8e2e602669621d4d119d18208dcfdeaf\float_align_8.c:12: error: size of array `x' is negative

**** END FILE stderr ***
Test failed
**** BEGIN FILE source file: C:/Users/rsures8x/AppData/Local/Temp/cov-rsures8x/1401f10a89ad7234beb8d0dba6b0e1bf/cov-rsures8x/8e2e602669621d4d119d18208dcfdeaf/float_align_7.c
struct X { char a; float b; };
struct Y {
char a1;
char a2;
char a3;
char a4;
char a5;
char a6;
char a7;
float b; };
int x[sizeof(struct X)==sizeof(struct Y)?1:-1];


**** END FILE source file ***
pipe_command: c:\program files\dev-cpp\bin\gcc.exe -c C:\Users\rsures8x\AppData\Local\Temp\cov-rsures8x\1401f10a89ad7234beb8d0dba6b0e1bf\cov-rsures8x\8e2e602669621d4d119d18208dcfdeaf\float_align_7.c 
pipe_commands starting: c:\program files\dev-cpp\bin\gcc.exe -c C:\Users\rsures8x\AppData\Local\Temp\cov-rsures8x\1401f10a89ad7234beb8d0dba6b0e1bf\cov-rsures8x\8e2e602669621d4d119d18208dcfdeaf\float_align_7.c 
**** BEGIN FILE stdout: 

**** END FILE stdout ***
**** BEGIN FILE stderr: 
C:\Users\rsures8x\AppData\Local\Temp\cov-rsures8x\1401f10a89ad7234beb8d0dba6b0e1bf\cov-rsures8x\8e2e602669621d4d119d18208dcfdeaf\float_align_7.c:11: error: size of array `x' is negative

**** END FILE stderr ***
Test failed
**** BEGIN FILE source file: C:/Users/rsures8x/AppData/Local/Temp/cov-rsures8x/1401f10a89ad7234beb8d0dba6b0e1bf/cov-rsures8x/8e2e602669621d4d119d18208dcfdeaf/float_align_6.c
struct X { char a; float b; };
struct Y {
char a1;
char a2;
char a3;
char a4;
char a5;
char a6;
float b; };
int x[sizeof(struct X)==sizeof(struct Y)?1:-1];


**** END FILE source file ***
pipe_command: c:\program files\dev-cpp\bin\gcc.exe -c C:\Users\rsures8x\AppData\Local\Temp\cov-rsures8x\1401f10a89ad7234beb8d0dba6b0e1bf\cov-rsures8x\8e2e602669621d4d119d18208dcfdeaf\float_align_6.c 
pipe_commands starting: c:\program files\dev-cpp\bin\gcc.exe -c C:\Users\rsures8x\AppData\Local\Temp\cov-rsures8x\1401f10a89ad7234beb8d0dba6b0e1bf\cov-rsures8x\8e2e602669621d4d119d18208dcfdeaf\float_align_6.c 
**** BEGIN FILE stdout: 

**** END FILE stdout ***
**** BEGIN FILE stderr: 
C:\Users\rsures8x\AppData\Local\Temp\cov-rsures8x\1401f10a89ad7234beb8d0dba6b0e1bf\cov-rsures8x\8e2e602669621d4d119d18208dcfdeaf\float_align_6.c:10: error: size of array `x' is negative

**** END FILE stderr ***
Test failed
**** BEGIN FILE source file: C:/Users/rsures8x/AppData/Local/Temp/cov-rsures8x/1401f10a89ad7234beb8d0dba6b0e1bf/cov-rsures8x/8e2e602669621d4d119d18208dcfdeaf/float_align_5.c
struct X { char a; float b; };
struct Y {
char a1;
char a2;
char a3;
char a4;
char a5;
float b; };
int x[sizeof(struct X)==sizeof(struct Y)?1:-1];


**** END FILE source file ***
pipe_command: c:\program files\dev-cpp\bin\gcc.exe -c C:\Users\rsures8x\AppData\Local\Temp\cov-rsures8x\1401f10a89ad7234beb8d0dba6b0e1bf\cov-rsures8x\8e2e602669621d4d119d18208dcfdeaf\float_align_5.c 
pipe_commands starting: c:\program files\dev-cpp\bin\gcc.exe -c C:\Users\rsures8x\AppData\Local\Temp\cov-rsures8x\1401f10a89ad7234beb8d0dba6b0e1bf\cov-rsures8x\8e2e602669621d4d119d18208dcfdeaf\float_align_5.c 
**** BEGIN FILE stdout: 

**** END FILE stdout ***
**** BEGIN FILE stderr: 
C:\Users\rsures8x\AppData\Local\Temp\cov-rsures8x\1401f10a89ad7234beb8d0dba6b0e1bf\cov-rsures8x\8e2e602669621d4d119d18208dcfdeaf\float_align_5.c:9: error: size of array `x' is negative

**** END FILE stderr ***
Test failed
**** BEGIN FILE source file: C:/Users/rsures8x/AppData/Local/Temp/cov-rsures8x/1401f10a89ad7234beb8d0dba6b0e1bf/cov-rsures8x/8e2e602669621d4d119d18208dcfdeaf/float_align_4.c
struct X { char a; float b; };
struct Y {
char a1;
char a2;
char a3;
char a4;
float b; };
int x[sizeof(struct X)==sizeof(struct Y)?1:-1];


**** END FILE source file ***
pipe_command: c:\program files\dev-cpp\bin\gcc.exe -c C:\Users\rsures8x\AppData\Local\Temp\cov-rsures8x\1401f10a89ad7234beb8d0dba6b0e1bf\cov-rsures8x\8e2e602669621d4d119d18208dcfdeaf\float_align_4.c 
pipe_commands starting: c:\program files\dev-cpp\bin\gcc.exe -c C:\Users\rsures8x\AppData\Local\Temp\cov-rsures8x\1401f10a89ad7234beb8d0dba6b0e1bf\cov-rsures8x\8e2e602669621d4d119d18208dcfdeaf\float_align_4.c 
**** BEGIN FILE stdout: 

**** END FILE stdout ***
**** BEGIN FILE stderr: 

**** END FILE stderr ***
Test succeded
Detecting size and alignment of int *
**** BEGIN PROBE run_type_size_test ****
**** BEGIN FILE source file: C:/Users/rsures8x/AppData/Local/Temp/cov-rsures8x/1401f10a89ad7234beb8d0dba6b0e1bf/cov-rsures8x/8e2e602669621d4d119d18208dcfdeaf/keyword_int__ptr_.c
int * x;

**** END FILE source file ***
pipe_command: c:\program files\dev-cpp\bin\gcc.exe -c C:\Users\rsures8x\AppData\Local\Temp\cov-rsures8x\1401f10a89ad7234beb8d0dba6b0e1bf\cov-rsures8x\8e2e602669621d4d119d18208dcfdeaf\keyword_int__ptr_.c 
pipe_commands starting: c:\program files\dev-cpp\bin\gcc.exe -c C:\Users\rsures8x\AppData\Local\Temp\cov-rsures8x\1401f10a89ad7234beb8d0dba6b0e1bf\cov-rsures8x\8e2e602669621d4d119d18208dcfdeaf\keyword_int__ptr_.c 
**** BEGIN FILE stdout: 

**** END FILE stdout ***
**** BEGIN FILE stderr: 

**** END FILE stderr ***
Test succeded
**** BEGIN FILE source file: C:/Users/rsures8x/AppData/Local/Temp/cov-rsures8x/1401f10a89ad7234beb8d0dba6b0e1bf/cov-rsures8x/8e2e602669621d4d119d18208dcfdeaf/int__ptr__size_8.c
int x [((int)sizeof (int *)) -8];

**** END FILE source file ***
pipe_command: c:\program files\dev-cpp\bin\gcc.exe -c C:\Users\rsures8x\AppData\Local\Temp\cov-rsures8x\1401f10a89ad7234beb8d0dba6b0e1bf\cov-rsures8x\8e2e602669621d4d119d18208dcfdeaf\int__ptr__size_8.c 
pipe_commands starting: c:\program files\dev-cpp\bin\gcc.exe -c C:\Users\rsures8x\AppData\Local\Temp\cov-rsures8x\1401f10a89ad7234beb8d0dba6b0e1bf\cov-rsures8x\8e2e602669621d4d119d18208dcfdeaf\int__ptr__size_8.c 
**** BEGIN FILE stdout: 

**** END FILE stdout ***
**** BEGIN FILE stderr: 
C:\Users\rsures8x\AppData\Local\Temp\cov-rsures8x\1401f10a89ad7234beb8d0dba6b0e1bf\cov-rsures8x\8e2e602669621d4d119d18208dcfdeaf\int__ptr__size_8.c:1: error: size of array `x' is negative

**** END FILE stderr ***
Test failed
**** BEGIN FILE source file: C:/Users/rsures8x/AppData/Local/Temp/cov-rsures8x/1401f10a89ad7234beb8d0dba6b0e1bf/cov-rsures8x/8e2e602669621d4d119d18208dcfdeaf/int__ptr__size_7.c
int x [((int)sizeof (int *)) -7];

**** END FILE source file ***
pipe_command: c:\program files\dev-cpp\bin\gcc.exe -c C:\Users\rsures8x\AppData\Local\Temp\cov-rsures8x\1401f10a89ad7234beb8d0dba6b0e1bf\cov-rsures8x\8e2e602669621d4d119d18208dcfdeaf\int__ptr__size_7.c 
pipe_commands starting: c:\program files\dev-cpp\bin\gcc.exe -c C:\Users\rsures8x\AppData\Local\Temp\cov-rsures8x\1401f10a89ad7234beb8d0dba6b0e1bf\cov-rsures8x\8e2e602669621d4d119d18208dcfdeaf\int__ptr__size_7.c 
**** BEGIN FILE stdout: 

**** END FILE stdout ***
**** BEGIN FILE stderr: 
C:\Users\rsures8x\AppData\Local\Temp\cov-rsures8x\1401f10a89ad7234beb8d0dba6b0e1bf\cov-rsures8x\8e2e602669621d4d119d18208dcfdeaf\int__ptr__size_7.c:1: error: size of array `x' is negative

**** END FILE stderr ***
Test failed
**** BEGIN FILE source file: C:/Users/rsures8x/AppData/Local/Temp/cov-rsures8x/1401f10a89ad7234beb8d0dba6b0e1bf/cov-rsures8x/8e2e602669621d4d119d18208dcfdeaf/int__ptr__size_6.c
int x [((int)sizeof (int *)) -6];

**** END FILE source file ***
pipe_command: c:\program files\dev-cpp\bin\gcc.exe -c C:\Users\rsures8x\AppData\Local\Temp\cov-rsures8x\1401f10a89ad7234beb8d0dba6b0e1bf\cov-rsures8x\8e2e602669621d4d119d18208dcfdeaf\int__ptr__size_6.c 
pipe_commands starting: c:\program files\dev-cpp\bin\gcc.exe -c C:\Users\rsures8x\AppData\Local\Temp\cov-rsures8x\1401f10a89ad7234beb8d0dba6b0e1bf\cov-rsures8x\8e2e602669621d4d119d18208dcfdeaf\int__ptr__size_6.c 
**** BEGIN FILE stdout: 

**** END FILE stdout ***
**** BEGIN FILE stderr: 
C:\Users\rsures8x\AppData\Local\Temp\cov-rsures8x\1401f10a89ad7234beb8d0dba6b0e1bf\cov-rsures8x\8e2e602669621d4d119d18208dcfdeaf\int__ptr__size_6.c:1: error: size of array `x' is negative

**** END FILE stderr ***
Test failed
**** BEGIN FILE source file: C:/Users/rsures8x/AppData/Local/Temp/cov-rsures8x/1401f10a89ad7234beb8d0dba6b0e1bf/cov-rsures8x/8e2e602669621d4d119d18208dcfdeaf/int__ptr__size_5.c
int x [((int)sizeof (int *)) -5];

**** END FILE source file ***
pipe_command: c:\program files\dev-cpp\bin\gcc.exe -c C:\Users\rsures8x\AppData\Local\Temp\cov-rsures8x\1401f10a89ad7234beb8d0dba6b0e1bf\cov-rsures8x\8e2e602669621d4d119d18208dcfdeaf\int__ptr__size_5.c 
pipe_commands starting: c:\program files\dev-cpp\bin\gcc.exe -c C:\Users\rsures8x\AppData\Local\Temp\cov-rsures8x\1401f10a89ad7234beb8d0dba6b0e1bf\cov-rsures8x\8e2e602669621d4d119d18208dcfdeaf\int__ptr__size_5.c 
**** BEGIN FILE stdout: 

**** END FILE stdout ***
**** BEGIN FILE stderr: 
C:\Users\rsures8x\AppData\Local\Temp\cov-rsures8x\1401f10a89ad7234beb8d0dba6b0e1bf\cov-rsures8x\8e2e602669621d4d119d18208dcfdeaf\int__ptr__size_5.c:1: error: size of array `x' is negative

**** END FILE stderr ***
Test failed
**** BEGIN FILE source file: C:/Users/rsures8x/AppData/Local/Temp/cov-rsures8x/1401f10a89ad7234beb8d0dba6b0e1bf/cov-rsures8x/8e2e602669621d4d119d18208dcfdeaf/int__ptr__size_4.c
int x [((int)sizeof (int *)) -4];

**** END FILE source file ***
pipe_command: c:\program files\dev-cpp\bin\gcc.exe -c C:\Users\rsures8x\AppData\Local\Temp\cov-rsures8x\1401f10a89ad7234beb8d0dba6b0e1bf\cov-rsures8x\8e2e602669621d4d119d18208dcfdeaf\int__ptr__size_4.c 
pipe_commands starting: c:\program files\dev-cpp\bin\gcc.exe -c C:\Users\rsures8x\AppData\Local\Temp\cov-rsures8x\1401f10a89ad7234beb8d0dba6b0e1bf\cov-rsures8x\8e2e602669621d4d119d18208dcfdeaf\int__ptr__size_4.c 
**** BEGIN FILE stdout: 

**** END FILE stdout ***
**** BEGIN FILE stderr: 

**** END FILE stderr ***
Test succeded
**** END PROBE run_type_size_test ****
**** BEGIN FILE source file: C:/Users/rsures8x/AppData/Local/Temp/cov-rsures8x/1401f10a89ad7234beb8d0dba6b0e1bf/cov-rsures8x/8e2e602669621d4d119d18208dcfdeaf/int__ptr__align_8.c
struct X { char a; int * b; };
struct Y {
char a1;
char a2;
char a3;
char a4;
char a5;
char a6;
char a7;
char a8;
int * b; };
int x[sizeof(struct X)==sizeof(struct Y)?1:-1];


**** END FILE source file ***
pipe_command: c:\program files\dev-cpp\bin\gcc.exe -c C:\Users\rsures8x\AppData\Local\Temp\cov-rsures8x\1401f10a89ad7234beb8d0dba6b0e1bf\cov-rsures8x\8e2e602669621d4d119d18208dcfdeaf\int__ptr__align_8.c 
pipe_commands starting: c:\program files\dev-cpp\bin\gcc.exe -c C:\Users\rsures8x\AppData\Local\Temp\cov-rsures8x\1401f10a89ad7234beb8d0dba6b0e1bf\cov-rsures8x\8e2e602669621d4d119d18208dcfdeaf\int__ptr__align_8.c 
**** BEGIN FILE stdout: 

**** END FILE stdout ***
**** BEGIN FILE stderr: 
C:\Users\rsures8x\AppData\Local\Temp\cov-rsures8x\1401f10a89ad7234beb8d0dba6b0e1bf\cov-rsures8x\8e2e602669621d4d119d18208dcfdeaf\int__ptr__align_8.c:12: error: size of array `x' is negative

**** END FILE stderr ***
Test failed
**** BEGIN FILE source file: C:/Users/rsures8x/AppData/Local/Temp/cov-rsures8x/1401f10a89ad7234beb8d0dba6b0e1bf/cov-rsures8x/8e2e602669621d4d119d18208dcfdeaf/int__ptr__align_7.c
struct X { char a; int * b; };
struct Y {
char a1;
char a2;
char a3;
char a4;
char a5;
char a6;
char a7;
int * b; };
int x[sizeof(struct X)==sizeof(struct Y)?1:-1];


**** END FILE source file ***
pipe_command: c:\program files\dev-cpp\bin\gcc.exe -c C:\Users\rsures8x\AppData\Local\Temp\cov-rsures8x\1401f10a89ad7234beb8d0dba6b0e1bf\cov-rsures8x\8e2e602669621d4d119d18208dcfdeaf\int__ptr__align_7.c 
pipe_commands starting: c:\program files\dev-cpp\bin\gcc.exe -c C:\Users\rsures8x\AppData\Local\Temp\cov-rsures8x\1401f10a89ad7234beb8d0dba6b0e1bf\cov-rsures8x\8e2e602669621d4d119d18208dcfdeaf\int__ptr__align_7.c 
**** BEGIN FILE stdout: 

**** END FILE stdout ***
**** BEGIN FILE stderr: 
C:\Users\rsures8x\AppData\Local\Temp\cov-rsures8x\1401f10a89ad7234beb8d0dba6b0e1bf\cov-rsures8x\8e2e602669621d4d119d18208dcfdeaf\int__ptr__align_7.c:11: error: size of array `x' is negative

**** END FILE stderr ***
Test failed
**** BEGIN FILE source file: C:/Users/rsures8x/AppData/Local/Temp/cov-rsures8x/1401f10a89ad7234beb8d0dba6b0e1bf/cov-rsures8x/8e2e602669621d4d119d18208dcfdeaf/int__ptr__align_6.c
struct X { char a; int * b; };
struct Y {
char a1;
char a2;
char a3;
char a4;
char a5;
char a6;
int * b; };
int x[sizeof(struct X)==sizeof(struct Y)?1:-1];


**** END FILE source file ***
pipe_command: c:\program files\dev-cpp\bin\gcc.exe -c C:\Users\rsures8x\AppData\Local\Temp\cov-rsures8x\1401f10a89ad7234beb8d0dba6b0e1bf\cov-rsures8x\8e2e602669621d4d119d18208dcfdeaf\int__ptr__align_6.c 
pipe_commands starting: c:\program files\dev-cpp\bin\gcc.exe -c C:\Users\rsures8x\AppData\Local\Temp\cov-rsures8x\1401f10a89ad7234beb8d0dba6b0e1bf\cov-rsures8x\8e2e602669621d4d119d18208dcfdeaf\int__ptr__align_6.c 
**** BEGIN FILE stdout: 

**** END FILE stdout ***
**** BEGIN FILE stderr: 
C:\Users\rsures8x\AppData\Local\Temp\cov-rsures8x\1401f10a89ad7234beb8d0dba6b0e1bf\cov-rsures8x\8e2e602669621d4d119d18208dcfdeaf\int__ptr__align_6.c:10: error: size of array `x' is negative

**** END FILE stderr ***
Test failed
**** BEGIN FILE source file: C:/Users/rsures8x/AppData/Local/Temp/cov-rsures8x/1401f10a89ad7234beb8d0dba6b0e1bf/cov-rsures8x/8e2e602669621d4d119d18208dcfdeaf/int__ptr__align_5.c
struct X { char a; int * b; };
struct Y {
char a1;
char a2;
char a3;
char a4;
char a5;
int * b; };
int x[sizeof(struct X)==sizeof(struct Y)?1:-1];


**** END FILE source file ***
pipe_command: c:\program files\dev-cpp\bin\gcc.exe -c C:\Users\rsures8x\AppData\Local\Temp\cov-rsures8x\1401f10a89ad7234beb8d0dba6b0e1bf\cov-rsures8x\8e2e602669621d4d119d18208dcfdeaf\int__ptr__align_5.c 
pipe_commands starting: c:\program files\dev-cpp\bin\gcc.exe -c C:\Users\rsures8x\AppData\Local\Temp\cov-rsures8x\1401f10a89ad7234beb8d0dba6b0e1bf\cov-rsures8x\8e2e602669621d4d119d18208dcfdeaf\int__ptr__align_5.c 
**** BEGIN FILE stdout: 

**** END FILE stdout ***
**** BEGIN FILE stderr: 
C:\Users\rsures8x\AppData\Local\Temp\cov-rsures8x\1401f10a89ad7234beb8d0dba6b0e1bf\cov-rsures8x\8e2e602669621d4d119d18208dcfdeaf\int__ptr__align_5.c:9: error: size of array `x' is negative

**** END FILE stderr ***
Test failed
**** BEGIN FILE source file: C:/Users/rsures8x/AppData/Local/Temp/cov-rsures8x/1401f10a89ad7234beb8d0dba6b0e1bf/cov-rsures8x/8e2e602669621d4d119d18208dcfdeaf/int__ptr__align_4.c
struct X { char a; int * b; };
struct Y {
char a1;
char a2;
char a3;
char a4;
int * b; };
int x[sizeof(struct X)==sizeof(struct Y)?1:-1];


**** END FILE source file ***
pipe_command: c:\program files\dev-cpp\bin\gcc.exe -c C:\Users\rsures8x\AppData\Local\Temp\cov-rsures8x\1401f10a89ad7234beb8d0dba6b0e1bf\cov-rsures8x\8e2e602669621d4d119d18208dcfdeaf\int__ptr__align_4.c 
pipe_commands starting: c:\program files\dev-cpp\bin\gcc.exe -c C:\Users\rsures8x\AppData\Local\Temp\cov-rsures8x\1401f10a89ad7234beb8d0dba6b0e1bf\cov-rsures8x\8e2e602669621d4d119d18208dcfdeaf\int__ptr__align_4.c 
**** BEGIN FILE stdout: 

**** END FILE stdout ***
**** BEGIN FILE stderr: 

**** END FILE stderr ***
Test succeded
**** END PROBE add_appropriate_type_size_and_alignment_switch ****
**** BEGIN PROBE run_char_bit_size_test ****
**** BEGIN FILE source file: C:/Users/rsures8x/AppData/Local/Temp/cov-rsures8x/1401f10a89ad7234beb8d0dba6b0e1bf/cov-rsures8x/8e2e602669621d4d119d18208dcfdeaf/char_bit_1.c
#define N 1
#define SHIFT(VALUE,AMOUNT)            \
  ((VALUE) << ((AMOUNT) >= 63 ? 7 : 0) \
           << ((AMOUNT) >= 56 ? 7 : 0) \
           << ((AMOUNT) >= 49 ? 7 : 0) \
           << ((AMOUNT) >= 42 ? 7 : 0) \
           << ((AMOUNT) >= 35 ? 7 : 0) \
           << ((AMOUNT) >= 28 ? 7 : 0) \
           << ((AMOUNT) >= 21 ? 7 : 0) \
           << ((AMOUNT) >= 14 ? 7 : 0) \
           << ((AMOUNT) >=  7 ? 7 : 0) \
           << ((AMOUNT) % 7))
typedef unsigned char UC;
void foo() {
  static int check_char_bit[(UC)SHIFT(1U,N-1U) != 0 ? 1 : -1];
}


**** END FILE source file ***
pipe_command: c:\program files\dev-cpp\bin\gcc.exe -c C:\Users\rsures8x\AppData\Local\Temp\cov-rsures8x\1401f10a89ad7234beb8d0dba6b0e1bf\cov-rsures8x\8e2e602669621d4d119d18208dcfdeaf\char_bit_1.c 
pipe_commands starting: c:\program files\dev-cpp\bin\gcc.exe -c C:\Users\rsures8x\AppData\Local\Temp\cov-rsures8x\1401f10a89ad7234beb8d0dba6b0e1bf\cov-rsures8x\8e2e602669621d4d119d18208dcfdeaf\char_bit_1.c 
**** BEGIN FILE stdout: 

**** END FILE stdout ***
**** BEGIN FILE stderr: 

**** END FILE stderr ***
Test succeded
**** BEGIN FILE source file: C:/Users/rsures8x/AppData/Local/Temp/cov-rsures8x/1401f10a89ad7234beb8d0dba6b0e1bf/cov-rsures8x/8e2e602669621d4d119d18208dcfdeaf/char_bit_9.c
#define N 9
#define SHIFT(VALUE,AMOUNT)            \
  ((VALUE) << ((AMOUNT) >= 63 ? 7 : 0) \
           << ((AMOUNT) >= 56 ? 7 : 0) \
           << ((AMOUNT) >= 49 ? 7 : 0) \
           << ((AMOUNT) >= 42 ? 7 : 0) \
           << ((AMOUNT) >= 35 ? 7 : 0) \
           << ((AMOUNT) >= 28 ? 7 : 0) \
           << ((AMOUNT) >= 21 ? 7 : 0) \
           << ((AMOUNT) >= 14 ? 7 : 0) \
           << ((AMOUNT) >=  7 ? 7 : 0) \
           << ((AMOUNT) % 7))
typedef unsigned char UC;
void foo() {
  static int check_char_bit[(UC)SHIFT(1U,N-1U) != 0 ? 1 : -1];
}


**** END FILE source file ***
pipe_command: c:\program files\dev-cpp\bin\gcc.exe -c C:\Users\rsures8x\AppData\Local\Temp\cov-rsures8x\1401f10a89ad7234beb8d0dba6b0e1bf\cov-rsures8x\8e2e602669621d4d119d18208dcfdeaf\char_bit_9.c 
pipe_commands starting: c:\program files\dev-cpp\bin\gcc.exe -c C:\Users\rsures8x\AppData\Local\Temp\cov-rsures8x\1401f10a89ad7234beb8d0dba6b0e1bf\cov-rsures8x\8e2e602669621d4d119d18208dcfdeaf\char_bit_9.c 
**** BEGIN FILE stdout: 

**** END FILE stdout ***
**** BEGIN FILE stderr: 
C:\Users\rsures8x\AppData\Local\Temp\cov-rsures8x\1401f10a89ad7234beb8d0dba6b0e1bf\cov-rsures8x\8e2e602669621d4d119d18208dcfdeaf\char_bit_9.c: In function `foo':
C:\Users\rsures8x\AppData\Local\Temp\cov-rsures8x\1401f10a89ad7234beb8d0dba6b0e1bf\cov-rsures8x\8e2e602669621d4d119d18208dcfdeaf\char_bit_9.c:15: error: size of array `check_char_bit' is negative

**** END FILE stderr ***
Test failed
**** BEGIN FILE source file: C:/Users/rsures8x/AppData/Local/Temp/cov-rsures8x/1401f10a89ad7234beb8d0dba6b0e1bf/cov-rsures8x/8e2e602669621d4d119d18208dcfdeaf/char_bit_8.c
#define N 8
#define SHIFT(VALUE,AMOUNT)            \
  ((VALUE) << ((AMOUNT) >= 63 ? 7 : 0) \
           << ((AMOUNT) >= 56 ? 7 : 0) \
           << ((AMOUNT) >= 49 ? 7 : 0) \
           << ((AMOUNT) >= 42 ? 7 : 0) \
           << ((AMOUNT) >= 35 ? 7 : 0) \
           << ((AMOUNT) >= 28 ? 7 : 0) \
           << ((AMOUNT) >= 21 ? 7 : 0) \
           << ((AMOUNT) >= 14 ? 7 : 0) \
           << ((AMOUNT) >=  7 ? 7 : 0) \
           << ((AMOUNT) % 7))
typedef unsigned char UC;
void foo() {
  static int check_char_bit[(UC)SHIFT(1U,N-1U) != 0 ? 1 : -1];
}


**** END FILE source file ***
pipe_command: c:\program files\dev-cpp\bin\gcc.exe -c C:\Users\rsures8x\AppData\Local\Temp\cov-rsures8x\1401f10a89ad7234beb8d0dba6b0e1bf\cov-rsures8x\8e2e602669621d4d119d18208dcfdeaf\char_bit_8.c 
pipe_commands starting: c:\program files\dev-cpp\bin\gcc.exe -c C:\Users\rsures8x\AppData\Local\Temp\cov-rsures8x\1401f10a89ad7234beb8d0dba6b0e1bf\cov-rsures8x\8e2e602669621d4d119d18208dcfdeaf\char_bit_8.c 
**** BEGIN FILE stdout: 

**** END FILE stdout ***
**** BEGIN FILE stderr: 

**** END FILE stderr ***
Test succeded
**** END PROBE run_char_bit_size_test ****
**** END PROBE run_type_size_and_alignment_tests ****
**** BEGIN PROBE add_appropriate_restrict_switch_if_needed ****
**** BEGIN FILE source file: C:/Users/rsures8x/AppData/Local/Temp/cov-rsures8x/1401f10a89ad7234beb8d0dba6b0e1bf/cov-rsures8x/8e2e602669621d4d119d18208dcfdeaf/restrict.c
int * restrict i;

**** END FILE source file ***
pipe_command: c:\program files\dev-cpp\bin\gcc.exe -c C:\Users\rsures8x\AppData\Local\Temp\cov-rsures8x\1401f10a89ad7234beb8d0dba6b0e1bf\cov-rsures8x\8e2e602669621d4d119d18208dcfdeaf\restrict.c 
pipe_commands starting: c:\program files\dev-cpp\bin\gcc.exe -c C:\Users\rsures8x\AppData\Local\Temp\cov-rsures8x\1401f10a89ad7234beb8d0dba6b0e1bf\cov-rsures8x\8e2e602669621d4d119d18208dcfdeaf\restrict.c 
**** BEGIN FILE stdout: 

**** END FILE stdout ***
**** BEGIN FILE stderr: 
C:\Users\rsures8x\AppData\Local\Temp\cov-rsures8x\1401f10a89ad7234beb8d0dba6b0e1bf\cov-rsures8x\8e2e602669621d4d119d18208dcfdeaf\restrict.c:1: error: syntax error before "i"
C:\Users\rsures8x\AppData\Local\Temp\cov-rsures8x\1401f10a89ad7234beb8d0dba6b0e1bf\cov-rsures8x\8e2e602669621d4d119d18208dcfdeaf\restrict.c:1: warning: data definition has no type or storage class

**** END FILE stderr ***
Test failed
**** END PROBE add_appropriate_restrict_switch_if_needed ****
**** BEGIN PROBE add_appropriate_cr_term_switch_if_needed ****
**** BEGIN FILE source file: C:/Users/rsures8x/AppData/Local/Temp/cov-rsures8x/1401f10a89ad7234beb8d0dba6b0e1bf/cov-rsures8x/8e2e602669621d4d119d18208dcfdeaf/cr_term.c
int i;#define foo \ bar void foo() { };

**** END FILE source file ***
pipe_command: c:\program files\dev-cpp\bin\gcc.exe -c C:\Users\rsures8x\AppData\Local\Temp\cov-rsures8x\1401f10a89ad7234beb8d0dba6b0e1bf\cov-rsures8x\8e2e602669621d4d119d18208dcfdeaf\cr_term.c 
pipe_commands starting: c:\program files\dev-cpp\bin\gcc.exe -c C:\Users\rsures8x\AppData\Local\Temp\cov-rsures8x\1401f10a89ad7234beb8d0dba6b0e1bf\cov-rsures8x\8e2e602669621d4d119d18208dcfdeaf\cr_term.c 
**** BEGIN FILE stdout: 

**** END FILE stdout ***
**** BEGIN FILE stderr: 

**** END FILE stderr ***
Test succeded
**** END PROBE add_appropriate_cr_term_switch_if_needed ****
**** BEGIN PROBE add_enable_declspec_switch_if_needed ****
__declspec macro definition test.
**** BEGIN FILE source file: C:/Users/rsures8x/AppData/Local/Temp/cov-rsures8x/1401f10a89ad7234beb8d0dba6b0e1bf/cov-rsures8x/8e2e602669621d4d119d18208dcfdeaf/declspec.c
#ifndef __declspec
#error __declspec not defined
#endif


**** END FILE source file ***
pipe_command: c:\program files\dev-cpp\bin\gcc.exe -c C:\Users\rsures8x\AppData\Local\Temp\cov-rsures8x\1401f10a89ad7234beb8d0dba6b0e1bf\cov-rsures8x\8e2e602669621d4d119d18208dcfdeaf\declspec.c 
pipe_commands starting: c:\program files\dev-cpp\bin\gcc.exe -c C:\Users\rsures8x\AppData\Local\Temp\cov-rsures8x\1401f10a89ad7234beb8d0dba6b0e1bf\cov-rsures8x\8e2e602669621d4d119d18208dcfdeaf\declspec.c 
**** BEGIN FILE stdout: 

**** END FILE stdout ***
**** BEGIN FILE stderr: 

**** END FILE stderr ***
Test succeded
**** END PROBE add_enable_declspec_switch_if_needed ****
**** BEGIN PROBE add_appropriate_wchar_t_type_switch ****
**** BEGIN FILE source file: C:/Users/rsures8x/AppData/Local/Temp/cov-rsures8x/1401f10a89ad7234beb8d0dba6b0e1bf/cov-rsures8x/8e2e602669621d4d119d18208dcfdeaf/wchar_t_typet.c
void f() {
  static const unsigned short invalid_wcs[] = L"Invalid wide format string.";
  static const unsigned short prefix[] = L"+\0-\0 \0000x\0000X";
}


**** END FILE source file ***
pipe_command: c:\program files\dev-cpp\bin\gcc.exe -c C:\Users\rsures8x\AppData\Local\Temp\cov-rsures8x\1401f10a89ad7234beb8d0dba6b0e1bf\cov-rsures8x\8e2e602669621d4d119d18208dcfdeaf\wchar_t_typet.c 
pipe_commands starting: c:\program files\dev-cpp\bin\gcc.exe -c C:\Users\rsures8x\AppData\Local\Temp\cov-rsures8x\1401f10a89ad7234beb8d0dba6b0e1bf\cov-rsures8x\8e2e602669621d4d119d18208dcfdeaf\wchar_t_typet.c 
**** BEGIN FILE stdout: 

**** END FILE stdout ***
**** BEGIN FILE stderr: 

**** END FILE stderr ***
Test succeded
**** END PROBE add_appropriate_wchar_t_type_switch ****
**** BEGIN PROBE add_appropriate_cygwin_option ****
pipe_command: c:\program files\dev-cpp\bin\gcc.exe -c qqq\test.c 
pipe_commands starting: c:\program files\dev-cpp\bin\gcc.exe -c qqq\test.c 
**** END PROBE add_appropriate_cygwin_option ****
**** BEGIN PROBE add_multiline_string_switch_if_needed ****
**** BEGIN FILE source file: C:/Users/rsures8x/AppData/Local/Temp/cov-rsures8x/1401f10a89ad7234beb8d0dba6b0e1bf/cov-rsures8x/8e2e602669621d4d119d18208dcfdeaf/multiline_string.c
char* str = "Hello
World";

**** END FILE source file ***
pipe_command: c:\program files\dev-cpp\bin\gcc.exe -c C:\Users\rsures8x\AppData\Local\Temp\cov-rsures8x\1401f10a89ad7234beb8d0dba6b0e1bf\cov-rsures8x\8e2e602669621d4d119d18208dcfdeaf\multiline_string.c 
pipe_commands starting: c:\program files\dev-cpp\bin\gcc.exe -c C:\Users\rsures8x\AppData\Local\Temp\cov-rsures8x\1401f10a89ad7234beb8d0dba6b0e1bf\cov-rsures8x\8e2e602669621d4d119d18208dcfdeaf\multiline_string.c 
**** BEGIN FILE stdout: 

**** END FILE stdout ***
**** BEGIN FILE stderr: 
C:\Users\rsures8x\AppData\Local\Temp\cov-rsures8x\1401f10a89ad7234beb8d0dba6b0e1bf\cov-rsures8x\8e2e602669621d4d119d18208dcfdeaf\multiline_string.c:1: error: missing terminating " character
C:\Users\rsures8x\AppData\Local\Temp\cov-rsures8x\1401f10a89ad7234beb8d0dba6b0e1bf\cov-rsures8x\8e2e602669621d4d119d18208dcfdeaf\multiline_string.c:2: error: missing terminating " character
C:\Users\rsures8x\AppData\Local\Temp\cov-rsures8x\1401f10a89ad7234beb8d0dba6b0e1bf\cov-rsures8x\8e2e602669621d4d119d18208dcfdeaf\multiline_string.c:2: error: `World' undeclared here (not in a function)
C:\Users\rsures8x\AppData\Local\Temp\cov-rsures8x\1401f10a89ad7234beb8d0dba6b0e1bf\cov-rsures8x\8e2e602669621d4d119d18208dcfdeaf\multiline_string.c:2: error: syntax error at end of input

**** END FILE stderr ***
Test failed
**** END PROBE add_multiline_string_switch_if_needed ****
**** BEGIN PROBE add_appropriate_trigraphs_switch ****
**** BEGIN FILE source file: C:/Users/rsures8x/AppData/Local/Temp/cov-rsures8x/1401f10a89ad7234beb8d0dba6b0e1bf/cov-rsures8x/8e2e602669621d4d119d18208dcfdeaf/trigraphs.c
char x ??( 3 ??) = "Hi";

**** END FILE source file ***
pipe_command: c:\program files\dev-cpp\bin\gcc.exe -c C:\Users\rsures8x\AppData\Local\Temp\cov-rsures8x\1401f10a89ad7234beb8d0dba6b0e1bf\cov-rsures8x\8e2e602669621d4d119d18208dcfdeaf\trigraphs.c 
pipe_commands starting: c:\program files\dev-cpp\bin\gcc.exe -c C:\Users\rsures8x\AppData\Local\Temp\cov-rsures8x\1401f10a89ad7234beb8d0dba6b0e1bf\cov-rsures8x\8e2e602669621d4d119d18208dcfdeaf\trigraphs.c 
**** BEGIN FILE stdout: 

**** END FILE stdout ***
**** BEGIN FILE stderr: 
C:\Users\rsures8x\AppData\Local\Temp\cov-rsures8x\1401f10a89ad7234beb8d0dba6b0e1bf\cov-rsures8x\8e2e602669621d4d119d18208dcfdeaf\trigraphs.c:1:8: warning: trigraph ??( ignored, use -trigraphs to enable
C:\Users\rsures8x\AppData\Local\Temp\cov-rsures8x\1401f10a89ad7234beb8d0dba6b0e1bf\cov-rsures8x\8e2e602669621d4d119d18208dcfdeaf\trigraphs.c:1: error: syntax error before '?' token
C:\Users\rsures8x\AppData\Local\Temp\cov-rsures8x\1401f10a89ad7234beb8d0dba6b0e1bf\cov-rsures8x\8e2e602669621d4d119d18208dcfdeaf\trigraphs.c:1:14: warning: trigraph ??) ignored, use -trigraphs to enable

**** END FILE stderr ***
Test failed
**** END PROBE add_appropriate_trigraphs_switch ****
**** BEGIN PROBE run_x86_calling_conventions_test ****
**** BEGIN FILE source file: C:/Users/rsures8x/AppData/Local/Temp/cov-rsures8x/1401f10a89ad7234beb8d0dba6b0e1bf/cov-rsures8x/8e2e602669621d4d119d18208dcfdeaf/supports_gnu_cc_attr.c
void foo(void) __attribute__((__stdcall__));

**** END FILE source file ***
pipe_command: c:\program files\dev-cpp\bin\gcc.exe -c C:\Users\rsures8x\AppData\Local\Temp\cov-rsures8x\1401f10a89ad7234beb8d0dba6b0e1bf\cov-rsures8x\8e2e602669621d4d119d18208dcfdeaf\supports_gnu_cc_attr.c 
pipe_commands starting: c:\program files\dev-cpp\bin\gcc.exe -c C:\Users\rsures8x\AppData\Local\Temp\cov-rsures8x\1401f10a89ad7234beb8d0dba6b0e1bf\cov-rsures8x\8e2e602669621d4d119d18208dcfdeaf\supports_gnu_cc_attr.c 
**** BEGIN FILE stdout: 

**** END FILE stdout ***
**** BEGIN FILE stderr: 

**** END FILE stderr ***
Test succeded
**** BEGIN FILE source file: C:/Users/rsures8x/AppData/Local/Temp/cov-rsures8x/1401f10a89ad7234beb8d0dba6b0e1bf/cov-rsures8x/8e2e602669621d4d119d18208dcfdeaf/_stdcall.c
void f(void) ;
void (*p)() __attribute__((__stdcall__))  = &f;


**** END FILE source file ***
pipe_command: c:\program files\dev-cpp\bin\gcc.exe -c C:\Users\rsures8x\AppData\Local\Temp\cov-rsures8x\1401f10a89ad7234beb8d0dba6b0e1bf\cov-rsures8x\8e2e602669621d4d119d18208dcfdeaf\_stdcall.c 
pipe_commands starting: c:\program files\dev-cpp\bin\gcc.exe -c C:\Users\rsures8x\AppData\Local\Temp\cov-rsures8x\1401f10a89ad7234beb8d0dba6b0e1bf\cov-rsures8x\8e2e602669621d4d119d18208dcfdeaf\_stdcall.c 
**** BEGIN FILE stdout: 

**** END FILE stdout ***
**** BEGIN FILE stderr: 
C:\Users\rsures8x\AppData\Local\Temp\cov-rsures8x\1401f10a89ad7234beb8d0dba6b0e1bf\cov-rsures8x\8e2e602669621d4d119d18208dcfdeaf\_stdcall.c:2: warning: initialization from incompatible pointer type

**** END FILE stderr ***
Test succeded
**** BEGIN FILE source file: C:/Users/rsures8x/AppData/Local/Temp/cov-rsures8x/1401f10a89ad7234beb8d0dba6b0e1bf/cov-rsures8x/8e2e602669621d4d119d18208dcfdeaf/_cdecl.c
void f(void) ;
void (*p)() __attribute__((__cdecl__))  = &f;


**** END FILE source file ***
pipe_command: c:\program files\dev-cpp\bin\gcc.exe -c C:\Users\rsures8x\AppData\Local\Temp\cov-rsures8x\1401f10a89ad7234beb8d0dba6b0e1bf\cov-rsures8x\8e2e602669621d4d119d18208dcfdeaf\_cdecl.c 
pipe_commands starting: c:\program files\dev-cpp\bin\gcc.exe -c C:\Users\rsures8x\AppData\Local\Temp\cov-rsures8x\1401f10a89ad7234beb8d0dba6b0e1bf\cov-rsures8x\8e2e602669621d4d119d18208dcfdeaf\_cdecl.c 
**** BEGIN FILE stdout: 

**** END FILE stdout ***
**** BEGIN FILE stderr: 

**** END FILE stderr ***
Test succeded
**** BEGIN FILE source file: C:/Users/rsures8x/AppData/Local/Temp/cov-rsures8x/1401f10a89ad7234beb8d0dba6b0e1bf/cov-rsures8x/8e2e602669621d4d119d18208dcfdeaf/_fastcall.c
void f(void) ;
void (*p)() __attribute__((__fastcall__))  = &f;


**** END FILE source file ***
pipe_command: c:\program files\dev-cpp\bin\gcc.exe -c C:\Users\rsures8x\AppData\Local\Temp\cov-rsures8x\1401f10a89ad7234beb8d0dba6b0e1bf\cov-rsures8x\8e2e602669621d4d119d18208dcfdeaf\_fastcall.c 
pipe_commands starting: c:\program files\dev-cpp\bin\gcc.exe -c C:\Users\rsures8x\AppData\Local\Temp\cov-rsures8x\1401f10a89ad7234beb8d0dba6b0e1bf\cov-rsures8x\8e2e602669621d4d119d18208dcfdeaf\_fastcall.c 
**** BEGIN FILE stdout: 

**** END FILE stdout ***
**** BEGIN FILE stderr: 
C:\Users\rsures8x\AppData\Local\Temp\cov-rsures8x\1401f10a89ad7234beb8d0dba6b0e1bf\cov-rsures8x\8e2e602669621d4d119d18208dcfdeaf\_fastcall.c:2: warning: initialization from incompatible pointer type

**** END FILE stderr ***
Test succeded
**** BEGIN FILE source file: C:/Users/rsures8x/AppData/Local/Temp/cov-rsures8x/1401f10a89ad7234beb8d0dba6b0e1bf/cov-rsures8x/8e2e602669621d4d119d18208dcfdeaf/_vectorcall.c
void f(void) ;
void (*p)() __attribute__((__vectorcall__))  = &f;


**** END FILE source file ***
pipe_command: c:\program files\dev-cpp\bin\gcc.exe -c C:\Users\rsures8x\AppData\Local\Temp\cov-rsures8x\1401f10a89ad7234beb8d0dba6b0e1bf\cov-rsures8x\8e2e602669621d4d119d18208dcfdeaf\_vectorcall.c 
pipe_commands starting: c:\program files\dev-cpp\bin\gcc.exe -c C:\Users\rsures8x\AppData\Local\Temp\cov-rsures8x\1401f10a89ad7234beb8d0dba6b0e1bf\cov-rsures8x\8e2e602669621d4d119d18208dcfdeaf\_vectorcall.c 
**** BEGIN FILE stdout: 

**** END FILE stdout ***
**** BEGIN FILE stderr: 
C:\Users\rsures8x\AppData\Local\Temp\cov-rsures8x\1401f10a89ad7234beb8d0dba6b0e1bf\cov-rsures8x\8e2e602669621d4d119d18208dcfdeaf\_vectorcall.c:2: warning: `__vectorcall__' attribute directive ignored

**** END FILE stderr ***
Test succeded
**** BEGIN FILE source file: C:/Users/rsures8x/AppData/Local/Temp/cov-rsures8x/1401f10a89ad7234beb8d0dba6b0e1bf/cov-rsures8x/8e2e602669621d4d119d18208dcfdeaf/_thiscall.c
void f(void) ;
void (*p)() __attribute__((__thiscall__))  = &f;


**** END FILE source file ***
pipe_command: c:\program files\dev-cpp\bin\gcc.exe -c C:\Users\rsures8x\AppData\Local\Temp\cov-rsures8x\1401f10a89ad7234beb8d0dba6b0e1bf\cov-rsures8x\8e2e602669621d4d119d18208dcfdeaf\_thiscall.c 
pipe_commands starting: c:\program files\dev-cpp\bin\gcc.exe -c C:\Users\rsures8x\AppData\Local\Temp\cov-rsures8x\1401f10a89ad7234beb8d0dba6b0e1bf\cov-rsures8x\8e2e602669621d4d119d18208dcfdeaf\_thiscall.c 
**** BEGIN FILE stdout: 

**** END FILE stdout ***
**** BEGIN FILE stderr: 
C:\Users\rsures8x\AppData\Local\Temp\cov-rsures8x\1401f10a89ad7234beb8d0dba6b0e1bf\cov-rsures8x\8e2e602669621d4d119d18208dcfdeaf\_thiscall.c:2: warning: `__thiscall__' attribute directive ignored

**** END FILE stderr ***
Test succeded
**** END PROBE run_x86_calling_conventions_test ****
**** BEGIN PROBE add_appropriate_altivec_switch_if_needed ****
Detecting whether AltiVec is supported.
**** BEGIN FILE source file: C:/Users/rsures8x/AppData/Local/Temp/cov-rsures8x/1401f10a89ad7234beb8d0dba6b0e1bf/cov-rsures8x/8e2e602669621d4d119d18208dcfdeaf/altivec.c
__vector unsigned int a;

**** END FILE source file ***
pipe_command: c:\program files\dev-cpp\bin\gcc.exe -c C:\Users\rsures8x\AppData\Local\Temp\cov-rsures8x\1401f10a89ad7234beb8d0dba6b0e1bf\cov-rsures8x\8e2e602669621d4d119d18208dcfdeaf\altivec.c 
pipe_commands starting: c:\program files\dev-cpp\bin\gcc.exe -c C:\Users\rsures8x\AppData\Local\Temp\cov-rsures8x\1401f10a89ad7234beb8d0dba6b0e1bf\cov-rsures8x\8e2e602669621d4d119d18208dcfdeaf\altivec.c 
**** BEGIN FILE stdout: 

**** END FILE stdout ***
**** BEGIN FILE stderr: 
C:\Users\rsures8x\AppData\Local\Temp\cov-rsures8x\1401f10a89ad7234beb8d0dba6b0e1bf\cov-rsures8x\8e2e602669621d4d119d18208dcfdeaf\altivec.c:1: error: syntax error before "unsigned"

**** END FILE stderr ***
Test failed
AltiVec is implicitly disabled.
**** END PROBE add_appropriate_altivec_switch_if_needed ****
**** BEGIN PROBE add_appropriate_c_version_switch ****
Detecting which C mode is in use.
**** BEGIN FILE source file: C:/Users/rsures8x/AppData/Local/Temp/cov-rsures8x/1401f10a89ad7234beb8d0dba6b0e1bf/cov-rsures8x/8e2e602669621d4d119d18208dcfdeaf/c11.c
#if defined (__STDC_VERSION__) && __STDC_VERSION__ >= 201112L
int using_c11;
#else
#error "Not c11"
#endif


**** END FILE source file ***
pipe_command: c:\program files\dev-cpp\bin\gcc.exe -c C:\Users\rsures8x\AppData\Local\Temp\cov-rsures8x\1401f10a89ad7234beb8d0dba6b0e1bf\cov-rsures8x\8e2e602669621d4d119d18208dcfdeaf\c11.c 
pipe_commands starting: c:\program files\dev-cpp\bin\gcc.exe -c C:\Users\rsures8x\AppData\Local\Temp\cov-rsures8x\1401f10a89ad7234beb8d0dba6b0e1bf\cov-rsures8x\8e2e602669621d4d119d18208dcfdeaf\c11.c 
**** BEGIN FILE stdout: 

**** END FILE stdout ***
**** BEGIN FILE stderr: 
C:\Users\rsures8x\AppData\Local\Temp\cov-rsures8x\1401f10a89ad7234beb8d0dba6b0e1bf\cov-rsures8x\8e2e602669621d4d119d18208dcfdeaf\c11.c:4:2: #error "Not c11"

**** END FILE stderr ***
Test failed
**** BEGIN FILE source file: C:/Users/rsures8x/AppData/Local/Temp/cov-rsures8x/1401f10a89ad7234beb8d0dba6b0e1bf/cov-rsures8x/8e2e602669621d4d119d18208dcfdeaf/c99.c
#if defined (__STDC_VERSION__) && __STDC_VERSION__ >= 199901L
int using_c99;
#else
#error "Not c99"
#endif


**** END FILE source file ***
pipe_command: c:\program files\dev-cpp\bin\gcc.exe -c C:\Users\rsures8x\AppData\Local\Temp\cov-rsures8x\1401f10a89ad7234beb8d0dba6b0e1bf\cov-rsures8x\8e2e602669621d4d119d18208dcfdeaf\c99.c 
pipe_commands starting: c:\program files\dev-cpp\bin\gcc.exe -c C:\Users\rsures8x\AppData\Local\Temp\cov-rsures8x\1401f10a89ad7234beb8d0dba6b0e1bf\cov-rsures8x\8e2e602669621d4d119d18208dcfdeaf\c99.c 
**** BEGIN FILE stdout: 

**** END FILE stdout ***
**** BEGIN FILE stderr: 
C:\Users\rsures8x\AppData\Local\Temp\cov-rsures8x\1401f10a89ad7234beb8d0dba6b0e1bf\cov-rsures8x\8e2e602669621d4d119d18208dcfdeaf\c99.c:4:2: #error "Not c99"

**** END FILE stderr ***
Test failed
c99 mode appears to be disabled.
**** END PROBE add_appropriate_c_version_switch ****
**** BEGIN PROBE add_float80_and_128_switch_if_needed ****
Detecting whether __float80 and __float128 are supported.
**** BEGIN FILE source file: C:/Users/rsures8x/AppData/Local/Temp/cov-rsures8x/1401f10a89ad7234beb8d0dba6b0e1bf/cov-rsures8x/8e2e602669621d4d119d18208dcfdeaf/float80.c
__float80 x;


**** END FILE source file ***
pipe_command: c:\program files\dev-cpp\bin\gcc.exe -c C:\Users\rsures8x\AppData\Local\Temp\cov-rsures8x\1401f10a89ad7234beb8d0dba6b0e1bf\cov-rsures8x\8e2e602669621d4d119d18208dcfdeaf\float80.c 
pipe_commands starting: c:\program files\dev-cpp\bin\gcc.exe -c C:\Users\rsures8x\AppData\Local\Temp\cov-rsures8x\1401f10a89ad7234beb8d0dba6b0e1bf\cov-rsures8x\8e2e602669621d4d119d18208dcfdeaf\float80.c 
**** BEGIN FILE stdout: 

**** END FILE stdout ***
**** BEGIN FILE stderr: 
C:\Users\rsures8x\AppData\Local\Temp\cov-rsures8x\1401f10a89ad7234beb8d0dba6b0e1bf\cov-rsures8x\8e2e602669621d4d119d18208dcfdeaf\float80.c:1: error: syntax error before "x"
C:\Users\rsures8x\AppData\Local\Temp\cov-rsures8x\1401f10a89ad7234beb8d0dba6b0e1bf\cov-rsures8x\8e2e602669621d4d119d18208dcfdeaf\float80.c:1: warning: data definition has no type or storage class

**** END FILE stderr ***
Test failed
**** BEGIN FILE source file: C:/Users/rsures8x/AppData/Local/Temp/cov-rsures8x/1401f10a89ad7234beb8d0dba6b0e1bf/cov-rsures8x/8e2e602669621d4d119d18208dcfdeaf/float128.c
__float128 x;


**** END FILE source file ***
pipe_command: c:\program files\dev-cpp\bin\gcc.exe -c C:\Users\rsures8x\AppData\Local\Temp\cov-rsures8x\1401f10a89ad7234beb8d0dba6b0e1bf\cov-rsures8x\8e2e602669621d4d119d18208dcfdeaf\float128.c 
pipe_commands starting: c:\program files\dev-cpp\bin\gcc.exe -c C:\Users\rsures8x\AppData\Local\Temp\cov-rsures8x\1401f10a89ad7234beb8d0dba6b0e1bf\cov-rsures8x\8e2e602669621d4d119d18208dcfdeaf\float128.c 
**** BEGIN FILE stdout: 

**** END FILE stdout ***
**** BEGIN FILE stderr: 
C:\Users\rsures8x\AppData\Local\Temp\cov-rsures8x\1401f10a89ad7234beb8d0dba6b0e1bf\cov-rsures8x\8e2e602669621d4d119d18208dcfdeaf\float128.c:1: error: syntax error before "x"
C:\Users\rsures8x\AppData\Local\Temp\cov-rsures8x\1401f10a89ad7234beb8d0dba6b0e1bf\cov-rsures8x\8e2e602669621d4d119d18208dcfdeaf\float128.c:1: warning: data definition has no type or storage class

**** END FILE stderr ***
Test failed
**** END PROBE add_float80_and_128_switch_if_needed ****
**** BEGIN PROBE add_appropriate__Bool_switch ****
Detecting whether _Bool keyword is in use.
**** BEGIN FILE source file: C:/Users/rsures8x/AppData/Local/Temp/cov-rsures8x/1401f10a89ad7234beb8d0dba6b0e1bf/cov-rsures8x/8e2e602669621d4d119d18208dcfdeaf/_Bool.c
#ifdef _Bool
#undef _Bool
#endif

_Bool foo;


**** END FILE source file ***
pipe_command: c:\program files\dev-cpp\bin\gcc.exe -c C:\Users\rsures8x\AppData\Local\Temp\cov-rsures8x\1401f10a89ad7234beb8d0dba6b0e1bf\cov-rsures8x\8e2e602669621d4d119d18208dcfdeaf\_Bool.c 
pipe_commands starting: c:\program files\dev-cpp\bin\gcc.exe -c C:\Users\rsures8x\AppData\Local\Temp\cov-rsures8x\1401f10a89ad7234beb8d0dba6b0e1bf\cov-rsures8x\8e2e602669621d4d119d18208dcfdeaf\_Bool.c 
**** BEGIN FILE stdout: 

**** END FILE stdout ***
**** BEGIN FILE stderr: 

**** END FILE stderr ***
Test succeded
_Bool keyword appears to be in use.
**** END PROBE add_appropriate__Bool_switch ****
**** BEGIN PROBE add_appropriate_macro_stack_pragma_switch ****
**** BEGIN FILE source file: C:/Users/rsures8x/AppData/Local/Temp/cov-rsures8x/1401f10a89ad7234beb8d0dba6b0e1bf/cov-rsures8x/8e2e602669621d4d119d18208dcfdeaf/macro_stack_sanity.c
#define TEST 1
#pragma push_macro("TEST")
#pragma pop_macro("TEST")


**** END FILE source file ***
pipe_command: c:\program files\dev-cpp\bin\gcc.exe -c C:\Users\rsures8x\AppData\Local\Temp\cov-rsures8x\1401f10a89ad7234beb8d0dba6b0e1bf\cov-rsures8x\8e2e602669621d4d119d18208dcfdeaf\macro_stack_sanity.c 
pipe_commands starting: c:\program files\dev-cpp\bin\gcc.exe -c C:\Users\rsures8x\AppData\Local\Temp\cov-rsures8x\1401f10a89ad7234beb8d0dba6b0e1bf\cov-rsures8x\8e2e602669621d4d119d18208dcfdeaf\macro_stack_sanity.c 
**** BEGIN FILE stdout: 

**** END FILE stdout ***
**** BEGIN FILE stderr: 

**** END FILE stderr ***
Test succeded
**** BEGIN FILE source file: C:/Users/rsures8x/AppData/Local/Temp/cov-rsures8x/1401f10a89ad7234beb8d0dba6b0e1bf/cov-rsures8x/8e2e602669621d4d119d18208dcfdeaf/macro_stack_pragmas.c
#define TEST 1
#pragma push_macro("TEST")
#undef TEST
#define TEST -1
#pragma pop_macro("TEST")
int arr[TEST];


**** END FILE source file ***
pipe_command: c:\program files\dev-cpp\bin\gcc.exe -c C:\Users\rsures8x\AppData\Local\Temp\cov-rsures8x\1401f10a89ad7234beb8d0dba6b0e1bf\cov-rsures8x\8e2e602669621d4d119d18208dcfdeaf\macro_stack_pragmas.c 
pipe_commands starting: c:\program files\dev-cpp\bin\gcc.exe -c C:\Users\rsures8x\AppData\Local\Temp\cov-rsures8x\1401f10a89ad7234beb8d0dba6b0e1bf\cov-rsures8x\8e2e602669621d4d119d18208dcfdeaf\macro_stack_pragmas.c 
**** BEGIN FILE stdout: 

**** END FILE stdout ***
**** BEGIN FILE stderr: 
C:\Users\rsures8x\AppData\Local\Temp\cov-rsures8x\1401f10a89ad7234beb8d0dba6b0e1bf\cov-rsures8x\8e2e602669621d4d119d18208dcfdeaf\macro_stack_pragmas.c:6: error: size of array `arr' is negative

**** END FILE stderr ***
Test failed
**** BEGIN FILE source file: C:/Users/rsures8x/AppData/Local/Temp/cov-rsures8x/1401f10a89ad7234beb8d0dba6b0e1bf/cov-rsures8x/8e2e602669621d4d119d18208dcfdeaf/no_macro_stack_pragmas.c
#define TEST -1
#pragma push_macro("TEST")
#undef TEST
#define TEST 1
#pragma pop_macro("TEST")
int arr[TEST];


**** END FILE source file ***
pipe_command: c:\program files\dev-cpp\bin\gcc.exe -c C:\Users\rsures8x\AppData\Local\Temp\cov-rsures8x\1401f10a89ad7234beb8d0dba6b0e1bf\cov-rsures8x\8e2e602669621d4d119d18208dcfdeaf\no_macro_stack_pragmas.c 
pipe_commands starting: c:\program files\dev-cpp\bin\gcc.exe -c C:\Users\rsures8x\AppData\Local\Temp\cov-rsures8x\1401f10a89ad7234beb8d0dba6b0e1bf\cov-rsures8x\8e2e602669621d4d119d18208dcfdeaf\no_macro_stack_pragmas.c 
**** BEGIN FILE stdout: 

**** END FILE stdout ***
**** BEGIN FILE stderr: 

**** END FILE stderr ***
Test succeded
**** END PROBE add_appropriate_macro_stack_pragma_switch ****
**** BEGIN PROBE add_appropriate_arg_dependent_overload_switch ****
Detecting whether --arg_dependent_overload is needed.
**** BEGIN FILE source file: C:/Users/rsures8x/AppData/Local/Temp/cov-rsures8x/1401f10a89ad7234beb8d0dba6b0e1bf/cov-rsures8x/8e2e602669621d4d119d18208dcfdeaf/arg_dependent_overload.c
typedef unsigned short FIXED_FLOAT16;
typedef unsigned int FIXED_FLOAT32;

namespace Y {
typedef struct _VECTOR3F { } VECTOR3F;

float InnerProduct(const _VECTOR3F& v1, const _VECTOR3F& v2);
}

namespace fxutil {
  FIXED_FLOAT32 InnerProduct(const FIXED_FLOAT32& v1, const FIXED_FLOAT32& v2);
  FIXED_FLOAT32 InnerProduct(const FIXED_FLOAT16& v1, const FIXED_FLOAT16& v2);
}

namespace X {
    float Sqrt(float f);
    float Sqrt(FIXED_FLOAT32 f);
}
using namespace X;

void f(Y::VECTOR3F &scale)
{
  using fxutil::InnerProduct;
  Sqrt(InnerProduct(scale,scale));
}


**** END FILE source file ***
pipe_command: c:\program files\dev-cpp\bin\gcc.exe -c C:\Users\rsures8x\AppData\Local\Temp\cov-rsures8x\1401f10a89ad7234beb8d0dba6b0e1bf\cov-rsures8x\8e2e602669621d4d119d18208dcfdeaf\arg_dependent_overload.c 
pipe_commands starting: c:\program files\dev-cpp\bin\gcc.exe -c C:\Users\rsures8x\AppData\Local\Temp\cov-rsures8x\1401f10a89ad7234beb8d0dba6b0e1bf\cov-rsures8x\8e2e602669621d4d119d18208dcfdeaf\arg_dependent_overload.c 
**** BEGIN FILE stdout: 

**** END FILE stdout ***
**** BEGIN FILE stderr: 
C:\Users\rsures8x\AppData\Local\Temp\cov-rsures8x\1401f10a89ad7234beb8d0dba6b0e1bf\cov-rsures8x\8e2e602669621d4d119d18208dcfdeaf\arg_dependent_overload.c:4: error: syntax error before "Y"
C:\Users\rsures8x\AppData\Local\Temp\cov-rsures8x\1401f10a89ad7234beb8d0dba6b0e1bf\cov-rsures8x\8e2e602669621d4d119d18208dcfdeaf\arg_dependent_overload.c:4: error: syntax error before '{' token
C:\Users\rsures8x\AppData\Local\Temp\cov-rsures8x\1401f10a89ad7234beb8d0dba6b0e1bf\cov-rsures8x\8e2e602669621d4d119d18208dcfdeaf\arg_dependent_overload.c:5: warning: data definition has no type or storage class
C:\Users\rsures8x\AppData\Local\Temp\cov-rsures8x\1401f10a89ad7234beb8d0dba6b0e1bf\cov-rsures8x\8e2e602669621d4d119d18208dcfdeaf\arg_dependent_overload.c:7: error: syntax error before '&' token
C:\Users\rsures8x\AppData\Local\Temp\cov-rsures8x\1401f10a89ad7234beb8d0dba6b0e1bf\cov-rsures8x\8e2e602669621d4d119d18208dcfdeaf\arg_dependent_overload.c:10: error: syntax error before '{' token
C:\Users\rsures8x\AppData\Local\Temp\cov-rsures8x\1401f10a89ad7234beb8d0dba6b0e1bf\cov-rsures8x\8e2e602669621d4d119d18208dcfdeaf\arg_dependent_overload.c:12: error: syntax error before '&' token
C:\Users\rsures8x\AppData\Local\Temp\cov-rsures8x\1401f10a89ad7234beb8d0dba6b0e1bf\cov-rsures8x\8e2e602669621d4d119d18208dcfdeaf\arg_dependent_overload.c:12: error: conflicting types for 'InnerProduct'
C:\Users\rsures8x\AppData\Local\Temp\cov-rsures8x\1401f10a89ad7234beb8d0dba6b0e1bf\cov-rsures8x\8e2e602669621d4d119d18208dcfdeaf\arg_dependent_overload.c:7: error: previous declaration of 'InnerProduct' was here
C:\Users\rsures8x\AppData\Local\Temp\cov-rsures8x\1401f10a89ad7234beb8d0dba6b0e1bf\cov-rsures8x\8e2e602669621d4d119d18208dcfdeaf\arg_dependent_overload.c:12: error: conflicting types for 'InnerProduct'
C:\Users\rsures8x\AppData\Local\Temp\cov-rsures8x\1401f10a89ad7234beb8d0dba6b0e1bf\cov-rsures8x\8e2e602669621d4d119d18208dcfdeaf\arg_dependent_overload.c:7: error: previous declaration of 'InnerProduct' was here
C:\Users\rsures8x\AppData\Local\Temp\cov-rsures8x\1401f10a89ad7234beb8d0dba6b0e1bf\cov-rsures8x\8e2e602669621d4d119d18208dcfdeaf\arg_dependent_overload.c:15: error: syntax error before '{' token
C:\Users\rsures8x\AppData\Local\Temp\cov-rsures8x\1401f10a89ad7234beb8d0dba6b0e1bf\cov-rsures8x\8e2e602669621d4d119d18208dcfdeaf\arg_dependent_overload.c:18: error: syntax error before '}' token
C:\Users\rsures8x\AppData\Local\Temp\cov-rsures8x\1401f10a89ad7234beb8d0dba6b0e1bf\cov-rsures8x\8e2e602669621d4d119d18208dcfdeaf\arg_dependent_overload.c:19: warning: data definition has no type or storage class
C:\Users\rsures8x\AppData\Local\Temp\cov-rsures8x\1401f10a89ad7234beb8d0dba6b0e1bf\cov-rsures8x\8e2e602669621d4d119d18208dcfdeaf\arg_dependent_overload.c:21: error: syntax error before ':' token
C:\Users\rsures8x\AppData\Local\Temp\cov-rsures8x\1401f10a89ad7234beb8d0dba6b0e1bf\cov-rsures8x\8e2e602669621d4d119d18208dcfdeaf\arg_dependent_overload.c: In function `f':
C:\Users\rsures8x\AppData\Local\Temp\cov-rsures8x\1401f10a89ad7234beb8d0dba6b0e1bf\cov-rsures8x\8e2e602669621d4d119d18208dcfdeaf\arg_dependent_overload.c:23: error: `using' undeclared (first use in this function)
C:\Users\rsures8x\AppData\Local\Temp\cov-rsures8x\1401f10a89ad7234beb8d0dba6b0e1bf\cov-rsures8x\8e2e602669621d4d119d18208dcfdeaf\arg_dependent_overload.c:23: error: (Each undeclared identifier is reported only once
C:\Users\rsures8x\AppData\Local\Temp\cov-rsures8x\1401f10a89ad7234beb8d0dba6b0e1bf\cov-rsures8x\8e2e602669621d4d119d18208dcfdeaf\arg_dependent_overload.c:23: error: for each function it appears in.)
C:\Users\rsures8x\AppData\Local\Temp\cov-rsures8x\1401f10a89ad7234beb8d0dba6b0e1bf\cov-rsures8x\8e2e602669621d4d119d18208dcfdeaf\arg_dependent_overload.c:23: error: syntax error before "fxutil"
C:\Users\rsures8x\AppData\Local\Temp\cov-rsures8x\1401f10a89ad7234beb8d0dba6b0e1bf\cov-rsures8x\8e2e602669621d4d119d18208dcfdeaf\arg_dependent_overload.c:24: error: `scale' undeclared (first use in this function)

**** END FILE stderr ***
Test failed
**** END PROBE add_appropriate_arg_dependent_overload_switch ****
**** BEGIN PROBE add_appropriate_vector_intrinsics_switch ****
**** BEGIN FILE source file: C:/Users/rsures8x/AppData/Local/Temp/cov-rsures8x/1401f10a89ad7234beb8d0dba6b0e1bf/cov-rsures8x/8e2e602669621d4d119d18208dcfdeaf/__vector_bool.c
void f1(__attribute__((altivec(vector__))) __attribute__((altivec(bool__))) unsigned int x); void f2(__vector bool int x) {f1(x);}


**** END FILE source file ***
pipe_command: c:\program files\dev-cpp\bin\gcc.exe -c C:\Users\rsures8x\AppData\Local\Temp\cov-rsures8x\1401f10a89ad7234beb8d0dba6b0e1bf\cov-rsures8x\8e2e602669621d4d119d18208dcfdeaf\__vector_bool.c 
pipe_commands starting: c:\program files\dev-cpp\bin\gcc.exe -c C:\Users\rsures8x\AppData\Local\Temp\cov-rsures8x\1401f10a89ad7234beb8d0dba6b0e1bf\cov-rsures8x\8e2e602669621d4d119d18208dcfdeaf\__vector_bool.c 
**** BEGIN FILE stdout: 

**** END FILE stdout ***
**** BEGIN FILE stderr: 
C:\Users\rsures8x\AppData\Local\Temp\cov-rsures8x\1401f10a89ad7234beb8d0dba6b0e1bf\cov-rsures8x\8e2e602669621d4d119d18208dcfdeaf\__vector_bool.c:1: warning: `altivec' attribute directive ignored
C:\Users\rsures8x\AppData\Local\Temp\cov-rsures8x\1401f10a89ad7234beb8d0dba6b0e1bf\cov-rsures8x\8e2e602669621d4d119d18208dcfdeaf\__vector_bool.c:1: warning: `altivec' attribute directive ignored
C:\Users\rsures8x\AppData\Local\Temp\cov-rsures8x\1401f10a89ad7234beb8d0dba6b0e1bf\cov-rsures8x\8e2e602669621d4d119d18208dcfdeaf\__vector_bool.c:1: error: syntax error before "bool"
C:\Users\rsures8x\AppData\Local\Temp\cov-rsures8x\1401f10a89ad7234beb8d0dba6b0e1bf\cov-rsures8x\8e2e602669621d4d119d18208dcfdeaf\__vector_bool.c: In function `f2':
C:\Users\rsures8x\AppData\Local\Temp\cov-rsures8x\1401f10a89ad7234beb8d0dba6b0e1bf\cov-rsures8x\8e2e602669621d4d119d18208dcfdeaf\__vector_bool.c:1: error: `x' undeclared (first use in this function)
C:\Users\rsures8x\AppData\Local\Temp\cov-rsures8x\1401f10a89ad7234beb8d0dba6b0e1bf\cov-rsures8x\8e2e602669621d4d119d18208dcfdeaf\__vector_bool.c:1: error: (Each undeclared identifier is reported only once
C:\Users\rsures8x\AppData\Local\Temp\cov-rsures8x\1401f10a89ad7234beb8d0dba6b0e1bf\cov-rsures8x\8e2e602669621d4d119d18208dcfdeaf\__vector_bool.c:1: error: for each function it appears in.)

**** END FILE stderr ***
Test failed
**** BEGIN FILE source file: C:/Users/rsures8x/AppData/Local/Temp/cov-rsures8x/1401f10a89ad7234beb8d0dba6b0e1bf/cov-rsures8x/8e2e602669621d4d119d18208dcfdeaf/__vector___bool.c
void f1(__attribute__((altivec(vector__))) __attribute__((altivec(bool__))) unsigned int x); void f2(__vector __bool int x) {f1(x);}


**** END FILE source file ***
pipe_command: c:\program files\dev-cpp\bin\gcc.exe -c C:\Users\rsures8x\AppData\Local\Temp\cov-rsures8x\1401f10a89ad7234beb8d0dba6b0e1bf\cov-rsures8x\8e2e602669621d4d119d18208dcfdeaf\__vector___bool.c 
pipe_commands starting: c:\program files\dev-cpp\bin\gcc.exe -c C:\Users\rsures8x\AppData\Local\Temp\cov-rsures8x\1401f10a89ad7234beb8d0dba6b0e1bf\cov-rsures8x\8e2e602669621d4d119d18208dcfdeaf\__vector___bool.c 
**** BEGIN FILE stdout: 

**** END FILE stdout ***
**** BEGIN FILE stderr: 
C:\Users\rsures8x\AppData\Local\Temp\cov-rsures8x\1401f10a89ad7234beb8d0dba6b0e1bf\cov-rsures8x\8e2e602669621d4d119d18208dcfdeaf\__vector___bool.c:1: warning: `altivec' attribute directive ignored
C:\Users\rsures8x\AppData\Local\Temp\cov-rsures8x\1401f10a89ad7234beb8d0dba6b0e1bf\cov-rsures8x\8e2e602669621d4d119d18208dcfdeaf\__vector___bool.c:1: warning: `altivec' attribute directive ignored
C:\Users\rsures8x\AppData\Local\Temp\cov-rsures8x\1401f10a89ad7234beb8d0dba6b0e1bf\cov-rsures8x\8e2e602669621d4d119d18208dcfdeaf\__vector___bool.c:1: error: syntax error before "__bool"
C:\Users\rsures8x\AppData\Local\Temp\cov-rsures8x\1401f10a89ad7234beb8d0dba6b0e1bf\cov-rsures8x\8e2e602669621d4d119d18208dcfdeaf\__vector___bool.c: In function `f2':
C:\Users\rsures8x\AppData\Local\Temp\cov-rsures8x\1401f10a89ad7234beb8d0dba6b0e1bf\cov-rsures8x\8e2e602669621d4d119d18208dcfdeaf\__vector___bool.c:1: error: `x' undeclared (first use in this function)
C:\Users\rsures8x\AppData\Local\Temp\cov-rsures8x\1401f10a89ad7234beb8d0dba6b0e1bf\cov-rsures8x\8e2e602669621d4d119d18208dcfdeaf\__vector___bool.c:1: error: (Each undeclared identifier is reported only once
C:\Users\rsures8x\AppData\Local\Temp\cov-rsures8x\1401f10a89ad7234beb8d0dba6b0e1bf\cov-rsures8x\8e2e602669621d4d119d18208dcfdeaf\__vector___bool.c:1: error: for each function it appears in.)

**** END FILE stderr ***
Test failed
**** BEGIN FILE source file: C:/Users/rsures8x/AppData/Local/Temp/cov-rsures8x/1401f10a89ad7234beb8d0dba6b0e1bf/cov-rsures8x/8e2e602669621d4d119d18208dcfdeaf/vector_bool.c
void f1(__attribute__((altivec(vector__))) __attribute__((altivec(bool__))) unsigned int x); void f2(vector bool int x) {f1(x);}


**** END FILE source file ***
pipe_command: c:\program files\dev-cpp\bin\gcc.exe -c C:\Users\rsures8x\AppData\Local\Temp\cov-rsures8x\1401f10a89ad7234beb8d0dba6b0e1bf\cov-rsures8x\8e2e602669621d4d119d18208dcfdeaf\vector_bool.c 
pipe_commands starting: c:\program files\dev-cpp\bin\gcc.exe -c C:\Users\rsures8x\AppData\Local\Temp\cov-rsures8x\1401f10a89ad7234beb8d0dba6b0e1bf\cov-rsures8x\8e2e602669621d4d119d18208dcfdeaf\vector_bool.c 
**** BEGIN FILE stdout: 

**** END FILE stdout ***
**** BEGIN FILE stderr: 
C:\Users\rsures8x\AppData\Local\Temp\cov-rsures8x\1401f10a89ad7234beb8d0dba6b0e1bf\cov-rsures8x\8e2e602669621d4d119d18208dcfdeaf\vector_bool.c:1: warning: `altivec' attribute directive ignored
C:\Users\rsures8x\AppData\Local\Temp\cov-rsures8x\1401f10a89ad7234beb8d0dba6b0e1bf\cov-rsures8x\8e2e602669621d4d119d18208dcfdeaf\vector_bool.c:1: warning: `altivec' attribute directive ignored
C:\Users\rsures8x\AppData\Local\Temp\cov-rsures8x\1401f10a89ad7234beb8d0dba6b0e1bf\cov-rsures8x\8e2e602669621d4d119d18208dcfdeaf\vector_bool.c:1: error: syntax error before "bool"
C:\Users\rsures8x\AppData\Local\Temp\cov-rsures8x\1401f10a89ad7234beb8d0dba6b0e1bf\cov-rsures8x\8e2e602669621d4d119d18208dcfdeaf\vector_bool.c: In function `f2':
C:\Users\rsures8x\AppData\Local\Temp\cov-rsures8x\1401f10a89ad7234beb8d0dba6b0e1bf\cov-rsures8x\8e2e602669621d4d119d18208dcfdeaf\vector_bool.c:1: error: `x' undeclared (first use in this function)
C:\Users\rsures8x\AppData\Local\Temp\cov-rsures8x\1401f10a89ad7234beb8d0dba6b0e1bf\cov-rsures8x\8e2e602669621d4d119d18208dcfdeaf\vector_bool.c:1: error: (Each undeclared identifier is reported only once
C:\Users\rsures8x\AppData\Local\Temp\cov-rsures8x\1401f10a89ad7234beb8d0dba6b0e1bf\cov-rsures8x\8e2e602669621d4d119d18208dcfdeaf\vector_bool.c:1: error: for each function it appears in.)

**** END FILE stderr ***
Test failed
**** BEGIN FILE source file: C:/Users/rsures8x/AppData/Local/Temp/cov-rsures8x/1401f10a89ad7234beb8d0dba6b0e1bf/cov-rsures8x/8e2e602669621d4d119d18208dcfdeaf/vector___bool.c
void f1(__attribute__((altivec(vector__))) __attribute__((altivec(bool__))) unsigned int x); void f2(vector __bool int x) {f1(x);}


**** END FILE source file ***
pipe_command: c:\program files\dev-cpp\bin\gcc.exe -c C:\Users\rsures8x\AppData\Local\Temp\cov-rsures8x\1401f10a89ad7234beb8d0dba6b0e1bf\cov-rsures8x\8e2e602669621d4d119d18208dcfdeaf\vector___bool.c 
pipe_commands starting: c:\program files\dev-cpp\bin\gcc.exe -c C:\Users\rsures8x\AppData\Local\Temp\cov-rsures8x\1401f10a89ad7234beb8d0dba6b0e1bf\cov-rsures8x\8e2e602669621d4d119d18208dcfdeaf\vector___bool.c 
**** BEGIN FILE stdout: 

**** END FILE stdout ***
**** BEGIN FILE stderr: 
C:\Users\rsures8x\AppData\Local\Temp\cov-rsures8x\1401f10a89ad7234beb8d0dba6b0e1bf\cov-rsures8x\8e2e602669621d4d119d18208dcfdeaf\vector___bool.c:1: warning: `altivec' attribute directive ignored
C:\Users\rsures8x\AppData\Local\Temp\cov-rsures8x\1401f10a89ad7234beb8d0dba6b0e1bf\cov-rsures8x\8e2e602669621d4d119d18208dcfdeaf\vector___bool.c:1: warning: `altivec' attribute directive ignored
C:\Users\rsures8x\AppData\Local\Temp\cov-rsures8x\1401f10a89ad7234beb8d0dba6b0e1bf\cov-rsures8x\8e2e602669621d4d119d18208dcfdeaf\vector___bool.c:1: error: syntax error before "__bool"
C:\Users\rsures8x\AppData\Local\Temp\cov-rsures8x\1401f10a89ad7234beb8d0dba6b0e1bf\cov-rsures8x\8e2e602669621d4d119d18208dcfdeaf\vector___bool.c: In function `f2':
C:\Users\rsures8x\AppData\Local\Temp\cov-rsures8x\1401f10a89ad7234beb8d0dba6b0e1bf\cov-rsures8x\8e2e602669621d4d119d18208dcfdeaf\vector___bool.c:1: error: `x' undeclared (first use in this function)
C:\Users\rsures8x\AppData\Local\Temp\cov-rsures8x\1401f10a89ad7234beb8d0dba6b0e1bf\cov-rsures8x\8e2e602669621d4d119d18208dcfdeaf\vector___bool.c:1: error: (Each undeclared identifier is reported only once
C:\Users\rsures8x\AppData\Local\Temp\cov-rsures8x\1401f10a89ad7234beb8d0dba6b0e1bf\cov-rsures8x\8e2e602669621d4d119d18208dcfdeaf\vector___bool.c:1: error: for each function it appears in.)

**** END FILE stderr ***
Test failed
**** BEGIN FILE source file: C:/Users/rsures8x/AppData/Local/Temp/cov-rsures8x/1401f10a89ad7234beb8d0dba6b0e1bf/cov-rsures8x/8e2e602669621d4d119d18208dcfdeaf/__vector_pixel.c
void f1(__attribute__((altivec(vector__))) __attribute__((altivec(pixel__))) unsigned short x); void f2(__vector pixel x) {f1(x);}


**** END FILE source file ***
pipe_command: c:\program files\dev-cpp\bin\gcc.exe -c C:\Users\rsures8x\AppData\Local\Temp\cov-rsures8x\1401f10a89ad7234beb8d0dba6b0e1bf\cov-rsures8x\8e2e602669621d4d119d18208dcfdeaf\__vector_pixel.c 
pipe_commands starting: c:\program files\dev-cpp\bin\gcc.exe -c C:\Users\rsures8x\AppData\Local\Temp\cov-rsures8x\1401f10a89ad7234beb8d0dba6b0e1bf\cov-rsures8x\8e2e602669621d4d119d18208dcfdeaf\__vector_pixel.c 
**** BEGIN FILE stdout: 

**** END FILE stdout ***
**** BEGIN FILE stderr: 
C:\Users\rsures8x\AppData\Local\Temp\cov-rsures8x\1401f10a89ad7234beb8d0dba6b0e1bf\cov-rsures8x\8e2e602669621d4d119d18208dcfdeaf\__vector_pixel.c:1: warning: `altivec' attribute directive ignored
C:\Users\rsures8x\AppData\Local\Temp\cov-rsures8x\1401f10a89ad7234beb8d0dba6b0e1bf\cov-rsures8x\8e2e602669621d4d119d18208dcfdeaf\__vector_pixel.c:1: warning: `altivec' attribute directive ignored
C:\Users\rsures8x\AppData\Local\Temp\cov-rsures8x\1401f10a89ad7234beb8d0dba6b0e1bf\cov-rsures8x\8e2e602669621d4d119d18208dcfdeaf\__vector_pixel.c:1: error: syntax error before "pixel"
C:\Users\rsures8x\AppData\Local\Temp\cov-rsures8x\1401f10a89ad7234beb8d0dba6b0e1bf\cov-rsures8x\8e2e602669621d4d119d18208dcfdeaf\__vector_pixel.c: In function `f2':
C:\Users\rsures8x\AppData\Local\Temp\cov-rsures8x\1401f10a89ad7234beb8d0dba6b0e1bf\cov-rsures8x\8e2e602669621d4d119d18208dcfdeaf\__vector_pixel.c:1: error: `x' undeclared (first use in this function)
C:\Users\rsures8x\AppData\Local\Temp\cov-rsures8x\1401f10a89ad7234beb8d0dba6b0e1bf\cov-rsures8x\8e2e602669621d4d119d18208dcfdeaf\__vector_pixel.c:1: error: (Each undeclared identifier is reported only once
C:\Users\rsures8x\AppData\Local\Temp\cov-rsures8x\1401f10a89ad7234beb8d0dba6b0e1bf\cov-rsures8x\8e2e602669621d4d119d18208dcfdeaf\__vector_pixel.c:1: error: for each function it appears in.)

**** END FILE stderr ***
Test failed
**** BEGIN FILE source file: C:/Users/rsures8x/AppData/Local/Temp/cov-rsures8x/1401f10a89ad7234beb8d0dba6b0e1bf/cov-rsures8x/8e2e602669621d4d119d18208dcfdeaf/__vector___pixel.c
void f1(__attribute__((altivec(vector__))) __attribute__((altivec(pixel__))) unsigned short x); void f2(__vector __pixel x) {f1(x);}


**** END FILE source file ***
pipe_command: c:\program files\dev-cpp\bin\gcc.exe -c C:\Users\rsures8x\AppData\Local\Temp\cov-rsures8x\1401f10a89ad7234beb8d0dba6b0e1bf\cov-rsures8x\8e2e602669621d4d119d18208dcfdeaf\__vector___pixel.c 
pipe_commands starting: c:\program files\dev-cpp\bin\gcc.exe -c C:\Users\rsures8x\AppData\Local\Temp\cov-rsures8x\1401f10a89ad7234beb8d0dba6b0e1bf\cov-rsures8x\8e2e602669621d4d119d18208dcfdeaf\__vector___pixel.c 
**** BEGIN FILE stdout: 

**** END FILE stdout ***
**** BEGIN FILE stderr: 
C:\Users\rsures8x\AppData\Local\Temp\cov-rsures8x\1401f10a89ad7234beb8d0dba6b0e1bf\cov-rsures8x\8e2e602669621d4d119d18208dcfdeaf\__vector___pixel.c:1: warning: `altivec' attribute directive ignored
C:\Users\rsures8x\AppData\Local\Temp\cov-rsures8x\1401f10a89ad7234beb8d0dba6b0e1bf\cov-rsures8x\8e2e602669621d4d119d18208dcfdeaf\__vector___pixel.c:1: warning: `altivec' attribute directive ignored
C:\Users\rsures8x\AppData\Local\Temp\cov-rsures8x\1401f10a89ad7234beb8d0dba6b0e1bf\cov-rsures8x\8e2e602669621d4d119d18208dcfdeaf\__vector___pixel.c:1: error: syntax error before "__pixel"
C:\Users\rsures8x\AppData\Local\Temp\cov-rsures8x\1401f10a89ad7234beb8d0dba6b0e1bf\cov-rsures8x\8e2e602669621d4d119d18208dcfdeaf\__vector___pixel.c: In function `f2':
C:\Users\rsures8x\AppData\Local\Temp\cov-rsures8x\1401f10a89ad7234beb8d0dba6b0e1bf\cov-rsures8x\8e2e602669621d4d119d18208dcfdeaf\__vector___pixel.c:1: error: `x' undeclared (first use in this function)
C:\Users\rsures8x\AppData\Local\Temp\cov-rsures8x\1401f10a89ad7234beb8d0dba6b0e1bf\cov-rsures8x\8e2e602669621d4d119d18208dcfdeaf\__vector___pixel.c:1: error: (Each undeclared identifier is reported only once
C:\Users\rsures8x\AppData\Local\Temp\cov-rsures8x\1401f10a89ad7234beb8d0dba6b0e1bf\cov-rsures8x\8e2e602669621d4d119d18208dcfdeaf\__vector___pixel.c:1: error: for each function it appears in.)

**** END FILE stderr ***
Test failed
**** BEGIN FILE source file: C:/Users/rsures8x/AppData/Local/Temp/cov-rsures8x/1401f10a89ad7234beb8d0dba6b0e1bf/cov-rsures8x/8e2e602669621d4d119d18208dcfdeaf/vector_pixel.c
void f1(__attribute__((altivec(vector__))) __attribute__((altivec(pixel__))) unsigned short x); void f2(vector pixel x) {f1(x);}


**** END FILE source file ***
pipe_command: c:\program files\dev-cpp\bin\gcc.exe -c C:\Users\rsures8x\AppData\Local\Temp\cov-rsures8x\1401f10a89ad7234beb8d0dba6b0e1bf\cov-rsures8x\8e2e602669621d4d119d18208dcfdeaf\vector_pixel.c 
pipe_commands starting: c:\program files\dev-cpp\bin\gcc.exe -c C:\Users\rsures8x\AppData\Local\Temp\cov-rsures8x\1401f10a89ad7234beb8d0dba6b0e1bf\cov-rsures8x\8e2e602669621d4d119d18208dcfdeaf\vector_pixel.c 
**** BEGIN FILE stdout: 

**** END FILE stdout ***
**** BEGIN FILE stderr: 
C:\Users\rsures8x\AppData\Local\Temp\cov-rsures8x\1401f10a89ad7234beb8d0dba6b0e1bf\cov-rsures8x\8e2e602669621d4d119d18208dcfdeaf\vector_pixel.c:1: warning: `altivec' attribute directive ignored
C:\Users\rsures8x\AppData\Local\Temp\cov-rsures8x\1401f10a89ad7234beb8d0dba6b0e1bf\cov-rsures8x\8e2e602669621d4d119d18208dcfdeaf\vector_pixel.c:1: warning: `altivec' attribute directive ignored
C:\Users\rsures8x\AppData\Local\Temp\cov-rsures8x\1401f10a89ad7234beb8d0dba6b0e1bf\cov-rsures8x\8e2e602669621d4d119d18208dcfdeaf\vector_pixel.c:1: error: syntax error before "pixel"
C:\Users\rsures8x\AppData\Local\Temp\cov-rsures8x\1401f10a89ad7234beb8d0dba6b0e1bf\cov-rsures8x\8e2e602669621d4d119d18208dcfdeaf\vector_pixel.c: In function `f2':
C:\Users\rsures8x\AppData\Local\Temp\cov-rsures8x\1401f10a89ad7234beb8d0dba6b0e1bf\cov-rsures8x\8e2e602669621d4d119d18208dcfdeaf\vector_pixel.c:1: error: `x' undeclared (first use in this function)
C:\Users\rsures8x\AppData\Local\Temp\cov-rsures8x\1401f10a89ad7234beb8d0dba6b0e1bf\cov-rsures8x\8e2e602669621d4d119d18208dcfdeaf\vector_pixel.c:1: error: (Each undeclared identifier is reported only once
C:\Users\rsures8x\AppData\Local\Temp\cov-rsures8x\1401f10a89ad7234beb8d0dba6b0e1bf\cov-rsures8x\8e2e602669621d4d119d18208dcfdeaf\vector_pixel.c:1: error: for each function it appears in.)

**** END FILE stderr ***
Test failed
**** BEGIN FILE source file: C:/Users/rsures8x/AppData/Local/Temp/cov-rsures8x/1401f10a89ad7234beb8d0dba6b0e1bf/cov-rsures8x/8e2e602669621d4d119d18208dcfdeaf/vector___pixel.c
void f1(__attribute__((altivec(vector__))) __attribute__((altivec(pixel__))) unsigned short x); void f2(vector __pixel x) {f1(x);}


**** END FILE source file ***
pipe_command: c:\program files\dev-cpp\bin\gcc.exe -c C:\Users\rsures8x\AppData\Local\Temp\cov-rsures8x\1401f10a89ad7234beb8d0dba6b0e1bf\cov-rsures8x\8e2e602669621d4d119d18208dcfdeaf\vector___pixel.c 
pipe_commands starting: c:\program files\dev-cpp\bin\gcc.exe -c C:\Users\rsures8x\AppData\Local\Temp\cov-rsures8x\1401f10a89ad7234beb8d0dba6b0e1bf\cov-rsures8x\8e2e602669621d4d119d18208dcfdeaf\vector___pixel.c 
**** BEGIN FILE stdout: 

**** END FILE stdout ***
**** BEGIN FILE stderr: 
C:\Users\rsures8x\AppData\Local\Temp\cov-rsures8x\1401f10a89ad7234beb8d0dba6b0e1bf\cov-rsures8x\8e2e602669621d4d119d18208dcfdeaf\vector___pixel.c:1: warning: `altivec' attribute directive ignored
C:\Users\rsures8x\AppData\Local\Temp\cov-rsures8x\1401f10a89ad7234beb8d0dba6b0e1bf\cov-rsures8x\8e2e602669621d4d119d18208dcfdeaf\vector___pixel.c:1: warning: `altivec' attribute directive ignored
C:\Users\rsures8x\AppData\Local\Temp\cov-rsures8x\1401f10a89ad7234beb8d0dba6b0e1bf\cov-rsures8x\8e2e602669621d4d119d18208dcfdeaf\vector___pixel.c:1: error: syntax error before "__pixel"
C:\Users\rsures8x\AppData\Local\Temp\cov-rsures8x\1401f10a89ad7234beb8d0dba6b0e1bf\cov-rsures8x\8e2e602669621d4d119d18208dcfdeaf\vector___pixel.c: In function `f2':
C:\Users\rsures8x\AppData\Local\Temp\cov-rsures8x\1401f10a89ad7234beb8d0dba6b0e1bf\cov-rsures8x\8e2e602669621d4d119d18208dcfdeaf\vector___pixel.c:1: error: `x' undeclared (first use in this function)
C:\Users\rsures8x\AppData\Local\Temp\cov-rsures8x\1401f10a89ad7234beb8d0dba6b0e1bf\cov-rsures8x\8e2e602669621d4d119d18208dcfdeaf\vector___pixel.c:1: error: (Each undeclared identifier is reported only once
C:\Users\rsures8x\AppData\Local\Temp\cov-rsures8x\1401f10a89ad7234beb8d0dba6b0e1bf\cov-rsures8x\8e2e602669621d4d119d18208dcfdeaf\vector___pixel.c:1: error: for each function it appears in.)

**** END FILE stderr ***
Test failed
**** END PROBE add_appropriate_vector_intrinsics_switch ****
**** BEGIN PROBE set_appropriate_target_platform ****
**** BEGIN PROBE get_macros ****
compiler_prober_t::make_abs_preproc_command
 cmd: c:\program files\dev-cpp\bin\gcc.exe
c:\program files\dev-cpp\bin\gcc.exe -E -U__BLOCKS__ -xc C:\Users\rsures8x\AppData\Local\Temp\cov-rsures8x\1401f10a89ad7234beb8d0dba6b0e1bf\cov-rsures8x\8e2e602669621d4d119d18208dcfdeaf\macros.c
**** BEGIN FILE source file: C:/Users/rsures8x/AppData/Local/Temp/cov-rsures8x/1401f10a89ad7234beb8d0dba6b0e1bf/cov-rsures8x/8e2e602669621d4d119d18208dcfdeaf/macros.c
#ifdef __MINGW64__
__coverity_macro __MINGW64__
#else
__the_symbol_is_not_defined__
#endif
#ifdef __MINGW32__
__coverity_macro __MINGW32__
#else
__the_symbol_is_not_defined__
#endif

**** END source file ***
pipe_command: c:\program files\dev-cpp\bin\gcc.exe -E -U__BLOCKS__ -xc C:\Users\rsures8x\AppData\Local\Temp\cov-rsures8x\1401f10a89ad7234beb8d0dba6b0e1bf\cov-rsures8x\8e2e602669621d4d119d18208dcfdeaf\macros.c 
pipe_commands starting: c:\program files\dev-cpp\bin\gcc.exe -E -U__BLOCKS__ -xc C:\Users\rsures8x\AppData\Local\Temp\cov-rsures8x\1401f10a89ad7234beb8d0dba6b0e1bf\cov-rsures8x\8e2e602669621d4d119d18208dcfdeaf\macros.c 
**** BEGIN FILE output: C:/Users/rsures8x/AppData/Local/Temp/cov-rsures8x/1401f10a89ad7234beb8d0dba6b0e1bf/cov-rsures8x/8e2e602669621d4d119d18208dcfdeaf/pp_out
# 1 "C:\\Users\\rsures8x\\AppData\\Local\\Temp\\cov-rsures8x\\1401f10a89ad7234beb8d0dba6b0e1bf\\cov-rsures8x\\8e2e602669621d4d119d18208dcfdeaf\\macros.c"
# 1 "<built-in>"
# 1 "<command line>"
# 1 "C:\\Users\\rsures8x\\AppData\\Local\\Temp\\cov-rsures8x\\1401f10a89ad7234beb8d0dba6b0e1bf\\cov-rsures8x\\8e2e602669621d4d119d18208dcfdeaf\\macros.c"



__the_symbol_is_not_defined__


__coverity_macro 1

**** END FILE output ***
**** BEGIN FILE error: 

**** END FILE error ***
**** END PROBE get_macros ****
**** END PROBE set_appropriate_target_platform ****
pipe_command: c:\program files\dev-cpp\bin\gcc.exe -c -print-sysroot 
pipe_commands starting: c:\program files\dev-cpp\bin\gcc.exe -c -print-sysroot 
Failed to get the default sysroot by running the command: c:\program files\dev-cpp\bin\gcc.exe -c -print-sysroot
**** BEGIN FILE source file: C:/Users/rsures8x/AppData/Local/Temp/cov-rsures8x/1401f10a89ad7234beb8d0dba6b0e1bf/cov-rsures8x/8e2e602669621d4d119d18208dcfdeaf/no_inline_keyword.c
int inline = 0;

**** END FILE source file ***
pipe_command: c:\program files\dev-cpp\bin\gcc.exe -c C:\Users\rsures8x\AppData\Local\Temp\cov-rsures8x\1401f10a89ad7234beb8d0dba6b0e1bf\cov-rsures8x\8e2e602669621d4d119d18208dcfdeaf\no_inline_keyword.c 
pipe_commands starting: c:\program files\dev-cpp\bin\gcc.exe -c C:\Users\rsures8x\AppData\Local\Temp\cov-rsures8x\1401f10a89ad7234beb8d0dba6b0e1bf\cov-rsures8x\8e2e602669621d4d119d18208dcfdeaf\no_inline_keyword.c 
**** BEGIN FILE stdout: 

**** END FILE stdout ***
**** BEGIN FILE stderr: 
C:\Users\rsures8x\AppData\Local\Temp\cov-rsures8x\1401f10a89ad7234beb8d0dba6b0e1bf\cov-rsures8x\8e2e602669621d4d119d18208dcfdeaf\no_inline_keyword.c:1: error: syntax error before '=' token

**** END FILE stderr ***
Test failed
**** BEGIN FILE source file: C:/Users/rsures8x/AppData/Local/Temp/cov-rsures8x/1401f10a89ad7234beb8d0dba6b0e1bf/cov-rsures8x/8e2e602669621d4d119d18208dcfdeaf/inline_keyword.c
inline void foo() { }

**** END FILE source file ***
pipe_command: c:\program files\dev-cpp\bin\gcc.exe -c C:\Users\rsures8x\AppData\Local\Temp\cov-rsures8x\1401f10a89ad7234beb8d0dba6b0e1bf\cov-rsures8x\8e2e602669621d4d119d18208dcfdeaf\inline_keyword.c 
pipe_commands starting: c:\program files\dev-cpp\bin\gcc.exe -c C:\Users\rsures8x\AppData\Local\Temp\cov-rsures8x\1401f10a89ad7234beb8d0dba6b0e1bf\cov-rsures8x\8e2e602669621d4d119d18208dcfdeaf\inline_keyword.c 
**** BEGIN FILE stdout: 

**** END FILE stdout ***
**** BEGIN FILE stderr: 

**** END FILE stderr ***
Test succeded
**** BEGIN PROBE add_appropriate_has_include_switch ****
**** BEGIN FILE source file: C:/Users/rsures8x/AppData/Local/Temp/cov-rsures8x/1401f10a89ad7234beb8d0dba6b0e1bf/cov-rsures8x/8e2e602669621d4d119d18208dcfdeaf/__has_include_pos.c
#ifdef __has_include
# if __has_include("whatever")
# endif
#else
#error
#endif


**** END FILE source file ***
pipe_command: c:\program files\dev-cpp\bin\gcc.exe -c C:\Users\rsures8x\AppData\Local\Temp\cov-rsures8x\1401f10a89ad7234beb8d0dba6b0e1bf\cov-rsures8x\8e2e602669621d4d119d18208dcfdeaf\__has_include_pos.c 
pipe_commands starting: c:\program files\dev-cpp\bin\gcc.exe -c C:\Users\rsures8x\AppData\Local\Temp\cov-rsures8x\1401f10a89ad7234beb8d0dba6b0e1bf\cov-rsures8x\8e2e602669621d4d119d18208dcfdeaf\__has_include_pos.c 
**** BEGIN FILE stdout: 

**** END FILE stdout ***
**** BEGIN FILE stderr: 
C:\Users\rsures8x\AppData\Local\Temp\cov-rsures8x\1401f10a89ad7234beb8d0dba6b0e1bf\cov-rsures8x\8e2e602669621d4d119d18208dcfdeaf\__has_include_pos.c:5:2: #error 

**** END FILE stderr ***
Test failed
**** BEGIN FILE source file: C:/Users/rsures8x/AppData/Local/Temp/cov-rsures8x/1401f10a89ad7234beb8d0dba6b0e1bf/cov-rsures8x/8e2e602669621d4d119d18208dcfdeaf/__has_include_neg.c
#ifdef __has_include
#error
#else
#define __has_include int foo(void)
__has_include;
#endif


**** END FILE source file ***
pipe_command: c:\program files\dev-cpp\bin\gcc.exe -c C:\Users\rsures8x\AppData\Local\Temp\cov-rsures8x\1401f10a89ad7234beb8d0dba6b0e1bf\cov-rsures8x\8e2e602669621d4d119d18208dcfdeaf\__has_include_neg.c 
pipe_commands starting: c:\program files\dev-cpp\bin\gcc.exe -c C:\Users\rsures8x\AppData\Local\Temp\cov-rsures8x\1401f10a89ad7234beb8d0dba6b0e1bf\cov-rsures8x\8e2e602669621d4d119d18208dcfdeaf\__has_include_neg.c 
**** BEGIN FILE stdout: 

**** END FILE stdout ***
**** BEGIN FILE stderr: 

**** END FILE stderr ***
Test succeded
**** END PROBE add_appropriate_has_include_switch ****
**** BEGIN PROBE add_appropriate_has_include_next_switch ****
**** BEGIN FILE source file: C:/Users/rsures8x/AppData/Local/Temp/cov-rsures8x/1401f10a89ad7234beb8d0dba6b0e1bf/cov-rsures8x/8e2e602669621d4d119d18208dcfdeaf/__has_include_next_pos.c
#ifdef __has_include_next
# if __has_include_next("whatever")
# endif
#else
#error
#endif


**** END FILE source file ***
pipe_command: c:\program files\dev-cpp\bin\gcc.exe -c C:\Users\rsures8x\AppData\Local\Temp\cov-rsures8x\1401f10a89ad7234beb8d0dba6b0e1bf\cov-rsures8x\8e2e602669621d4d119d18208dcfdeaf\__has_include_next_pos.c 
pipe_commands starting: c:\program files\dev-cpp\bin\gcc.exe -c C:\Users\rsures8x\AppData\Local\Temp\cov-rsures8x\1401f10a89ad7234beb8d0dba6b0e1bf\cov-rsures8x\8e2e602669621d4d119d18208dcfdeaf\__has_include_next_pos.c 
**** BEGIN FILE stdout: 

**** END FILE stdout ***
**** BEGIN FILE stderr: 
C:\Users\rsures8x\AppData\Local\Temp\cov-rsures8x\1401f10a89ad7234beb8d0dba6b0e1bf\cov-rsures8x\8e2e602669621d4d119d18208dcfdeaf\__has_include_next_pos.c:5:2: #error 

**** END FILE stderr ***
Test failed
**** BEGIN FILE source file: C:/Users/rsures8x/AppData/Local/Temp/cov-rsures8x/1401f10a89ad7234beb8d0dba6b0e1bf/cov-rsures8x/8e2e602669621d4d119d18208dcfdeaf/__has_include_next_neg.c
#ifdef __has_include_next
#error
#else
#define __has_include_next int foo(void)
__has_include_next;
#endif


**** END FILE source file ***
pipe_command: c:\program files\dev-cpp\bin\gcc.exe -c C:\Users\rsures8x\AppData\Local\Temp\cov-rsures8x\1401f10a89ad7234beb8d0dba6b0e1bf\cov-rsures8x\8e2e602669621d4d119d18208dcfdeaf\__has_include_next_neg.c 
pipe_commands starting: c:\program files\dev-cpp\bin\gcc.exe -c C:\Users\rsures8x\AppData\Local\Temp\cov-rsures8x\1401f10a89ad7234beb8d0dba6b0e1bf\cov-rsures8x\8e2e602669621d4d119d18208dcfdeaf\__has_include_next_neg.c 
**** BEGIN FILE stdout: 

**** END FILE stdout ***
**** BEGIN FILE stderr: 

**** END FILE stderr ***
Test succeded
**** END PROBE add_appropriate_has_include_next_switch ****
**** BEGIN PROBE add_appropriate_has_cpp_attribute_switch ****
**** BEGIN FILE source file: C:/Users/rsures8x/AppData/Local/Temp/cov-rsures8x/1401f10a89ad7234beb8d0dba6b0e1bf/cov-rsures8x/8e2e602669621d4d119d18208dcfdeaf/__has_cpp_attribute_pos.c
#ifdef __has_cpp_attribute
# if __has_cpp_attribute(whatever)
# endif
#else
#error
#endif


**** END FILE source file ***
pipe_command: c:\program files\dev-cpp\bin\gcc.exe -c C:\Users\rsures8x\AppData\Local\Temp\cov-rsures8x\1401f10a89ad7234beb8d0dba6b0e1bf\cov-rsures8x\8e2e602669621d4d119d18208dcfdeaf\__has_cpp_attribute_pos.c 
pipe_commands starting: c:\program files\dev-cpp\bin\gcc.exe -c C:\Users\rsures8x\AppData\Local\Temp\cov-rsures8x\1401f10a89ad7234beb8d0dba6b0e1bf\cov-rsures8x\8e2e602669621d4d119d18208dcfdeaf\__has_cpp_attribute_pos.c 
**** BEGIN FILE stdout: 

**** END FILE stdout ***
**** BEGIN FILE stderr: 
C:\Users\rsures8x\AppData\Local\Temp\cov-rsures8x\1401f10a89ad7234beb8d0dba6b0e1bf\cov-rsures8x\8e2e602669621d4d119d18208dcfdeaf\__has_cpp_attribute_pos.c:5:2: #error 

**** END FILE stderr ***
Test failed
**** BEGIN FILE source file: C:/Users/rsures8x/AppData/Local/Temp/cov-rsures8x/1401f10a89ad7234beb8d0dba6b0e1bf/cov-rsures8x/8e2e602669621d4d119d18208dcfdeaf/__has_cpp_attribute_neg.c
#ifdef __has_cpp_attribute
#error
#else
#define __has_cpp_attribute int foo(void)
__has_cpp_attribute;
#endif


**** END FILE source file ***
pipe_command: c:\program files\dev-cpp\bin\gcc.exe -c C:\Users\rsures8x\AppData\Local\Temp\cov-rsures8x\1401f10a89ad7234beb8d0dba6b0e1bf\cov-rsures8x\8e2e602669621d4d119d18208dcfdeaf\__has_cpp_attribute_neg.c 
pipe_commands starting: c:\program files\dev-cpp\bin\gcc.exe -c C:\Users\rsures8x\AppData\Local\Temp\cov-rsures8x\1401f10a89ad7234beb8d0dba6b0e1bf\cov-rsures8x\8e2e602669621d4d119d18208dcfdeaf\__has_cpp_attribute_neg.c 
**** BEGIN FILE stdout: 

**** END FILE stdout ***
**** BEGIN FILE stderr: 

**** END FILE stderr ***
Test succeded
**** END PROBE add_appropriate_has_cpp_attribute_switch ****
run_comp_tests: no defined custom tests
**** BEGIN PROBE get_standard_includes ****
Dryrun command: c:\program files\dev-cpp\bin\gcc.exe -E -v C:\Users\rsures8x\AppData\Local\Temp\cov-rsures8x\1401f10a89ad7234beb8d0dba6b0e1bf\cov-rsures8x\8e2e602669621d4d119d18208dcfdeaf\empty.c
**** BEGIN FILE source file: C:/Users/rsures8x/AppData/Local/Temp/cov-rsures8x/1401f10a89ad7234beb8d0dba6b0e1bf/cov-rsures8x/8e2e602669621d4d119d18208dcfdeaf/empty.c

**** END source file ***
pipe_command: c:\program files\dev-cpp\bin\gcc.exe -E -v C:\Users\rsures8x\AppData\Local\Temp\cov-rsures8x\1401f10a89ad7234beb8d0dba6b0e1bf\cov-rsures8x\8e2e602669621d4d119d18208dcfdeaf\empty.c 
pipe_commands starting: c:\program files\dev-cpp\bin\gcc.exe -E -v C:\Users\rsures8x\AppData\Local\Temp\cov-rsures8x\1401f10a89ad7234beb8d0dba6b0e1bf\cov-rsures8x\8e2e602669621d4d119d18208dcfdeaf\empty.c 
**** BEGIN FILE output: C:/Users/rsures8x/AppData/Local/Temp/cov-rsures8x/1401f10a89ad7234beb8d0dba6b0e1bf/cov-rsures8x/8e2e602669621d4d119d18208dcfdeaf/empty.output
Reading specs from c:/program files/dev-cpp/bin/../lib/gcc/mingw32/3.4.2/specs
Configured with: ../gcc/configure --with-gcc --with-gnu-ld --with-gnu-as --host=mingw32 --target=mingw32 --prefix=/mingw --enable-threads --disable-nls --enable-languages=c,c++,f77,ada,objc,java --disable-win32-registry --disable-shared --enable-sjlj-exceptions --enable-libgcj --disable-java-awt --without-x --enable-java-gc=boehm --disable-libgcj-debug --enable-interpreter --enable-hash-synchronization --enable-libstdcxx-debug
Thread model: win32
gcc version 3.4.2 (mingw-special)
 c:/program files/dev-cpp/bin/../libexec/gcc/mingw32/3.4.2/cc1.exe -E -quiet -v -iprefix c:\program files\dev-cpp\bin\../lib/gcc/mingw32/3.4.2/ C:\Users\rsures8x\AppData\Local\Temp\cov-rsures8x\1401f10a89ad7234beb8d0dba6b0e1bf\cov-rsures8x\8e2e602669621d4d119d18208dcfdeaf\empty.c
ignoring nonexistent directory "c:/program files/dev-cpp/bin/../lib/gcc/mingw32/3.4.2/../../../../mingw32/include"
ignoring nonexistent directory "/mingw/include"
ignoring nonexistent directory "/mingw/include"
ignoring nonexistent directory "/mingw/lib/gcc/mingw32/3.4.2/include"
ignoring nonexistent directory "/mingw/mingw32/include"
ignoring nonexistent directory "/mingw/include"
#include "..." search starts here:
#include <...> search starts here:
 c:/program files/dev-cpp/bin/../lib/gcc/mingw32/3.4.2/../../../../include
 c:/program files/dev-cpp/bin/../lib/gcc/mingw32/3.4.2/include
End of search list.

**** END FILE output ***
**** BEGIN FILE error: 
Reading specs from c:/program files/dev-cpp/bin/../lib/gcc/mingw32/3.4.2/specs
Configured with: ../gcc/configure --with-gcc --with-gnu-ld --with-gnu-as --host=mingw32 --target=mingw32 --prefix=/mingw --enable-threads --disable-nls --enable-languages=c,c++,f77,ada,objc,java --disable-win32-registry --disable-shared --enable-sjlj-exceptions --enable-libgcj --disable-java-awt --without-x --enable-java-gc=boehm --disable-libgcj-debug --enable-interpreter --enable-hash-synchronization --enable-libstdcxx-debug
Thread model: win32
gcc version 3.4.2 (mingw-special)
 c:/program files/dev-cpp/bin/../libexec/gcc/mingw32/3.4.2/cc1.exe -E -quiet -v -iprefix c:\program files\dev-cpp\bin\../lib/gcc/mingw32/3.4.2/ C:\Users\rsures8x\AppData\Local\Temp\cov-rsures8x\1401f10a89ad7234beb8d0dba6b0e1bf\cov-rsures8x\8e2e602669621d4d119d18208dcfdeaf\empty.c
ignoring nonexistent directory "c:/program files/dev-cpp/bin/../lib/gcc/mingw32/3.4.2/../../../../mingw32/include"
ignoring nonexistent directory "/mingw/include"
ignoring nonexistent directory "/mingw/include"
ignoring nonexistent directory "/mingw/lib/gcc/mingw32/3.4.2/include"
ignoring nonexistent directory "/mingw/mingw32/include"
ignoring nonexistent directory "/mingw/include"
#include "..." search starts here:
#include <...> search starts here:
 c:/program files/dev-cpp/bin/../lib/gcc/mingw32/3.4.2/../../../../include
 c:/program files/dev-cpp/bin/../lib/gcc/mingw32/3.4.2/include
End of search list.

**** END FILE error ***
Dryrun gcc found sys include path: c:/program files/dev-cpp/include
Dryrun gcc found sys include path: c:/program files/dev-cpp/lib/gcc/mingw32/3.4.2/include
Dryrun gcc headers found: 2
**** END PROBE get_standard_includes ****
compiler_prober_t::make_abs_preproc_command
 cmd: c:\program files\dev-cpp\bin\gcc.exe
c:\program files\dev-cpp\bin\gcc.exe -dM -E C:\Users\rsures8x\AppData\Local\Temp\cov-rsures8x\1401f10a89ad7234beb8d0dba6b0e1bf\cov-rsures8x\8e2e602669621d4d119d18208dcfdeaf\empty.c
**** BEGIN FILE source file: C:/Users/rsures8x/AppData/Local/Temp/cov-rsures8x/1401f10a89ad7234beb8d0dba6b0e1bf/cov-rsures8x/8e2e602669621d4d119d18208dcfdeaf/empty.c


**** END source file ***
pipe_command: c:\program files\dev-cpp\bin\gcc.exe -dM -E C:\Users\rsures8x\AppData\Local\Temp\cov-rsures8x\1401f10a89ad7234beb8d0dba6b0e1bf\cov-rsures8x\8e2e602669621d4d119d18208dcfdeaf\empty.c 
pipe_commands starting: c:\program files\dev-cpp\bin\gcc.exe -dM -E C:\Users\rsures8x\AppData\Local\Temp\cov-rsures8x\1401f10a89ad7234beb8d0dba6b0e1bf\cov-rsures8x\8e2e602669621d4d119d18208dcfdeaf\empty.c 
**** BEGIN FILE output: C:/Users/rsures8x/AppData/Local/Temp/cov-rsures8x/1401f10a89ad7234beb8d0dba6b0e1bf/cov-rsures8x/8e2e602669621d4d119d18208dcfdeaf/empty.output
#define __DBL_MIN_EXP__ (-1021)
#define __FLT_MIN__ 1.17549435e-38F
#define __CHAR_BIT__ 8
#define __WCHAR_MAX__ 65535U
#define __DBL_DENORM_MIN__ 4.9406564584124654e-324
#define __FLT_EVAL_METHOD__ 2
#define __DBL_MIN_10_EXP__ (-307)
#define __FINITE_MATH_ONLY__ 0
#define __GNUC_PATCHLEVEL__ 2
#define _stdcall __attribute__((__stdcall__))
#define __SHRT_MAX__ 32767
#define __LDBL_MAX__ 1.18973149535723176502e+4932L
#define __LDBL_MAX_EXP__ 16384
#define __SCHAR_MAX__ 127
#define __USER_LABEL_PREFIX__ _
#define __STDC_HOSTED__ 1
#define __WIN32 1
#define __LDBL_HAS_INFINITY__ 1
#define __DBL_DIG__ 15
#define __FLT_EPSILON__ 1.19209290e-7F
#define __tune_i686__ 1
#define __LDBL_MIN__ 3.36210314311209350626e-4932L
#define __DECIMAL_DIG__ 21
#define __LDBL_HAS_QUIET_NAN__ 1
#define __GNUC__ 3
#define _cdecl __attribute__((__cdecl__))
#define __DBL_MAX__ 1.7976931348623157e+308
#define __WINNT 1
#define __DBL_HAS_INFINITY__ 1
#define __WINNT__ 1
#define _fastcall __attribute__((__fastcall__))
#define __USING_SJLJ_EXCEPTIONS__ 1
#define __DBL_MAX_EXP__ 1024
#define __WIN32__ 1
#define __LONG_LONG_MAX__ 9223372036854775807LL
#define __GXX_ABI_VERSION 1002
#define __FLT_MIN_EXP__ (-125)
#define __DBL_MIN__ 2.2250738585072014e-308
#define __DBL_HAS_QUIET_NAN__ 1
#define __REGISTER_PREFIX__ 
#define __cdecl __attribute__((__cdecl__))
#define __NO_INLINE__ 1
#define __i386 1
#define __FLT_MANT_DIG__ 24
#define __VERSION__ "3.4.2 (mingw-special)"
#define _WIN32 1
#define _X86_ 1
#define i386 1
#define __i386__ 1
#define __SIZE_TYPE__ unsigned int
#define __FLT_RADIX__ 2
#define __LDBL_EPSILON__ 1.08420217248550443401e-19L
#define __MSVCRT__ 1
#define __FLT_HAS_QUIET_NAN__ 1
#define __FLT_MAX_10_EXP__ 38
#define __LONG_MAX__ 2147483647L
#define __FLT_HAS_INFINITY__ 1
#define __stdcall __attribute__((__stdcall__))
#define __LDBL_MANT_DIG__ 64
#define __WCHAR_TYPE__ short unsigned int
#define __FLT_DIG__ 6
#define __INT_MAX__ 2147483647
#define WIN32 1
#define __MINGW32__ 1
#define __FLT_MAX_EXP__ 128
#define __DBL_MANT_DIG__ 53
#define __WINT_TYPE__ short unsigned int
#define __LDBL_MIN_EXP__ (-16381)
#define __LDBL_MAX_10_EXP__ 4932
#define __DBL_EPSILON__ 2.2204460492503131e-16
#define __tune_pentiumpro__ 1
#define __fastcall __attribute__((__fastcall__))
#define WINNT 1
#define __FLT_DENORM_MIN__ 1.40129846e-45F
#define __FLT_MAX__ 3.40282347e+38F
#define __FLT_MIN_10_EXP__ (-37)
#define __GNUC_MINOR__ 4
#define __DBL_MAX_10_EXP__ 308
#define __LDBL_DENORM_MIN__ 3.64519953188247460253e-4951L
#define __PTRDIFF_TYPE__ int
#define __LDBL_MIN_10_EXP__ (-4931)
#define __LDBL_DIG__ 18
#define __declspec(x) __attribute__((x))

**** END FILE output ***
**** BEGIN FILE error: 

**** END FILE error ***
Skipping looking for macros in standard headers.  The header scan probe has been disabled by the no header scan option.
**** BEGIN PROBE get_macros ****
[STATUS] gcc-config-1: Retrieving values for macros
compiler_prober_t::make_abs_preproc_command
 cmd: c:\program files\dev-cpp\bin\gcc.exe
c:\program files\dev-cpp\bin\gcc.exe -E -U__BLOCKS__ -xc C:\Users\rsures8x\AppData\Local\Temp\cov-rsures8x\1401f10a89ad7234beb8d0dba6b0e1bf\cov-rsures8x\8e2e602669621d4d119d18208dcfdeaf\macros.c
**** BEGIN FILE source file: C:/Users/rsures8x/AppData/Local/Temp/cov-rsures8x/1401f10a89ad7234beb8d0dba6b0e1bf/cov-rsures8x/8e2e602669621d4d119d18208dcfdeaf/macros.c
#ifdef _REENTRANT
__coverity_macro _REENTRANT
#else
__the_symbol_is_not_defined__
#endif
#ifdef __CET__
__coverity_macro __CET__
#else
__the_symbol_is_not_defined__
#endif
#ifdef __CHAR_UNSIGNED__
__coverity_macro __CHAR_UNSIGNED__
#else
__the_symbol_is_not_defined__
#endif
#ifdef __DEPRECATED
__coverity_macro __DEPRECATED
#else
__the_symbol_is_not_defined__
#endif
#ifdef __EXCEPTIONS
__coverity_macro __EXCEPTIONS
#else
__the_symbol_is_not_defined__
#endif
#ifdef __FAST_MATH__
__coverity_macro __FAST_MATH__
#else
__the_symbol_is_not_defined__
#endif
#ifdef __FINITE_MATH_ONLY__
__coverity_macro __FINITE_MATH_ONLY__
#else
__the_symbol_is_not_defined__
#endif
#ifdef __FP_FAST_FMA
__coverity_macro __FP_FAST_FMA
#else
__the_symbol_is_not_defined__
#endif
#ifdef __FP_FAST_FMAF
__coverity_macro __FP_FAST_FMAF
#else
__the_symbol_is_not_defined__
#endif
#ifdef __FP_FAST_FMAF128
__coverity_macro __FP_FAST_FMAF128
#else
__the_symbol_is_not_defined__
#endif
#ifdef __FP_FAST_FMAF128X
__coverity_macro __FP_FAST_FMAF128X
#else
__the_symbol_is_not_defined__
#endif
#ifdef __FP_FAST_FMAF16
__coverity_macro __FP_FAST_FMAF16
#else
__the_symbol_is_not_defined__
#endif
#ifdef __FP_FAST_FMAF32
__coverity_macro __FP_FAST_FMAF32
#else
__the_symbol_is_not_defined__
#endif
#ifdef __FP_FAST_FMAF32X
__coverity_macro __FP_FAST_FMAF32X
#else
__the_symbol_is_not_defined__
#endif
#ifdef __FP_FAST_FMAF64
__coverity_macro __FP_FAST_FMAF64
#else
__the_symbol_is_not_defined__
#endif
#ifdef __FP_FAST_FMAF64X
__coverity_macro __FP_FAST_FMAF64X
#else
__the_symbol_is_not_defined__
#endif
#ifdef __FP_FAST_FMAL
__coverity_macro __FP_FAST_FMAL
#else
__the_symbol_is_not_defined__
#endif
#ifdef __GCC_HAVE_DWARF2_CFI_ASM
__coverity_macro __GCC_HAVE_DWARF2_CFI_ASM
#else
__the_symbol_is_not_defined__
#endif
#ifdef __GCC_HAVE_SYNC_COMPARE_AND_SWAP_16
__coverity_macro __GCC_HAVE_SYNC_COMPARE_AND_SWAP_16
#else
__the_symbol_is_not_defined__
#endif
#ifdef __GCC_IEC_559_COMPLEX
__coverity_macro __GCC_IEC_559_COMPLEX
#else
__the_symbol_is_not_defined__
#endif
#ifdef __GNUG__
__coverity_macro __GNUG__
#else
__the_symbol_is_not_defined__
#endif
#ifdef __GXX_RTTI
__coverity_macro __GXX_RTTI
#else
__the_symbol_is_not_defined__
#endif
#ifdef __GXX_WEAK__
__coverity_macro __GXX_WEAK__
#else
__the_symbol_is_not_defined__
#endif
#ifdef __INCLUDE_LEVEL__
__coverity_macro __INCLUDE_LEVEL__
#else
__the_symbol_is_not_defined__
#endif
#ifdef __NO_MATH_ERRNO__
__coverity_macro __NO_MATH_ERRNO__
#else
__the_symbol_is_not_defined__
#endif
#ifdef __PIC__
__coverity_macro __PIC__
#else
__the_symbol_is_not_defined__
#endif
#ifdef __PIE__
__coverity_macro __PIE__
#else
__the_symbol_is_not_defined__
#endif
#ifdef __PTRDIFF_TYPE__
__coverity_macro __PTRDIFF_TYPE__
#else
__the_symbol_is_not_defined__
#endif
#ifdef __REGISTER_PREFIX__
__coverity_macro __REGISTER_PREFIX__
#else
__the_symbol_is_not_defined__
#endif
#ifdef __SANITIZE_ADDRESS__
__coverity_macro __SANITIZE_ADDRESS__
#else
__the_symbol_is_not_defined__
#endif
#ifdef __SANITIZE_THREAD__
__coverity_macro __SANITIZE_THREAD__
#else
__the_symbol_is_not_defined__
#endif
#ifdef __SIZE_TYPE__
__coverity_macro __SIZE_TYPE__
#else
__the_symbol_is_not_defined__
#endif
#ifdef __SSP_ALL__
__coverity_macro __SSP_ALL__
#else
__the_symbol_is_not_defined__
#endif
#ifdef __SSP_EXPLICIT__
__coverity_macro __SSP_EXPLICIT__
#else
__the_symbol_is_not_defined__
#endif
#ifdef __SSP_STRONG__
__coverity_macro __SSP_STRONG__
#else
__the_symbol_is_not_defined__
#endif
#ifdef __SSP__
__coverity_macro __SSP__
#else
__the_symbol_is_not_defined__
#endif
#ifdef __STDCPP_DEFAULT_NEW_ALIGNMENT__
__coverity_macro __STDCPP_DEFAULT_NEW_ALIGNMENT__
#else
__the_symbol_is_not_defined__
#endif
#ifdef __STDC_IEC_559_COMPLEX__
__coverity_macro __STDC_IEC_559_COMPLEX__
#else
__the_symbol_is_not_defined__
#endif
#ifdef __STDC_IEC_559__
__coverity_macro __STDC_IEC_559__
#else
__the_symbol_is_not_defined__
#endif
#ifdef __STDC_VERSION__
__coverity_macro __STDC_VERSION__
#else
__the_symbol_is_not_defined__
#endif
#ifdef __STDC__
__coverity_macro __STDC__
#else
__the_symbol_is_not_define

 <truncated>

ariables
__coverity_macro __cpp_inline_variables
#else
__the_symbol_is_not_defined__
#endif
#ifdef __cpp_lambdas
__coverity_macro __cpp_lambdas
#else
__the_symbol_is_not_defined__
#endif
#ifdef __cpp_modules
__coverity_macro __cpp_modules
#else
__the_symbol_is_not_defined__
#endif
#ifdef __cpp_namespace_attributes
__coverity_macro __cpp_namespace_attributes
#else
__the_symbol_is_not_defined__
#endif
#ifdef __cpp_nested_namespace_definitions
__coverity_macro __cpp_nested_namespace_definitions
#else
__the_symbol_is_not_defined__
#endif
#ifdef __cpp_noexcept_function_type
__coverity_macro __cpp_noexcept_function_type
#else
__the_symbol_is_not_defined__
#endif
#ifdef __cpp_nontype_template_args
__coverity_macro __cpp_nontype_template_args
#else
__the_symbol_is_not_defined__
#endif
#ifdef __cpp_nontype_template_parameter_auto
__coverity_macro __cpp_nontype_template_parameter_auto
#else
__the_symbol_is_not_defined__
#endif
#ifdef __cpp_nontype_template_parameter_class
__coverity_macro __cpp_nontype_template_parameter_class
#else
__the_symbol_is_not_defined__
#endif
#ifdef __cpp_nsdmi
__coverity_macro __cpp_nsdmi
#else
__the_symbol_is_not_defined__
#endif
#ifdef __cpp_range_based_for
__coverity_macro __cpp_range_based_for
#else
__the_symbol_is_not_defined__
#endif
#ifdef __cpp_raw_strings
__coverity_macro __cpp_raw_strings
#else
__the_symbol_is_not_defined__
#endif
#ifdef __cpp_ref_qualifiers
__coverity_macro __cpp_ref_qualifiers
#else
__the_symbol_is_not_defined__
#endif
#ifdef __cpp_return_type_deduction
__coverity_macro __cpp_return_type_deduction
#else
__the_symbol_is_not_defined__
#endif
#ifdef __cpp_rtti
__coverity_macro __cpp_rtti
#else
__the_symbol_is_not_defined__
#endif
#ifdef __cpp_runtime_arrays
__coverity_macro __cpp_runtime_arrays
#else
__the_symbol_is_not_defined__
#endif
#ifdef __cpp_rvalue_reference
__coverity_macro __cpp_rvalue_reference
#else
__the_symbol_is_not_defined__
#endif
#ifdef __cpp_rvalue_references
__coverity_macro __cpp_rvalue_references
#else
__the_symbol_is_not_defined__
#endif
#ifdef __cpp_size_t_suffix
__coverity_macro __cpp_size_t_suffix
#else
__the_symbol_is_not_defined__
#endif
#ifdef __cpp_sized_deallocation
__coverity_macro __cpp_sized_deallocation
#else
__the_symbol_is_not_defined__
#endif
#ifdef __cpp_static_assert
__coverity_macro __cpp_static_assert
#else
__the_symbol_is_not_defined__
#endif
#ifdef __cpp_structured_bindings
__coverity_macro __cpp_structured_bindings
#else
__the_symbol_is_not_defined__
#endif
#ifdef __cpp_template_template_args
__coverity_macro __cpp_template_template_args
#else
__the_symbol_is_not_defined__
#endif
#ifdef __cpp_threadsafe_static_init
__coverity_macro __cpp_threadsafe_static_init
#else
__the_symbol_is_not_defined__
#endif
#ifdef __cpp_transactional_memory
__coverity_macro __cpp_transactional_memory
#else
__the_symbol_is_not_defined__
#endif
#ifdef __cpp_unicode_characters
__coverity_macro __cpp_unicode_characters
#else
__the_symbol_is_not_defined__
#endif
#ifdef __cpp_unicode_literals
__coverity_macro __cpp_unicode_literals
#else
__the_symbol_is_not_defined__
#endif
#ifdef __cpp_user_defined_literals
__coverity_macro __cpp_user_defined_literals
#else
__the_symbol_is_not_defined__
#endif
#ifdef __cpp_using_enum
__coverity_macro __cpp_using_enum
#else
__the_symbol_is_not_defined__
#endif
#ifdef __cpp_variable_templates
__coverity_macro __cpp_variable_templates
#else
__the_symbol_is_not_defined__
#endif
#ifdef __cpp_variadic_templates
__coverity_macro __cpp_variadic_templates
#else
__the_symbol_is_not_defined__
#endif
#ifdef __cpp_variadic_using
__coverity_macro __cpp_variadic_using
#else
__the_symbol_is_not_defined__
#endif
#ifdef __pic__
__coverity_macro __pic__
#else
__the_symbol_is_not_defined__
#endif
#ifdef __pie__
__coverity_macro __pie__
#else
__the_symbol_is_not_defined__
#endif
#ifdef __private_extern__
__coverity_macro __private_extern__
#else
__the_symbol_is_not_defined__
#endif
#ifdef __unix__
__coverity_macro __unix__
#else
__the_symbol_is_not_defined__
#endif
#ifdef __vax__
__coverity_macro __vax__
#else
__the_symbol_is_not_defined__
#endif

**** END source file ***
pipe_command: c:\program files\dev-cpp\bin\gcc.exe -E -U__BLOCKS__ -xc C:\Users\rsures8x\AppData\Local\Temp\cov-rsures8x\1401f10a89ad7234beb8d0dba6b0e1bf\cov-rsures8x\8e2e602669621d4d119d18208dcfdeaf\macros.c 
pipe_commands starting: c:\program files\dev-cpp\bin\gcc.exe -E -U__BLOCKS__ -xc C:\Users\rsures8x\AppData\Local\Temp\cov-rsures8x\1401f10a89ad7234beb8d0dba6b0e1bf\cov-rsures8x\8e2e602669621d4d119d18208dcfdeaf\macros.c 
**** BEGIN FILE output: C:/Users/rsures8x/AppData/Local/Temp/cov-rsures8x/1401f10a89ad7234beb8d0dba6b0e1bf/cov-rsures8x/8e2e602669621d4d119d18208dcfdeaf/pp_out
# 1 "C:\\Users\\rsures8x\\AppData\\Local\\Temp\\cov-rsures8x\\1401f10a89ad7234beb8d0dba6b0e1bf\\cov-rsures8x\\8e2e602669621d4d119d18208dcfdeaf\\macros.c"
# 1 "<built-in>"
# 1 "<command line>"
# 1 "C:\\Users\\rsures8x\\AppData\\Local\\Temp\\cov-rsures8x\\1401f10a89ad7234beb8d0dba6b0e1bf\\cov-rsures8x\\8e2e602669621d4d119d18208dcfdeaf\\macros.c"



__the_symbol_is_not_defined__




__the_symbol_is_not_defined__




__the_symbol_is_not_defined__




__the_symbol_is_not_defined__




__the_symbol_is_not_defined__




__the_symbol_is_not_defined__


__coverity_macro 0






__the_symbol_is_not_defined__




__the_symbol_is_not_defined__




__the_symbol_is_not_defined__




__the_symbol_is_not_defined__




__the_symbol_is_not_defined__




__the_symbol_is_not_defined__




__the_symbol_is_not_defined__




__the_symbol_is_not_defined__




__the_symbol_is_not_defined__




__the_symbol_is_not_defined__




__the_symbol_is_not_defined__




__the_symbol_is_not_defined__




__the_symbol_is_not_defined__




__the_symbol_is_not_defined__




__the_symbol_is_not_defined__




__the_symbol_is_not_defined__


__coverity_macro 0






__the_symbol_is_not_defined__




__the_symbol_is_not_defined__




__the_symbol_is_not_defined__


__coverity_macro int




__coverity_macro






__the_symbol_is_not_defined__




__the_symbol_is_not_defined__


__coverity_macro unsigned int






__the_symbol_is_not_defined__




__the_symbol_is_not_defined__




__the_symbol_is_not_defined__




__the_symbol_is_not_defined__




__the_symbol_is_not_defined__




__the_symbol_is_not_defined__




__the_symbol_is_not_defined__




__the_symbol_is_not_defined__


__coverity_macro 1






__the_symbol_is_not_defined__




__the_symbol_is_not_defined__


__coverity_macro _




__coverity_macro "3.4.2 (mingw-special)"






__the_symbol_is_not_defined__




__the_symbol_is_not_defined__




__the_symbol_is_not_defined__




__the_symbol_is_not_defined__




__the_symbol_is_not_defined__




__the_symbol_is_not_defined__




__the_symbol_is_not_defined__




__the_symbol_is_not_defined__




__the_symbol_is_not_defined__




__the_symbol_is_not_defined__




__the_symbol_is_not_defined__




__the_symbol_is_not_defined__




__the_symbol_is_not_defined__




__the_symbol_is_not_defined__




__the_symbol_is_not_defined__




__the_symbol_is_not_defined__




__the_symbol_is_not_defined__




__the_symbol_is_not_defined__




__the_symbol_is_not_defined__




__the_symbol_is_not_defined__




__the_symbol_is_not_defined__




__the_symbol_is_not_defined__




__the_symbol_is_not_defined__




__the_symbol_is_not_defined__




__the_symbol_is_not_defined__




__the_symbol_is_not_defined__




__the_symbol_is_not_defined__




__the_symbol_is_not_defined__




__the_symbol_is_not_defined__




__the_symbol_is_not_defined__




__the_symbol_is_not_defined__




__the_symbol_is_not_defined__




__the_symbol_is_not_defined__




__the_symbol_is_not_defined__




__the_symbol_is_not_defined__




__the_symbol_is_not_defined__




__the_symbol_is_not_defined__




__the_symbol_is_not_defined__




__the_symbol_is_not_defined__




__the_symbol_is_not_defined__




__the_symbol_is_not_defined__




__the_symbol_is_not_defined__




__the_symbol_is_not_defined__




__the_symbol_is_not_defined__




__the_symbol_is_not_defined__




__the_symbol_is_not_defined__




__the_symbol_is_not_defined__




__the_symbol_is_not_defined__




__the_symbol_is_not_defined__




__the_symbol_is_not_defined__




__the_symbol_is_not_defined__




__the_symbol_is_not_defined__




__the_symbol_is_not_defined__




__the_symbol_is_not_defined__




__the_symbol_is_not_defined__




__the_symbol_is_not_defined__




__the_symbol_is_not_defined__




__the_symbol_is_not_defined__




__the_symbol_is_not_defined__




__the_symbol_is_not_defined__




__the_symbol_is_not_defined__




__the_symbol_is_not_defined__




__the_symbol_is_not_defined__




__the_symbol_is_not_defined__




__the_symbol_is_not_defined__




__the_symbol_is_not_defined__




__the_symbol_is_not_defined__




__the_symbol_is_not_defined__




__the_symbol_is_not_defined__




__the_symbol_is_not_defined__




__the_symbol_is_not_defined__




__the_symbol_is_not_defined__




__the_symbol_is_not_defined__




__the_symbol_is_not_defined__




__the_symbol_is_not_defined__




__the_symbol_is_not_defined__




__the_symbol_is_not_defined__




__the_symbol_is_not_defined__

**** END FILE output ***
**** BEGIN FILE error: 

**** END FILE error ***
**** END PROBE get_macros ****
Failed to find header C:/Program Files/Coverity/Coverity Static Analysis/config/templates/gnu/cc.h
[STATUS] gcc-config-1: Running config probes
**** BEGIN PROBE run_linker_config_probe ****
Running command "c:\program files\dev-cpp\bin\gcc.exe -print-search-dirs".
pipe_command: c:\program files\dev-cpp\bin\gcc.exe -print-search-dirs 
pipe_commands starting: c:\program files\dev-cpp\bin\gcc.exe -print-search-dirs 
**** BEGIN OUTPUT run_linker_config_probe ****
install: /mingw/lib/gcc/mingw32/3.4.2/
programs: =c:/program files/dev-cpp/bin/../libexec/gcc/mingw32/3.4.2/;c:/program files/dev-cpp/bin/../libexec/gcc/;/mingw/libexec/gcc/mingw32/3.4.2/;/mingw/libexec/gcc/mingw32/3.4.2/;/mingw/libexec/gcc/mingw32/;/mingw/lib/gcc/mingw32/3.4.2/;/mingw/lib/gcc/mingw32/;/usr/libexec/gcc/mingw32/3.4.2/;/usr/libexec/gcc/mingw32/;/usr/lib/gcc/mingw32/3.4.2/;/usr/lib/gcc/mingw32/;c:/program files/dev-cpp/bin/../lib/gcc/mingw32/3.4.2/../../../../mingw32/bin/mingw32/3.4.2/;c:/program files/dev-cpp/bin/../lib/gcc/mingw32/3.4.2/../../../../mingw32/bin/;/mingw/mingw32/bin/mingw32/3.4.2/;/mingw/mingw32/bin/
libraries: =c:/program files/dev-cpp/bin/../lib/gcc/mingw32/3.4.2/;c:/program files/dev-cpp/bin/../lib/gcc/;/mingw/lib/gcc/mingw32/3.4.2/;/usr/lib/gcc/mingw32/3.4.2/;c:/program files/dev-cpp/bin/../lib/gcc/mingw32/3.4.2/../../../../mingw32/lib/mingw32/3.4.2/;c:/program files/dev-cpp/bin/../lib/gcc/mingw32/3.4.2/../../../../mingw32/lib/;/mingw/mingw32/lib/mingw32/3.4.2/;/mingw/mingw32/lib/;/mingw/lib/mingw32/3.4.2/;/mingw/lib/;c:/program files/dev-cpp/bin/../lib/gcc/mingw32/3.4.2/../../../mingw32/3.4.2/;c:/program files/dev-cpp/bin/../lib/gcc/mingw32/3.4.2/../../../;/mingw/lib/mingw32/3.4.2/;/mingw/lib/;/lib/mingw32/3.4.2/;/lib/;/usr/lib/mingw32/3.4.2/;/usr/lib/
**** END OUTPUT run_linker_config_probe ****
**** Found library search path 'c:/program files/dev-cpp/bin/../lib/gcc/mingw32/3.4.2/'.
**** Found library search path 'c:/program files/dev-cpp/bin/../lib/gcc/'.
**** Found library search path '/mingw/lib/gcc/mingw32/3.4.2/'.
**** Found library search path '/usr/lib/gcc/mingw32/3.4.2/'.
**** Found library search path 'c:/program files/dev-cpp/bin/../lib/gcc/mingw32/3.4.2/../../../../mingw32/lib/mingw32/3.4.2/'.
**** Found library search path 'c:/program files/dev-cpp/bin/../lib/gcc/mingw32/3.4.2/../../../../mingw32/lib/'.
**** Found library search path '/mingw/mingw32/lib/mingw32/3.4.2/'.
**** Found library search path '/mingw/mingw32/lib/'.
**** Found library search path '/mingw/lib/mingw32/3.4.2/'.
**** Found library search path '/mingw/lib/'.
**** Found library search path 'c:/program files/dev-cpp/bin/../lib/gcc/mingw32/3.4.2/../../../mingw32/3.4.2/'.
**** Found library search path 'c:/program files/dev-cpp/bin/../lib/gcc/mingw32/3.4.2/../../../'.
**** Found library search path '/mingw/lib/mingw32/3.4.2/'.
**** Found library search path '/mingw/lib/'.
**** Found library search path '/lib/mingw32/3.4.2/'.
**** Found library search path '/lib/'.
**** Found library search path '/usr/lib/mingw32/3.4.2/'.
**** Found library search path '/usr/lib/'.
**** END PROBE run_linker_config_probe ****
**** BEGIN PROBE run_linker_config_probe ****
**** BEGIN FILE source file: C:/Users/rsures8x/AppData/Local/Temp/cov-rsures8x/1401f10a89ad7234beb8d0dba6b0e1bf/cov-rsures8x/8e2e602669621d4d119d18208dcfdeaf/test.c
int main() {}
**** END FILE source file ***
Running command "c:\program files\dev-cpp\bin\gcc.exe -Wl,--trace test.c".
pipe_command: c:\program files\dev-cpp\bin\gcc.exe -Wl,--trace test.c 
pipe_commands starting: c:\program files\dev-cpp\bin\gcc.exe -Wl,--trace test.c 
Failed command "c:\program files\dev-cpp\bin\gcc.exe -Wl,--trace test.c" : code 1.
**** BEGIN OUTPUT run_linker_config_probe ****
**** END OUTPUT run_linker_config_probe ****
**** END PROBE run_linker_config_probe ****
